
Lmod is automatically replacing "intel/2016.4" with "gcc/7.3.0".

-------------------------------------------------------------------------------
The following dependent module(s) are not currently loaded: gcccore/.5.4.0 (required by: icc/.2016.4.258, ifort/.2016.4.258)
-------------------------------------------------------------------------------

Due to MODULEPATH changes, the following have been reloaded:
  1) openmpi/2.1.1

The following have been reloaded with a version change:
  1) gcccore/.5.4.0 => gcccore/.7.3.0


The following have been reloaded with a version change:
  1) imkl/11.3.4.258 => imkl/2018.3.222

Fatal error: you must specify '--save', '--no-save' or '--vanilla'
── Attaching packages ─────────────────────────────────────── tidyverse 1.3.0 ──
✔ ggplot2 3.2.1     ✔ purrr   0.3.3
✔ tibble  2.1.3     ✔ dplyr   0.8.4
✔ tidyr   1.0.2     ✔ stringr 1.4.0
✔ readr   1.3.1     ✔ forcats 0.4.0
── Conflicts ────────────────────────────────────────── tidyverse_conflicts() ──
✖ dplyr::filter() masks stats::filter()
✖ dplyr::lag()    masks stats::lag()
Loading required package: permute
Loading required package: lattice
This is vegan 2.5-6
[1] "Building phyloseq object"

Partition of squared Bray distance in dbRDA 

Call: varpart(Y = vegdist(comm_08_KL), X = ~., scores(pcnm_08_KL), data
= meta_08_KL)

Explanatory tables:
X1:  ~.
X2:  scores(pcnm_08_KL) 

No. of explanatory tables: 2 
Total variation (SS): 62.836 
No. of observations: 189 

Partition table:
                      Df R.squared Adj.R.squared Testable
[a+b] = X1            64   0.36183       0.03246     TRUE
[b+c] = X2            44   0.24291       0.01157     TRUE
[a+b+c] = X1+X2      108   0.58656       0.02841     TRUE
Individual fractions                                     
[a] = X1|X2           64                 0.01684     TRUE
[b]                    0                 0.01562    FALSE
[c] = X2|X1           44                -0.00405     TRUE
[d] = Residuals                          0.97159    FALSE
---
Use function ‘dbrda’ to test significance of fractions of interest
Warning messages:
1: collinearity detected in X1: mm = 67, m = 64 
2: collinearity detected in cbind(X1,X2): mm = 111, m = 108 
