[1] "Set up (working directory, theme, and packages)"
── Attaching packages ─────────────────────────────────────── tidyverse 1.3.0 ──
✔ ggplot2 3.2.1     ✔ purrr   0.3.3
✔ tibble  2.1.3     ✔ dplyr   0.8.4
✔ tidyr   1.0.2     ✔ stringr 1.4.0
✔ readr   1.3.1     ✔ forcats 0.4.0
── Conflicts ────────────────────────────────────────── tidyverse_conflicts() ──
✖ dplyr::filter() masks stats::filter()
✖ dplyr::lag()    masks stats::lag()
Loading required package: permute
Loading required package: lattice
This is vegan 2.5-6
[1] "Initiate functions for analysis"
[1] "Read in the Data"
[1] "Building phyloseq object"
[1] "Read in the metadata"
[1] "Starting initial data preparation"
[1] "Access and plot XY data"
null device 
          1 
[1] "Computing Euclidean Distances"
[1] "Maximum Euclidean Distance"
[1] 25.6125
[1] "Finding core microbiome"
[1] "Accessing full OTU table as a community object"
[1] "Transforming the OTU counts to relative abundance"
[1] "Calculating 95% threshold"
[1] 863.55
[1] "Accessing the number of non-zero occurrences of each OTU"
[1] "Calculating average relative abundance"
[1] "Extract the OTUs that occur in >95% of samples"
[1] "Find OTUs that occur in >95% of samples and have an average relative abundance >0.1%"
Joining, by = "OTU"
[1] "How many OTUs meet these criteria?"
[1] 14
[1] "Subset the OTU table to find core OTUs"
[1] "Build the core community object (OTU table) for grid/year"
[1] "Extract metadata for grid/year"
[1] "Removing pobjects that are no longer needed"
[1] "Unweighted PCNM"
                               PCNM1        PCNM2        PCNM3       PCNM4
P3011.10727.F.1.JO.2008 -0.050781213  0.116748391  0.307527826  0.33528528
P2930.10080.F.4.JO.2008  0.320948189  0.087358911  0.012709193 -0.34887440
P2884.13663.F.4.JO.2008  0.241861442  0.226095533 -0.125437394  0.01986591
P1859.8399.F.1.JO.2008  -0.065699085  0.285771223 -0.213580879  0.23130538
P1762.10223.F.3.JO.2008 -0.330743857  0.093869652  0.105563572  0.02671987
P1751.10165.F.3.JO.2008  0.079162953 -0.414628028 -0.096336332  0.12862489
P1748.8659.F.2.JO.2008  -0.239771859  0.060561165 -0.277063284 -0.08828262
P1746.8746.F.3.JO.2008  -0.324408375  0.043634027 -0.001767266 -0.18683376
P1745.10226.F.3.JO.2008  0.114401608 -0.390618668 -0.023372282  0.13166661
P1744.13684.F.2.JO.2008  0.205341699  0.231694223  0.046743409  0.36763966
P1727.13688.F.1.JO.2008 -0.165828059 -0.016369504  0.402569686 -0.07592633
P1712.10417.F.1.JO.2008  0.114623902 -0.391995977 -0.023736778  0.13228497
P1633.8598.F.1.JO.2008  -0.156267533 -0.040002044  0.331576503 -0.17292465
P1605.10127.F.3.JO.2008 -0.212931806 -0.105291688 -0.319730057 -0.01553651
P1604.10165.F.3.JO.2008  0.079162953 -0.414628028 -0.096336332  0.12862489
P1551.13688.F.1.JO.2008 -0.165828059 -0.016369504  0.402569686 -0.07592633
P1544.10636.F.3.JO.2008  0.227083018 -0.005559572  0.057092123 -0.36980874
P1509.13663.F.4.JO.2008  0.275748515  0.203889133 -0.055616991  0.04047765
P1497.10156.F.3.JO.2008 -0.240375017  0.060537361 -0.276829444 -0.08871290
P1496.8659.F.2.JO.2008  -0.198959986  0.106319682 -0.305427243 -0.08173447
P1430.8444.F.4.JO.2008   0.005736927  0.123667282  0.124068218  0.37991242
P1234.10636.F.3.JO.2008  0.173217076 -0.046164236  0.066619671 -0.34896470
P1223.13663.F.4.JO.2008  0.314306567  0.201480668 -0.041805605 -0.06888209
                              PCNM5       PCNM6       PCNM7        PCNM8
P3011.10727.F.1.JO.2008  0.26266611  0.02768954 -0.23961280  0.398029415
P2930.10080.F.4.JO.2008  0.04939725  0.06975862 -0.22297268 -0.072312500
P2884.13663.F.4.JO.2008 -0.33997027  0.36040909 -0.29574039  0.000224511
P1859.8399.F.1.JO.2008   0.02180342 -0.06977871  0.10300084  0.032139297
P1762.10223.F.3.JO.2008  0.11274394  0.03913998 -0.03096703 -0.086196130
P1751.10165.F.3.JO.2008 -0.04363037 -0.20599213 -0.20533449 -0.046621643
P1748.8659.F.2.JO.2008   0.08843831  0.02642565  0.20951617  0.095093297
P1746.8746.F.3.JO.2008  -0.18641698 -0.07820091  0.16905719 -0.062020213
P1745.10226.F.3.JO.2008 -0.06445791  0.28954853  0.28714195  0.095244564
P1744.13684.F.2.JO.2008 -0.01143070 -0.09221013  0.09972569 -0.098464889
P1727.13688.F.1.JO.2008 -0.15940770 -0.01769944 -0.12224660  0.222026585
P1712.10417.F.1.JO.2008 -0.06478074  0.28557232  0.28224910  0.093749972
P1633.8598.F.1.JO.2008  -0.27631610 -0.04986660  0.21407801 -0.516956660
P1605.10127.F.3.JO.2008  0.04930654 -0.43970274 -0.35645898 -0.077776695
P1604.10165.F.3.JO.2008 -0.04363037 -0.20599213 -0.20533449 -0.046621643
P1551.13688.F.1.JO.2008 -0.15940770 -0.01769944 -0.12224660  0.222026585
P1544.10636.F.3.JO.2008  0.36565924 -0.18201687  0.23066421  0.236982459
P1509.13663.F.4.JO.2008 -0.31301409 -0.12950210 -0.02629582 -0.173512949
P1497.10156.F.3.JO.2008  0.08821476  0.02536568  0.21018609  0.093131866
P1496.8659.F.2.JO.2008  -0.06122473  0.43527942 -0.19800601  0.095699502
P1430.8444.F.4.JO.2008   0.40347511  0.06667187  0.10044667 -0.418212851
P1234.10636.F.3.JO.2008  0.43217070  0.19802571 -0.17250849 -0.249827021
P1223.13663.F.4.JO.2008 -0.15018771 -0.33522517  0.29165847  0.264175140
                              PCNM9        PCNM10        PCNM11        PCNM12
P3011.10727.F.1.JO.2008  0.12657732 -0.0240151023 -1.398993e-06  1.739702e-05
P2930.10080.F.4.JO.2008  0.23193369  0.3825042464  6.212650e-05 -7.629246e-04
P2884.13663.F.4.JO.2008 -0.27360308 -0.0095622001  1.043582e-04 -7.061118e-04
P1859.8399.F.1.JO.2008   0.04327016 -0.0428663743 -1.867504e-04  9.394850e-04
P1762.10223.F.3.JO.2008 -0.02840196  0.4654826029  1.343035e-06  4.091156e-07
P1751.10165.F.3.JO.2008 -0.07184632 -0.0002304651  1.196331e-04  3.522141e-04
P1748.8659.F.2.JO.2008   0.24352668 -0.0059579309 -2.956244e-03  7.088249e-01
P1746.8746.F.3.JO.2008   0.01701975 -0.2895925021 -9.009327e-05 -5.344876e-03
P1745.10226.F.3.JO.2008  0.08393375  0.0451781933  7.069475e-01 -6.798617e-04
P1744.13684.F.2.JO.2008 -0.07342373 -0.4921491523  8.196081e-05 -1.054449e-03
P1727.13688.F.1.JO.2008  0.06160801 -0.0495274373 -1.017240e-06 -1.425348e-06
P1712.10417.F.1.JO.2008  0.08113527  0.0451656409 -7.072299e-01 -8.804798e-04
P1633.8598.F.1.JO.2008  -0.22101322  0.0019693704  5.316594e-05  4.386466e-03
P1605.10127.F.3.JO.2008 -0.07030988 -0.0157865674  5.879087e-03  5.997898e-06
P1604.10165.F.3.JO.2008 -0.07184632 -0.0002304651  1.196331e-04  3.522141e-04
P1551.13688.F.1.JO.2008  0.06160801 -0.0495274373 -1.017240e-06 -1.425348e-06
P1544.10636.F.3.JO.2008 -0.34793336  0.0119796178  9.250393e-07  7.684774e-06
P1509.13663.F.4.JO.2008  0.52473398  0.0950603200 -1.069216e-04  7.166071e-04
P1497.10156.F.3.JO.2008  0.24381040 -0.0037030696 -2.768914e-03 -7.053466e-01
P1496.8659.F.2.JO.2008  -0.36026166 -0.0246469086  7.619856e-06 -2.628537e-06
P1430.8444.F.4.JO.2008  -0.14577762  0.2593966954  6.325889e-05 -7.191113e-04
P1234.10636.F.3.JO.2008  0.18935992 -0.4472874549 -1.007711e-04 -1.100285e-04
P1223.13663.F.4.JO.2008 -0.24409978  0.1483463803  2.327674e-06  6.554034e-06
[1] "Plotting first three PCNM axes with ordisurf"

Family: gaussian 
Link function: identity 

Formula:
y ~ s(x1, x2, k = 10, bs = "tp", fx = FALSE)

Estimated degrees of freedom:
8.24  total = 9.24 

REML score: -31.31098     

Family: gaussian 
Link function: identity 

Formula:
y ~ s(x1, x2, k = 10, bs = "tp", fx = FALSE)

Estimated degrees of freedom:
8.26  total = 9.26 

REML score: -26.67443     

Family: gaussian 
Link function: identity 

Formula:
y ~ s(x1, x2, k = 10, bs = "tp", fx = FALSE)

Estimated degrees of freedom:
8.36  total = 9.36 

REML score: -21.90747     
null device 
          1 
[1] "Weighted PCNM"
                              PCNM1       PCNM2      PCNM3       PCNM4
P3011.10727.F.1.JO.2008 -0.96603238  1.35656464  0.6828230 -0.19068744
P2930.10080.F.4.JO.2008  1.54436468  0.38950070 -1.3595096 -0.02884826
P2884.13663.F.4.JO.2008  1.58651690  0.46047243 -0.2852527  0.97587796
P1859.8399.F.1.JO.2008   0.34733033  0.22576721  1.8418156  1.34871016
P1762.10223.F.3.JO.2008 -1.42767838 -0.43112632  0.5059682  0.78137208
P1751.10165.F.3.JO.2008  0.38756534 -0.79279034  0.3654104 -2.40502606
P1748.8659.F.2.JO.2008   0.01320868 -1.38830620  1.0744260  0.76199301
P1746.8746.F.3.JO.2008  -0.80362589 -1.47607048 -0.3710964  1.04550099
P1745.10226.F.3.JO.2008  0.35342480 -0.30802247 -0.1486810 -2.25752050
P1744.13684.F.2.JO.2008  0.52957093  1.61834536  0.8250734  0.32957621
P1727.13688.F.1.JO.2008 -1.48813368  0.23585484 -1.1990323  0.18343759
P1712.10417.F.1.JO.2008  0.35494652 -0.31041420 -0.1479642 -2.27344087
P1633.8598.F.1.JO.2008  -0.98119881 -0.50194031 -1.7263168  0.34711200
P1605.10127.F.3.JO.2008  0.11102317 -1.60115317  1.2070500 -0.26228012
P1604.10165.F.3.JO.2008  0.38756534 -0.79279034  0.3654104 -2.40502606
P1551.13688.F.1.JO.2008 -1.48813368  0.23585484 -1.1990323  0.18343759
P1544.10636.F.3.JO.2008  0.77063663  0.12865685 -1.1162732 -0.76811441
P1509.13663.F.4.JO.2008  1.49396279  0.65742595 -0.5089475  0.61649871
P1497.10156.F.3.JO.2008  0.01120944 -1.39076524  1.0738152  0.76393943
P1496.8659.F.2.JO.2008   0.58828335 -1.21149655  0.9229178  1.35145892
P1430.8444.F.4.JO.2008  -0.50441072  1.28218649  1.2301307 -0.28423542
P1234.10636.F.3.JO.2008  0.66037299  0.08024804 -1.0438511 -0.82251706
P1223.13663.F.4.JO.2008  1.57207585  0.66875684 -0.6858150  0.47832055
                              PCNM5      PCNM6      PCNM7      PCNM8
P3011.10727.F.1.JO.2008 -0.26744676  0.8866644 -0.2091886  0.1648013
P2930.10080.F.4.JO.2008 -1.38381382  0.6207760 -0.3201796 -0.6567857
P2884.13663.F.4.JO.2008  1.02768618  0.6962840  0.6173819 -0.6470427
P1859.8399.F.1.JO.2008   0.15070419 -0.7070383 -0.4668443  0.9731333
P1762.10223.F.3.JO.2008 -0.59877393 -0.2069162  0.6411248 -1.1034748
P1751.10165.F.3.JO.2008  0.97199447  0.2094212 -0.8464635 -0.9638127
P1748.8659.F.2.JO.2008  -0.94875986 -0.2288069  0.3059654  2.1148841
P1746.8746.F.3.JO.2008   0.08838922 -0.5356308 -0.2484483  0.7493592
P1745.10226.F.3.JO.2008  1.17086515 -0.0134321  2.3078615  2.1209037
P1744.13684.F.2.JO.2008  0.97423106 -1.3559325 -0.5327958  0.3955433
P1727.13688.F.1.JO.2008  0.38400367  1.4996377 -0.5439608  0.3678322
P1712.10417.F.1.JO.2008  1.18278686 -0.0106363  2.3298377  2.1477866
P1633.8598.F.1.JO.2008   0.76654218 -1.5522230  0.3123821 -0.6746110
P1605.10127.F.3.JO.2008 -0.27521530  0.1161432 -1.4075623 -0.8868632
P1604.10165.F.3.JO.2008  0.97199447  0.2094212 -0.8464635 -0.9638127
P1551.13688.F.1.JO.2008  0.38400367  1.4996377 -0.5439608  0.3678322
P1544.10636.F.3.JO.2008 -2.77410610 -0.5755955 -0.3727490  1.2659743
P1509.13663.F.4.JO.2008  0.98981471 -0.7441821 -1.9526793  0.7517656
P1497.10156.F.3.JO.2008 -0.94966990 -0.2340738  0.3018520  2.1130133
P1496.8659.F.2.JO.2008   0.06062901  1.4171836  2.0743224 -0.7385097
P1430.8444.F.4.JO.2008  -0.58555154 -2.1497741  1.1004096 -1.2050878
P1234.10636.F.3.JO.2008 -2.80550567 -0.0812130  0.8402611 -0.6673525
P1223.13663.F.4.JO.2008  0.20040111 -1.1195793 -2.2519454  2.3319575
                               PCNM9      PCNM10        PCNM11        PCNM12
P3011.10727.F.1.JO.2008 -0.001728403  0.02188801 -2.277051e-06 -2.093123e-05
P2930.10080.F.4.JO.2008 -1.724940686 -0.80149398  1.547554e-04  2.241866e-03
P2884.13663.F.4.JO.2008  0.341029041 -0.08150098 -6.990119e-05  8.689888e-04
P1859.8399.F.1.JO.2008  -0.067817232  0.21472000 -1.393096e-02 -4.394074e-03
P1762.10223.F.3.JO.2008 -1.558569340 -2.24048102 -1.958014e-04 -1.678675e-05
P1751.10165.F.3.JO.2008  0.271357964 -0.06486516 -1.676807e-04 -1.827438e-03
P1748.8659.F.2.JO.2008  -1.142148250  0.34507171  1.358921e-02 -3.053713e+00
P1746.8746.F.3.JO.2008   0.429818151  0.88669781 -6.445143e-03  1.518318e-02
P1745.10226.F.3.JO.2008 -0.656670915 -0.23684100  6.887307e+00  7.373042e-03
P1744.13684.F.2.JO.2008  1.529857773  1.81380076 -3.792541e-04  3.238776e-03
P1727.13688.F.1.JO.2008  0.094379154  0.12477449 -1.600680e-05  5.319778e-06
P1712.10417.F.1.JO.2008 -0.670991381 -0.25090454 -3.166185e+00  4.444964e-03
P1633.8598.F.1.JO.2008   0.168031114 -0.03675721 -4.431438e-05 -7.795273e-03
P1605.10127.F.3.JO.2008  0.174303108  0.03056567 -3.688634e-03 -1.189476e-05
P1604.10165.F.3.JO.2008  0.271357964 -0.06486516 -1.676807e-04 -1.827438e-03
P1551.13688.F.1.JO.2008  0.094379154  0.12477449 -1.600680e-05  5.319777e-06
P1544.10636.F.3.JO.2008  2.643454870 -1.84307097 -1.905949e-04 -3.293910e-05
P1509.13663.F.4.JO.2008 -3.194723192  0.94543714 -2.021190e-04 -3.068288e-03
P1497.10156.F.3.JO.2008 -1.151039950  0.33977443  1.072561e-02  7.003123e+00
P1496.8659.F.2.JO.2008   1.155208001 -0.33605494  1.049433e-04  6.770398e-06
P1430.8444.F.4.JO.2008  -0.509898126 -0.74966748  1.515371e-04  2.049725e-03
P1234.10636.F.3.JO.2008  0.248216711  2.98245384 -9.684272e-03  6.555461e-04
P1223.13663.F.4.JO.2008  1.901370817 -3.24244391  2.931830e-04 -5.217888e-05
[1] "CCA with weighted PCNM"

Call:
cca(formula = comm_obj ~ scores(Wpcnm) + Age, data = meta_sub) 

Partitioning of scaled Chi-square:
              Inertia Proportion
Total          0.6511     1.0000
Constrained    0.3700     0.5683
Unconstrained  0.2810     0.4317

Eigenvalues, and their contribution to the scaled Chi-square 

Importance of components:
                        CCA1    CCA2    CCA3    CCA4    CCA5     CCA6     CCA7
Eigenvalue            0.1943 0.08467 0.03909 0.01640 0.01481 0.009509 0.004096
Proportion Explained  0.2985 0.13005 0.06004 0.02519 0.02276 0.014606 0.006291
Cumulative Proportion 0.2985 0.42856 0.48859 0.51379 0.53654 0.551149 0.557440
                          CCA8     CCA9    CCA10     CCA11     CCA12    CA1
Eigenvalue            0.002539 0.002083 0.001424 0.0009309 0.0001251 0.1155
Proportion Explained  0.003900 0.003199 0.002188 0.0014298 0.0001922 0.1775
Cumulative Proportion 0.561340 0.564539 0.566726 0.5681562 0.5683484 0.7458
                          CA2     CA3     CA4      CA5      CA6      CA7
Eigenvalue            0.09793 0.03125 0.02339 0.005789 0.003867 0.001930
Proportion Explained  0.15043 0.04800 0.03593 0.008892 0.005939 0.002964
Cumulative Proportion 0.89625 0.94425 0.98018 0.989069 0.995008 0.997973
                            CA8       CA9
Eigenvalue            0.0008898 0.0004302
Proportion Explained  0.0013666 0.0006608
Cumulative Proportion 0.9993392 1.0000000

Accumulated constrained eigenvalues
Importance of components:
                        CCA1    CCA2    CCA3    CCA4    CCA5     CCA6     CCA7
Eigenvalue            0.1943 0.08467 0.03909 0.01640 0.01481 0.009509 0.004096
Proportion Explained  0.5252 0.22882 0.10563 0.04433 0.04004 0.025699 0.011069
Cumulative Proportion 0.5252 0.75404 0.85967 0.90400 0.94404 0.969738 0.980807
                          CCA8     CCA9    CCA10     CCA11     CCA12
Eigenvalue            0.002539 0.002083 0.001424 0.0009309 0.0001251
Proportion Explained  0.006862 0.005629 0.003849 0.0025157 0.0003381
Cumulative Proportion 0.987668 0.993297 0.997146 0.9996619 1.0000000

Scaling 2 for species and site scores
* Species are scaled proportional to eigenvalues
* Sites are unscaled: weighted dispersion equal on all dimensions


Species scores

                                             CCA1     CCA2     CCA3       CCA4
7043c33d20fcae3fe26d9ce4b0c125e265e1abd0  0.23523  0.40654 -0.15223 -0.1927550
196c5cfa4dc50b44d41aa0758e281103c5bdd5e2 -0.40190 -0.15032 -0.04391 -0.0009166
e99e61ca834a7c493182e0315e383ee41547dbd0  0.62403 -0.31044  0.17070 -0.2166352
8e4cf2b1369f3463868939e2f33b57232bea618d  0.24862 -0.07850  0.03472 -0.2560473
b212ce219f884c266dda7a85b0a4fa6e797e0c54  0.18698  0.05054  0.48202  0.0973772
e6aa12974247b6ec7fae3e25aeffa1d7bd744ec2  0.51956 -0.26173  0.49530 -0.0411302
0d02df0bfe003e6a1c79cb70ea485a0d5572ce2d  0.13344  0.09906  0.16068  0.0710539
6263d2de888216e2ccb06dadb2eedafe1853eaeb  0.77466 -0.28368 -0.23954  0.1098755
ed431e1f7f124b162542909fd06aabe258956802  1.47267 -0.67526 -0.28254  0.1164251
d8f5b3d86a4953eb85a9db29ae3a8f1c088aeb3c  0.16577 -0.05181  0.11661 -0.1451193
2657f398b7d9c27f3ca37479ca5030a17190cc42  0.14496 -0.09159  0.24294  0.0989308
b6ffefa097567d8148f17ad0e06154f1647669ee  0.20826 -0.06025 -0.26669  0.1458935
c2a100a45b06564caab49637e5c2a042f0de5bfd  0.07579  0.60890 -0.04179  0.2289697
4f2c2b2652b4915634ce618875b7b0fd2fdebcd4  0.48868 -0.07449  0.53377 -0.3936520
                                             CCA5     CCA6
7043c33d20fcae3fe26d9ce4b0c125e265e1abd0  0.04528  0.01975
196c5cfa4dc50b44d41aa0758e281103c5bdd5e2 -0.01281  0.01585
e99e61ca834a7c493182e0315e383ee41547dbd0 -0.28470  0.01781
8e4cf2b1369f3463868939e2f33b57232bea618d -0.08352 -0.38643
b212ce219f884c266dda7a85b0a4fa6e797e0c54  0.01143 -0.08580
e6aa12974247b6ec7fae3e25aeffa1d7bd744ec2 -0.21227  0.17253
0d02df0bfe003e6a1c79cb70ea485a0d5572ce2d  0.34335  0.05981
6263d2de888216e2ccb06dadb2eedafe1853eaeb  0.07424 -0.11656
ed431e1f7f124b162542909fd06aabe258956802 -0.06030  0.22569
d8f5b3d86a4953eb85a9db29ae3a8f1c088aeb3c -0.11047 -0.07297
2657f398b7d9c27f3ca37479ca5030a17190cc42  0.05392 -0.19453
b6ffefa097567d8148f17ad0e06154f1647669ee -0.04001 -0.44672
c2a100a45b06564caab49637e5c2a042f0de5bfd -0.17720  0.03982
4f2c2b2652b4915634ce618875b7b0fd2fdebcd4 -0.11069  0.01255


Site scores (weighted averages of species scores)

                            CCA1     CCA2    CCA3    CCA4      CCA5     CCA6
P3011.10727.F.1.JO.2008 -1.13841 -1.06807  0.3256 -0.3423 -0.675193  1.63487
P1223.13663.F.4.JO.2008 -0.34630  0.41269  0.2197  1.0689  0.595902 -0.17330
P2884.13663.F.4.JO.2008 -0.73185 -0.17238 -1.2252 -0.7252  1.184369 -0.02652
P1496.8659.F.2.JO.2008  -0.33062 -0.57298  0.1943  0.2763  2.269598 -0.14998
P1497.10156.F.3.JO.2008  0.81469  1.15387  1.0372 -0.2437  5.128879 -0.08744
P1430.8444.F.4.JO.2008   0.37949  0.75981 -1.7036  0.6234  0.161015  0.90027
P2930.10080.F.4.JO.2008 -0.14676  0.17817  1.3822 -0.6609 -1.183684 -0.23411
P1234.10636.F.3.JO.2008  3.65883 -3.54464 -2.3571  2.2549 -0.336377  1.37972
P1746.8746.F.3.JO.2008   1.49289  0.94948  1.3600 -2.7991 -1.938367 -4.33471
P1551.13688.F.1.JO.2008  1.15493  2.61323 -0.7130 -0.1970 -0.471429 -1.31945
P1633.8598.F.1.JO.2008   1.07098  0.88819  2.4498 -1.5130  0.245468 -1.95745
P1509.13663.F.4.JO.2008  0.95522  1.34831  1.4864  3.1655  2.204559 -1.68401
P1748.8659.F.2.JO.2008  -1.19310 -0.93552 -0.3858  0.6290 -0.768106 -0.44493
P1604.10165.F.3.JO.2008 -1.21816 -0.93493 -0.3841  0.2602 -0.151884  0.88391
P1751.10165.F.3.JO.2008  0.27595  0.06562  2.6137 -1.7622 -2.804517  0.01532
P1859.8399.F.1.JO.2008  -0.09286  0.10200  0.7373 -0.9595 -1.433600  0.15455
P1605.10127.F.3.JO.2008  0.73542 -0.07796  0.2887 -0.8698  0.156437 -2.73245
P1727.13688.F.1.JO.2008  0.68432  3.87978 -1.0529  3.8337 -4.076979  0.26049
P1744.13684.F.2.JO.2008  1.50900  0.09962  5.4995 -0.6648  0.240567  1.28147
P1712.10417.F.1.JO.2008 -0.59049 -0.95358 -0.7293  2.0442 -1.283679 -2.72720
P1745.10226.F.3.JO.2008 -0.23874  1.23157 -1.0977 -1.0233  0.282072  0.39627
P1544.10636.F.3.JO.2008  0.87941  1.56506  0.5755 -2.5370  3.777161  1.28285
P1762.10223.F.3.JO.2008  1.06515  2.17269 -0.4271 -2.2614  0.005174 -0.43774


Site constraints (linear combinations of constraining variables)

                            CCA1     CCA2     CCA3    CCA4    CCA5     CCA6
P3011.10727.F.1.JO.2008 -0.90761  0.02360  0.88840 -0.8286 -0.2427  0.73341
P1223.13663.F.4.JO.2008 -1.05563  1.43174  0.57296  0.1776  0.9116 -0.01392
P2884.13663.F.4.JO.2008 -0.03968  0.33893 -1.50335  0.1899  0.3815 -0.70087
P1496.8659.F.2.JO.2008  -1.57086  0.12192  0.37637  1.0411 -0.9328 -0.26228
P1497.10156.F.3.JO.2008 -0.60921 -0.90968  0.18989  0.3165  1.3042  0.60425
P1430.8444.F.4.JO.2008  -0.24748  0.39109  0.02159 -0.1926 -0.9286  0.29955
P2930.10080.F.4.JO.2008  0.82180 -0.28787  0.01524  1.1853 -0.3102 -0.52936
P1234.10636.F.3.JO.2008  2.72400 -1.42600 -0.91852  0.3714 -0.1145  0.56776
P1746.8746.F.3.JO.2008   1.44986  1.04404  1.81137 -3.3236 -2.8878 -4.13698
P1551.13688.F.1.JO.2008  0.25188  1.02514 -1.47519 -0.5353 -0.9932  0.26402
P1633.8598.F.1.JO.2008   0.43371 -1.05957  0.63974 -0.3570 -0.7921  0.51391
P1509.13663.F.4.JO.2008  0.92316  1.43530  1.92841  2.6479  1.2714 -1.48265
P1748.8659.F.2.JO.2008  -0.72885 -0.54074 -0.38776  0.8563 -0.4388 -0.94069
P1604.10165.F.3.JO.2008 -0.41649 -0.95829 -0.22642  0.2550 -0.5387  1.04279
P1751.10165.F.3.JO.2008 -0.24748  0.39109  0.02159 -0.1926 -0.9286  0.29955
P1859.8399.F.1.JO.2008   0.43371 -1.05957  0.63974 -0.3570 -0.7921  0.51391
P1605.10127.F.3.JO.2008  0.73717 -0.02165  0.58117 -2.1929  1.3706 -1.63279
P1727.13688.F.1.JO.2008  0.47021  2.72934 -0.25045  1.9244 -1.7094  1.37635
P1744.13684.F.2.JO.2008  2.49174 -0.38245  4.11453  1.2084  1.1201  0.98590
P1712.10417.F.1.JO.2008 -1.34863 -2.02316 -0.23995  0.4649  1.2455 -1.65393
P1745.10226.F.3.JO.2008  0.23541  1.09592 -1.14161 -0.8814  1.7823  0.82450
P1544.10636.F.3.JO.2008  0.84501  0.52463  0.18637 -1.2690  1.9147  0.81042
P1762.10223.F.3.JO.2008  1.14775  1.02709 -0.70753 -0.6636 -1.0875 -1.68152


Biplot scores for constraining variables

                         CCA1      CCA2     CCA3      CCA4     CCA5     CCA6
scores(Wpcnm)PCNM1   0.001358  0.532152 -0.29140  0.115062  0.13318 -0.31227
scores(Wpcnm)PCNM2  -0.269794  0.556519 -0.04654 -0.411478  0.03967  0.14759
scores(Wpcnm)PCNM3  -0.163776 -0.046446  0.00607 -0.023192  0.01003  0.28462
scores(Wpcnm)PCNM4  -0.026363 -0.359524 -0.38589  0.242831  0.08214  0.02684
scores(Wpcnm)PCNM5  -0.046516  0.038589 -0.26401  0.387595 -0.57226 -0.21657
scores(Wpcnm)PCNM6  -0.222810 -0.307864  0.34661 -0.112511 -0.05799  0.05183
scores(Wpcnm)PCNM7   0.008548 -0.055243  0.08630  0.053020  0.57292 -0.53380
scores(Wpcnm)PCNM8   0.526233  0.140916  0.45365  0.124593 -0.25710 -0.30865
scores(Wpcnm)PCNM9   0.057733 -0.391943 -0.28469 -0.430793  0.00815 -0.31011
scores(Wpcnm)PCNM10  0.237700  0.034193 -0.09120  0.041097 -0.13707  0.32906
scores(Wpcnm)PCNM11  0.053346 -0.037673 -0.00947 -0.592810 -0.41381 -0.26642
scores(Wpcnm)PCNM12  0.168349 -0.009544  0.40656  0.001048  0.14278  0.15106
Age                  0.266310  0.375125 -0.44508 -0.080965  0.27577  0.03539

[1] "Multiscale ordination"
null device 
          1 
[1] "Variance partitioning"
Error in `contrasts<-`(`*tmp*`, value = contr.funs[1 + isOF[nn]]) : 
  contrasts can be applied only to factors with 2 or more levels
Calls: varpart ... model.matrix -> model.matrix.default -> contrasts<-
Execution halted
