
Lmod is automatically replacing "intel/2016.4" with "gcc/7.3.0".

-------------------------------------------------------------------------------
The following dependent module(s) are not currently loaded: gcccore/.5.4.0 (required by: icc/.2016.4.258, ifort/.2016.4.258)
-------------------------------------------------------------------------------

Due to MODULEPATH changes, the following have been reloaded:
  1) openmpi/2.1.1

The following have been reloaded with a version change:
  1) gcccore/.5.4.0 => gcccore/.7.3.0     2) imkl/11.3.4.258 => imkl/2018.3.222

Loading required package: permute
Loading required package: lattice
This is vegan 2.5-6

Attaching package: ‘lubridate’

The following object is masked from ‘package:base’:

    date

Loading required package: ggplot2
── Attaching packages ─────────────────────────────────────── tidyverse 1.3.0 ──
✔ tibble  3.0.1     ✔ dplyr   0.8.4
✔ tidyr   1.0.2     ✔ stringr 1.4.0
✔ readr   1.3.1     ✔ forcats 0.4.0
✔ purrr   0.3.3     
── Conflicts ────────────────────────────────────────── tidyverse_conflicts() ──
✖ lubridate::as.difftime() masks base::as.difftime()
✖ lubridate::date()        masks base::date()
✖ dplyr::filter()          masks stats::filter()
✖ lubridate::intersect()   masks base::intersect()
✖ dplyr::lag()             masks stats::lag()
✖ lubridate::setdiff()     masks base::setdiff()
✖ lubridate::union()       masks base::union()
[1] "Calculating 95% threshold"
[1] 863.55
Joining, by = "OTU"
[1] 14
null device 
          1 
`geom_smooth()` using formula 'y ~ x'
Warning messages:
1: Removed 24 rows containing non-finite values (stat_smooth). 
2: Removed 24 rows containing missing values (geom_point). 
null device 
          1 
pdf 
  2 
