[1] "Set up (working directory, theme, and packages)"
── Attaching packages ─────────────────────────────────────── tidyverse 1.3.0 ──
✔ ggplot2 3.2.1     ✔ purrr   0.3.3
✔ tibble  2.1.3     ✔ dplyr   0.8.4
✔ tidyr   1.0.2     ✔ stringr 1.4.0
✔ readr   1.3.1     ✔ forcats 0.4.0
── Conflicts ────────────────────────────────────────── tidyverse_conflicts() ──
✖ dplyr::filter() masks stats::filter()
✖ dplyr::lag()    masks stats::lag()
Loading required package: permute
Loading required package: lattice
This is vegan 2.5-6
[1] "Initiate functions for analysis"
[1] "Read in the Data"
[1] "Building phyloseq object"
[1] "Read in the metadata"
[1] "Starting initial data preparation"
[1] "Access and plot XY data"
null device 
          1 
[1] "Computing Euclidean Distances"
[1] "Maximum Euclidean Distance"
[1] 20.70024
[1] "Finding core microbiome"
[1] "Accessing full OTU table as a community object"
[1] "Transforming the OTU counts to relative abundance"
[1] "Calculating 95% threshold"
[1] 863.55
[1] "Accessing the number of non-zero occurrences of each OTU"
[1] "Calculating average relative abundance"
[1] "Extract the OTUs that occur in >95% of samples"
[1] "Find OTUs that occur in >95% of samples and have an average relative abundance >0.1%"
Joining, by = "OTU"
[1] "How many OTUs meet these criteria?"
[1] 14
[1] "Subset the OTU table to find core OTUs"
[1] "Build the core community object (OTU table) for grid/year"
[1] "Extract metadata for grid/year"
[1] "Removing pobjects that are no longer needed"
[1] "Unweighted PCNM"
                               PCNM1       PCNM2        PCNM3        PCNM4
P3137.8636.F.4.CH.2008   0.226589730 -0.13290914  0.005861240  0.031467927
P3096.10086.F.4.CH.2008 -0.184310053 -0.04112183 -0.065467103  0.275771918
P3026.10228.F.4.CH.2008  0.008538207  0.23590710  0.245729057 -0.011491418
P1877.8657.F.4.CH.2008   0.225334812 -0.13215622  0.007966310  0.024690976
P1873.10239.F.2.CH.2008 -0.174698156 -0.13408388  0.066890257 -0.190507380
P1813.8636.F.4.CH.2008   0.133342469 -0.21740025  0.070323073 -0.157340103
P1801.8407.F.4.CH.2008   0.183463262 -0.08384444 -0.045082233  0.153705890
P1749.8095.F.3.CH.2008   0.166251230 -0.07092390 -0.051110634  0.167078384
P1555.8701.F.1.CH.2008   0.043724874 -0.21711686  0.093962451 -0.216203705
P1549.10065.F.4.CH.2008 -0.226516754 -0.10704205 -0.012374862  0.116474162
P1548.8407.F.4.CH.2008   0.187806962 -0.10732099 -0.027798297  0.109015035
P1536.10239.F.2.CH.2008 -0.174698156 -0.13408388  0.066890257 -0.190507380
P1532.10713.F.4.CH.2008  0.005399306  0.18139676 -0.352566057 -0.181670167
P1478.10082.F.4.CH.2008 -0.202588158 -0.13986986  0.040261648 -0.069451998
P1475.10086.F.4.CH.2008 -0.151791614 -0.01175927 -0.085624808  0.331380865
P1453.10228.F.4.CH.2008  0.008538207  0.23590710  0.245729057 -0.011491418
P1447.10228.F.4.CH.2008  0.008525316  0.23540368  0.245434207 -0.011203689
P1445.10082.F.4.CH.2008 -0.189870617 -0.13871419  0.055537581 -0.136039958
P1442.8505.F.3.CH.2008   0.003089324  0.08566371 -0.039466997  0.076923462
P1431.10061.F.4.CH.2008 -0.217482045 -0.09260303  0.008323363  0.014675614
P1420.10262.F.2.CH.2008  0.150201038 -0.08555574  0.044825531 -0.119549555
P1419.10693.F.3.CH.2008  0.003767873  0.11777430 -0.250291170 -0.088083349
P1414.10061.F.4.CH.2008 -0.217482045 -0.09260303  0.008323363  0.014675614
P1410.10239.F.2.CH.2008 -0.174698156 -0.13408388  0.066890257 -0.190507380
P1407.8636.F.4.CH.2008   0.226589730 -0.13290914  0.005861240  0.031467927
P1388.10262.F.2.CH.2008  0.150201038 -0.08555574  0.044825531 -0.119549555
P1372.10264.F.2.CH.2008  0.004419092  0.13295762  0.089942007  0.072754703
P1361.10125.F.3.CH.2008 -0.078991065  0.03238646 -0.097076826  0.334805924
P1346.10280.F.1.CH.2008  0.009451169  0.28118698 -0.035497106 -0.159246640
P1337.8238.F.1.CH.2008   0.170272750 -0.09397367 -0.034081424  0.122973126
P1321.8259.F.4.CH.2008   0.004147048  0.12319894  0.024011725  0.103062095
P1274.8636.F.4.CH.2008   0.226589730 -0.13290914  0.005861240  0.031467927
P1165.10687.F.1.CH.2008  0.008819738  0.24801579  0.260387413  0.005833291
P1151.8505.F.3.CH.2008   0.003089324  0.08566371 -0.039466997  0.076923462
P1144.8095.F.3.CH.2008   0.166251230 -0.07092390 -0.051110634  0.167078384
P1094.10713.F.4.CH.2008  0.003760105  0.11744984 -0.249212196 -0.087456907
P1093.8588.F.3.CH.2008   0.004780183  0.15731353 -0.262776235 -0.146802300
P1060.8657.F.4.CH.2008   0.183321987 -0.10751547  0.032134073 -0.066686414
P1026.10713.F.4.CH.2008  0.005399306  0.18139676 -0.352566057 -0.181670167
P1025.13676.F.1.CH.2008 -0.228124291 -0.10871103 -0.010387660  0.109778723
P1002.10262.F.2.CH.2008  0.151823286 -0.06211645  0.090812576 -0.127024495
P0985.10264.F.2.CH.2008  0.008297584  0.22973856  0.266891896  0.058342869
P0984.13677.F.1.CH.2008 -0.217482045 -0.09260303  0.008323363  0.014675614
P0956.10125.F.3.CH.2008 -0.078991065  0.03238646 -0.097076826  0.334805924
P0939.10082.F.4.CH.2008 -0.189870617 -0.13871419  0.055537581 -0.136039958
P0744.8588.F.3.CH.2008   0.004756871  0.15635507 -0.259956258 -0.145050472
P0640.10228.F.4.CH.2008  0.021052061  0.22902184  0.261454082 -0.036255409
                               PCNM5        PCNM6         PCNM7        PCNM8
P3137.8636.F.4.CH.2008   0.022022070  0.038664581  0.0035955027  0.057405880
P3096.10086.F.4.CH.2008  0.123145686  0.113579295  0.0058966971  0.163436959
P3026.10228.F.4.CH.2008 -0.046456683  0.141401574 -0.0181915734  0.016084938
P1877.8657.F.4.CH.2008   0.038271116  0.036920412  0.0035074980  0.063519580
P1873.10239.F.2.CH.2008 -0.109166886 -0.048578274 -0.0017180524 -0.108596510
P1813.8636.F.4.CH.2008  -0.082994465 -0.006791284  0.0034173030 -0.107282716
P1801.8407.F.4.CH.2008  -0.247018969  0.041232299 -0.0003161268  0.089372060
P1749.8095.F.3.CH.2008  -0.298492443  0.038503280 -0.0021173506  0.047731360
P1555.8701.F.1.CH.2008   0.124481857 -0.002280400  0.0121185189 -0.391701857
P1549.10065.F.4.CH.2008  0.076449659  0.075730191  0.0088668375 -0.191070110
P1548.8407.F.4.CH.2008  -0.217039179  0.040762677  0.0047650744 -0.101528799
P1536.10239.F.2.CH.2008 -0.109166886 -0.048578274 -0.0017180524 -0.108596510
P1532.10713.F.4.CH.2008 -0.011823723  0.046758894 -0.0738368275 -0.013021870
P1478.10082.F.4.CH.2008 -0.044810912  0.012318165  0.0030232276  0.052414686
P1475.10086.F.4.CH.2008  0.161238496  0.123807512  0.0053933260  0.185082224
P1453.10228.F.4.CH.2008 -0.046456683  0.141401574 -0.0181915734  0.016084938
P1447.10228.F.4.CH.2008 -0.046245785  0.140811971 -0.0190893687  0.016347585
P1445.10082.F.4.CH.2008 -0.081239952 -0.019505077  0.0007983803 -0.035985412
P1442.8505.F.3.CH.2008   0.024248807 -0.421058936  0.2113504374  0.074083670
P1431.10061.F.4.CH.2008 -0.052174670  0.017430177 -0.0035684171  0.323781540
P1420.10262.F.2.CH.2008  0.339038305 -0.014680980  0.0018633259  0.096429897
P1419.10693.F.3.CH.2008  0.007331831 -0.060586270 -0.5039736499  0.020946765
P1414.10061.F.4.CH.2008 -0.052174670  0.017430177 -0.0035684171  0.323781540
P1410.10239.F.2.CH.2008 -0.109166886 -0.048578274 -0.0017180524 -0.108596510
P1407.8636.F.4.CH.2008   0.022022070  0.038664581  0.0035955027  0.057405880
P1388.10262.F.2.CH.2008  0.339038305 -0.014680980  0.0018633259  0.096429897
P1372.10264.F.2.CH.2008 -0.008154567 -0.294804895 -0.1222011857 -0.134017037
P1361.10125.F.3.CH.2008  0.205980243  0.105846899  0.0083980383 -0.317753651
P1346.10280.F.1.CH.2008 -0.051014056  0.242003973  0.2901320549  0.001961017
P1337.8238.F.1.CH.2008  -0.269798996  0.037972970  0.0029187712 -0.143699736
P1321.8259.F.4.CH.2008   0.014997978 -0.533333425  0.0964452197 -0.027357048
P1274.8636.F.4.CH.2008   0.022022070  0.038664581  0.0035955027  0.057405880
P1165.10687.F.1.CH.2008 -0.047897683  0.054389391 -0.0769854001 -0.056087145
P1151.8505.F.3.CH.2008   0.024248807 -0.421058936  0.2113504374  0.074083670
P1144.8095.F.3.CH.2008  -0.298492443  0.038503280 -0.0021173506  0.047731360
P1094.10713.F.4.CH.2008  0.007377607 -0.060792469 -0.5034558473  0.021055097
P1093.8588.F.3.CH.2008  -0.015478485  0.080114860  0.3543670084 -0.034314287
P1060.8657.F.4.CH.2008   0.233187867  0.007420362  0.0039750544  0.087794298
P1026.10713.F.4.CH.2008 -0.011823723  0.046758894 -0.0738368275 -0.013021870
P1025.13676.F.1.CH.2008  0.070987495  0.073405745  0.0085007781 -0.173983021
P1002.10262.F.2.CH.2008  0.345841571  0.022252805 -0.0070469276  0.132918665
P0985.10264.F.2.CH.2008 -0.032640147 -0.146833279 -0.1547375123 -0.072368796
P0984.13677.F.1.CH.2008 -0.052174670  0.017430177 -0.0035684171  0.323781540
P0956.10125.F.3.CH.2008  0.205980243  0.105846899  0.0083980383 -0.317753651
P0939.10082.F.4.CH.2008 -0.081239952 -0.019505077  0.0007983803 -0.035985412
P0744.8588.F.3.CH.2008  -0.015313402  0.079329351  0.3552297109 -0.034037261
P0640.10228.F.4.CH.2008  0.030544834  0.146289282 -0.0222070220  0.079688279
                               PCNM9       PCNM10       PCNM11       PCNM12
P3137.8636.F.4.CH.2008  -0.023414200  0.033928356 -0.052204485 -0.073601025
P3096.10086.F.4.CH.2008 -0.052423000  0.048419265  0.554895966 -0.155216000
P3026.10228.F.4.CH.2008  0.153393669 -0.073049779  0.017054880 -0.026754946
P1877.8657.F.4.CH.2008  -0.025521314  0.037089271 -0.049144309 -0.058721869
P1873.10239.F.2.CH.2008  0.033230892  0.005934444 -0.205958338  0.174956459
P1813.8636.F.4.CH.2008   0.023213075  0.157223143  0.249080580  0.343201913
P1801.8407.F.4.CH.2008  -0.019882125 -0.300452546  0.066210054  0.353291795
P1749.8095.F.3.CH.2008   0.008974417  0.262769047 -0.028715720  0.106238982
P1555.8701.F.1.CH.2008   0.061983642 -0.112055531 -0.041588244 -0.433100175
P1549.10065.F.4.CH.2008  0.032459933 -0.036232556 -0.130713442 -0.033567043
P1548.8407.F.4.CH.2008   0.011639618 -0.416251754  0.024714491 -0.176343517
P1536.10239.F.2.CH.2008  0.033230892  0.005934444 -0.205958338  0.174956459
P1532.10713.F.4.CH.2008 -0.030687852 -0.002556034  0.008747494 -0.024149600
P1478.10082.F.4.CH.2008 -0.021467900  0.008388019  0.116244367 -0.149495575
P1475.10086.F.4.CH.2008 -0.057155147 -0.046309627 -0.260304043 -0.109278011
P1453.10228.F.4.CH.2008  0.153393669 -0.073049779  0.017054880 -0.026754946
P1447.10228.F.4.CH.2008  0.154041754 -0.072274723  0.016752353 -0.026067404
P1445.10082.F.4.CH.2008  0.007678454  0.052249870  0.387654805 -0.014020115
P1442.8505.F.3.CH.2008   0.359413516 -0.029928918  0.012456263 -0.024581498
P1431.10061.F.4.CH.2008 -0.072295778 -0.036513053 -0.123063532 -0.033781614
P1420.10262.F.2.CH.2008 -0.050910364  0.101216382 -0.011265543  0.003168448
P1419.10693.F.3.CH.2008  0.145937011 -0.013594497  0.006986230 -0.014526461
P1414.10061.F.4.CH.2008 -0.072295778 -0.036513053 -0.123063532 -0.033781614
P1410.10239.F.2.CH.2008  0.033230892  0.005934444 -0.205958338  0.174956459
P1407.8636.F.4.CH.2008  -0.023414200  0.033928356 -0.052204485 -0.073601025
P1388.10262.F.2.CH.2008 -0.050910364  0.101216382 -0.011265543  0.003168448
P1372.10264.F.2.CH.2008 -0.593812846  0.033118764 -0.005977659  0.008047928
P1361.10125.F.3.CH.2008  0.067765050  0.053743325  0.006172710  0.217652408
P1346.10280.F.1.CH.2008  0.050367834 -0.038528420  0.015568806 -0.033568710
P1337.8238.F.1.CH.2008   0.040919341  0.149334842 -0.070295543 -0.431027603
P1321.8259.F.4.CH.2008  -0.092769749  0.011644238  0.010833247 -0.034481093
P1274.8636.F.4.CH.2008  -0.023414200  0.033928356 -0.052204485 -0.073601025
P1165.10687.F.1.CH.2008 -0.185728252 -0.039441886  0.010188548 -0.016218765
P1151.8505.F.3.CH.2008   0.359413516 -0.029928918  0.012456263 -0.024581498
P1144.8095.F.3.CH.2008   0.008974417  0.262769047 -0.028715720  0.106238982
P1094.10713.F.4.CH.2008  0.146208337 -0.013552626  0.006824818 -0.014020705
P1093.8588.F.3.CH.2008  -0.187481490  0.024489193 -0.006812156  0.012537365
P1060.8657.F.4.CH.2008  -0.055552698 -0.590831893  0.085720982  0.205848319
P1026.10713.F.4.CH.2008 -0.030687852 -0.002556034  0.008747494 -0.024149600
P1025.13676.F.1.CH.2008  0.028800220 -0.040342813 -0.142177772 -0.041921250
P1002.10262.F.2.CH.2008  0.036875624  0.283383853 -0.054313521  0.070650780
P0985.10264.F.2.CH.2008 -0.270020367  0.009176713  0.004792543 -0.016653298
P0984.13677.F.1.CH.2008 -0.072295778 -0.036513053 -0.123063532 -0.033781614
P0956.10125.F.3.CH.2008  0.067765050  0.053743325  0.006172710  0.217652408
P0939.10082.F.4.CH.2008  0.007678454  0.052249870  0.387654805 -0.014020115
P0744.8588.F.3.CH.2008  -0.186882927  0.024746940 -0.007299374  0.014018182
P0640.10228.F.4.CH.2008  0.172434904  0.193917604 -0.040717630  0.058782380
                              PCNM13       PCNM14        PCNM15        PCNM16
P3137.8636.F.4.CH.2008   0.024959724  0.089274040  0.0095734422  2.542568e-01
P3096.10086.F.4.CH.2008 -0.037249733  0.083895176 -0.0004941142 -1.589091e-06
P3026.10228.F.4.CH.2008  0.161709414  0.008172209  0.1536512898 -1.833880e-04
P1877.8657.F.4.CH.2008   0.035836458  0.086373889  0.0113903063 -7.688051e-01
P1873.10239.F.2.CH.2008  0.022269745  0.020917525  0.0040672602  1.587673e-03
P1813.8636.F.4.CH.2008   0.107511931 -0.395227483 -0.0025419358  4.882664e-03
P1801.8407.F.4.CH.2008  -0.095801620  0.003656311 -0.0063840082  2.473454e-01
P1749.8095.F.3.CH.2008   0.068849334  0.037114057  0.0101582247 -1.253125e-01
P1555.8701.F.1.CH.2008  -0.066544785 -0.024200826 -0.0091214948 -4.850330e-03
P1549.10065.F.4.CH.2008 -0.036162489  0.143711011  0.0060199053  1.797546e-03
P1548.8407.F.4.CH.2008  -0.195506179 -0.045801320 -0.0267227229 -2.565578e-01
P1536.10239.F.2.CH.2008  0.022269745  0.020917525  0.0040672602  1.587673e-03
P1532.10713.F.4.CH.2008 -0.018594231 -0.014944920  0.0233005725 -3.708607e-04
P1478.10082.F.4.CH.2008  0.051053507 -0.650065591 -0.0229289074 -2.571404e-04
P1475.10086.F.4.CH.2008  0.058199730 -0.467723419 -0.0118045980  3.388299e-05
P1453.10228.F.4.CH.2008  0.161709414  0.008172209  0.1536512898 -1.833880e-04
P1447.10228.F.4.CH.2008  0.158611328  0.007973201  0.1611499372  4.459675e-04
P1445.10082.F.4.CH.2008 -0.032138261  0.157282818  0.0025977933  6.364356e-05
P1442.8505.F.3.CH.2008   0.052019521  0.002355993 -0.1559486910  2.369191e-05
P1431.10061.F.4.CH.2008 -0.007818078  0.119254978  0.0050223155  1.905488e-04
P1420.10262.F.2.CH.2008  0.318346947  0.057804963  0.0642409990  1.012708e-02
P1419.10693.F.3.CH.2008  0.011373505 -0.002964278 -0.0229047095 -2.349018e-04
P1414.10061.F.4.CH.2008 -0.007818078  0.119254978  0.0050223155  1.905488e-04
P1410.10239.F.2.CH.2008  0.022269745  0.020917525  0.0040672602  1.587673e-03
P1407.8636.F.4.CH.2008   0.024959724  0.089274040  0.0095734422  2.542568e-01
P1388.10262.F.2.CH.2008  0.318346947  0.057804963  0.0642409990  1.012708e-02
P1372.10264.F.2.CH.2008  0.003073636  0.012708844 -0.3201215008 -2.140443e-05
P1361.10125.F.3.CH.2008  0.022765577  0.032880517  0.0051939691  2.391018e-03
P1346.10280.F.1.CH.2008  0.090212562  0.001800675 -0.2471251263 -7.230847e-04
P1337.8238.F.1.CH.2008  -0.033039380 -0.016350721 -0.0113037691  2.371145e-01
P1321.8259.F.4.CH.2008  -0.092017543 -0.036790645  0.2566527572 -7.206202e-04
P1274.8636.F.4.CH.2008   0.024959724  0.089274040  0.0095734422  2.542568e-01
P1165.10687.F.1.CH.2008  0.167720826  0.031761474 -0.5696414943  2.549579e-05
P1151.8505.F.3.CH.2008   0.052019521  0.002355993 -0.1559486910  2.369191e-05
P1144.8095.F.3.CH.2008   0.068849334  0.037114057  0.0101582247 -1.253125e-01
P1094.10713.F.4.CH.2008  0.011845450 -0.002511787 -0.0237855519  2.872362e-04
P1093.8588.F.3.CH.2008  -0.054562905 -0.004417722  0.1328619599 -7.309452e-04
P1060.8657.F.4.CH.2008  -0.112404572 -0.014003827 -0.0075720444  5.545767e-03
P1026.10713.F.4.CH.2008 -0.018594231 -0.014944920  0.0233005725 -3.708607e-04
P1025.13676.F.1.CH.2008 -0.038548805  0.163652733  0.0066491388 -7.592777e-03
P1002.10262.F.2.CH.2008 -0.490342685 -0.034762211 -0.1126169542 -8.204177e-06
P0985.10264.F.2.CH.2008 -0.098544457 -0.034742169  0.5066140624  2.480033e-05
P0984.13677.F.1.CH.2008 -0.007818078  0.119254978  0.0050223155  1.905488e-04
P0956.10125.F.3.CH.2008  0.022765577  0.032880517  0.0051939691  2.391018e-03
P0939.10082.F.4.CH.2008 -0.032138261  0.157282818  0.0025977933  6.364356e-05
P0744.8588.F.3.CH.2008  -0.053876569 -0.003252132  0.1327796534  1.509405e-03
P0640.10228.F.4.CH.2008 -0.554987984 -0.052390083 -0.0814261578 -9.124509e-05
                               PCNM17        PCNM18        PCNM19        PCNM20
P3137.8636.F.4.CH.2008   9.675311e-03 -4.700789e-02  1.274767e-01 -4.356635e-04
P3096.10086.F.4.CH.2008 -5.558264e-03 -3.643099e-06  9.487892e-05 -1.946872e-05
P3026.10228.F.4.CH.2008  2.090865e-04 -8.351084e-03  5.745394e-04  4.071933e-01
P1877.8657.F.4.CH.2008  -1.513494e-02  1.329018e-01 -3.750216e-01  3.520314e-03
P1873.10239.F.2.CH.2008  2.613939e-05  1.003906e-03 -2.769814e-03  1.185521e-05
P1813.8636.F.4.CH.2008  -1.391355e-02  2.946058e-03 -8.347009e-03  5.597749e-05
P1801.8407.F.4.CH.2008  -2.773495e-02  1.531032e-01 -4.397442e-01  5.016871e-03
P1749.8095.F.3.CH.2008   1.616695e-02 -8.278303e-02  2.296417e-01 -1.446432e-03
P1555.8701.F.1.CH.2008   6.945620e-04 -2.913399e-03  8.102011e-03 -4.703941e-05
P1549.10065.F.4.CH.2008  7.072064e-01  1.175247e-02 -3.346589e-02  1.122820e-03
P1548.8407.F.4.CH.2008   2.696729e-02 -1.489741e-01  4.284474e-01 -4.964042e-03
P1536.10239.F.2.CH.2008  2.613939e-05  1.003906e-03 -2.769814e-03  1.185521e-05
P1532.10713.F.4.CH.2008  1.769603e-04 -1.121209e-02 -2.308284e-03  1.104057e-03
P1478.10082.F.4.CH.2008 -4.984641e-03 -4.893358e-03  1.332302e-02 -4.397735e-05
P1475.10086.F.4.CH.2008 -2.209401e-03 -6.292767e-06  7.129022e-05 -1.117392e-05
P1453.10228.F.4.CH.2008  2.090865e-04 -8.351084e-03  5.745394e-04  4.071933e-01
P1447.10228.F.4.CH.2008 -4.378123e-04  1.654173e-02 -1.127906e-03 -8.168462e-01
P1445.10082.F.4.CH.2008  2.595359e-03  7.890094e-05 -1.605917e-04 -4.804212e-06
P1442.8505.F.3.CH.2008  -1.840339e-05  1.902471e-03  5.178301e-04 -3.308062e-03
P1431.10061.F.4.CH.2008  6.575626e-03  1.816890e-03 -4.784924e-03 -3.292508e-06
P1420.10262.F.2.CH.2008  2.005620e-05 -9.195555e-05  4.548916e-04 -5.693151e-04
P1419.10693.F.3.CH.2008  2.470010e-04 -1.642532e-02 -2.518961e-03  1.458604e-02
P1414.10061.F.4.CH.2008  6.575626e-03  1.816890e-03 -4.784924e-03 -3.292508e-06
P1410.10239.F.2.CH.2008  2.613939e-05  1.003906e-03 -2.769814e-03  1.185521e-05
P1407.8636.F.4.CH.2008   9.675311e-03 -4.700789e-02  1.274767e-01 -4.356635e-04
P1388.10262.F.2.CH.2008  2.005620e-05 -9.195555e-05  4.548916e-04 -5.693151e-04
P1372.10264.F.2.CH.2008  8.533622e-06 -3.303207e-04 -3.718260e-05 -3.274382e-03
P1361.10125.F.3.CH.2008 -7.977221e-03  1.408155e-03 -3.865508e-03  4.267158e-06
P1346.10280.F.1.CH.2008  3.105506e-04 -9.569101e-03  3.166851e-05  7.808995e-03
P1337.8238.F.1.CH.2008  -3.244744e-02  1.663073e-01 -4.612392e-01  2.891134e-03
P1321.8259.F.4.CH.2008   3.098775e-04 -9.551672e-03  3.414776e-05  8.888155e-03
P1274.8636.F.4.CH.2008   9.675311e-03 -4.700789e-02  1.274767e-01 -4.356635e-04
P1165.10687.F.1.CH.2008 -2.526296e-05  3.428059e-03  1.033832e-03 -6.292632e-03
P1151.8505.F.3.CH.2008  -1.840339e-05  1.902471e-03  5.178301e-04 -3.308062e-03
P1144.8095.F.3.CH.2008   1.616695e-02 -8.278303e-02  2.296417e-01 -1.446432e-03
P1094.10713.F.4.CH.2008 -3.197192e-04  3.245469e-02  8.045448e-03 -1.457401e-02
P1093.8588.F.3.CH.2008   2.304447e-03 -6.525597e-01 -2.337542e-01 -1.784536e-02
P1060.8657.F.4.CH.2008   3.008429e-04 -1.253931e-03  3.702208e-03 -5.888246e-05
P1026.10713.F.4.CH.2008  1.769603e-04 -1.121209e-02 -2.308284e-03  1.104057e-03
P1025.13676.F.1.CH.2008 -7.040872e-01 -2.097567e-02  4.358427e-02  1.118583e-03
P1002.10262.F.2.CH.2008  3.355233e-06 -9.568604e-05  4.246205e-06  1.104521e-03
P0985.10264.F.2.CH.2008 -1.241316e-05  5.033796e-04  5.217099e-05  3.097115e-03
P0984.13677.F.1.CH.2008  6.575626e-03  1.816890e-03 -4.784924e-03 -3.292508e-06
P0956.10125.F.3.CH.2008 -7.977221e-03  1.408155e-03 -3.865508e-03  4.267158e-06
P0939.10082.F.4.CH.2008  2.595359e-03  7.890094e-05 -1.605917e-04 -4.804212e-06
P0744.8588.F.3.CH.2008  -2.688318e-03  6.782685e-01  2.392886e-01  1.009750e-02
P0640.10228.F.4.CH.2008  2.425769e-05  3.425539e-06 -3.412298e-05  4.412454e-06
                               PCNM21
P3137.8636.F.4.CH.2008   1.633619e-04
P3096.10086.F.4.CH.2008  1.249609e-05
P3026.10228.F.4.CH.2008  8.711410e-03
P1877.8657.F.4.CH.2008  -1.905859e-03
P1873.10239.F.2.CH.2008 -4.544848e-06
P1813.8636.F.4.CH.2008  -2.641131e-05
P1801.8407.F.4.CH.2008  -2.776652e-03
P1749.8095.F.3.CH.2008   7.058902e-04
P1555.8701.F.1.CH.2008   2.159870e-05
P1549.10065.F.4.CH.2008 -7.048111e-04
P1548.8407.F.4.CH.2008   2.754521e-03
P1536.10239.F.2.CH.2008 -4.544848e-06
P1532.10713.F.4.CH.2008 -3.755490e-03
P1478.10082.F.4.CH.2008  1.295521e-05
P1475.10086.F.4.CH.2008  7.145450e-06
P1453.10228.F.4.CH.2008  8.711410e-03
P1447.10228.F.4.CH.2008 -1.750308e-02
P1445.10082.F.4.CH.2008  3.118234e-06
P1442.8505.F.3.CH.2008  -1.288581e-05
P1431.10061.F.4.CH.2008  7.265047e-06
P1420.10262.F.2.CH.2008  6.304655e-06
P1419.10693.F.3.CH.2008 -7.035387e-01
P1414.10061.F.4.CH.2008  7.265047e-06
P1410.10239.F.2.CH.2008 -4.544848e-06
P1407.8636.F.4.CH.2008   1.633619e-04
P1388.10262.F.2.CH.2008  6.304655e-06
P1372.10264.F.2.CH.2008 -1.205678e-04
P1361.10125.F.3.CH.2008  1.777063e-06
P1346.10280.F.1.CH.2008 -1.384137e-03
P1337.8238.F.1.CH.2008  -1.408863e-03
P1321.8259.F.4.CH.2008  -1.355030e-03
P1274.8636.F.4.CH.2008   1.633619e-04
P1165.10687.F.1.CH.2008 -8.444218e-05
P1151.8505.F.3.CH.2008  -1.288582e-05
P1144.8095.F.3.CH.2008   7.058901e-04
P1094.10713.F.4.CH.2008  7.094164e-01
P1093.8588.F.3.CH.2008   2.837045e-02
P1060.8657.F.4.CH.2008   3.424263e-05
P1026.10713.F.4.CH.2008 -3.755490e-03
P1025.13676.F.1.CH.2008 -7.301932e-04
P1002.10262.F.2.CH.2008  1.027407e-05
P0985.10264.F.2.CH.2008  1.438231e-04
P0984.13677.F.1.CH.2008  7.265047e-06
P0956.10125.F.3.CH.2008  1.777063e-06
P0939.10082.F.4.CH.2008  3.118234e-06
P0744.8588.F.3.CH.2008  -2.106145e-02
P0640.10228.F.4.CH.2008 -2.252461e-06
[1] "Plotting first three PCNM axes with ordisurf"

Family: gaussian 
Link function: identity 

Formula:
y ~ s(x1, x2, k = 10, bs = "tp", fx = FALSE)

Estimated degrees of freedom:
8.62  total = 9.62 

REML score: -76.2479     

Family: gaussian 
Link function: identity 

Formula:
y ~ s(x1, x2, k = 10, bs = "tp", fx = FALSE)

Estimated degrees of freedom:
8.59  total = 9.59 

REML score: -83.7765     

Family: gaussian 
Link function: identity 

Formula:
y ~ s(x1, x2, k = 10, bs = "tp", fx = FALSE)

Estimated degrees of freedom:
8.87  total = 9.87 

REML score: -74.58812     
null device 
          1 
[1] "Weighted PCNM"
                             PCNM1       PCNM2        PCNM3       PCNM4
P3137.8636.F.4.CH.2008   1.3192738 -0.44540882 -0.159763954  0.46997115
P3096.10086.F.4.CH.2008 -1.2561936 -0.57240089 -1.347626760  0.22480942
P3026.10228.F.4.CH.2008 -0.2283599  2.19212775  0.298243509 -0.34182788
P1877.8657.F.4.CH.2008   1.3028583 -0.43740613 -0.133703962  0.58351864
P1873.10239.F.2.CH.2008 -0.6950954 -0.60492879  2.243839463 -0.74272699
P1813.8636.F.4.CH.2008   0.9553274 -0.95547421  1.366941650 -0.21706841
P1801.8407.F.4.CH.2008   1.1908837 -0.29536578 -0.670052740 -1.39122232
P1749.8095.F.3.CH.2008   1.1547348 -0.27410538 -0.691170604 -1.60213100
P1555.8701.F.1.CH.2008   0.4053956 -0.89358690  2.027448412  1.63033740
P1549.10065.F.4.CH.2008 -1.3799761 -0.90685083  0.090147857  0.05417502
P1548.8407.F.4.CH.2008   1.2216805 -0.40494043 -0.342181619 -0.97706350
P1536.10239.F.2.CH.2008 -0.6950954 -0.60492879  2.243839463 -0.74272699
P1532.10713.F.4.CH.2008 -0.1751947  0.99622822  0.010170879  0.73399449
P1478.10082.F.4.CH.2008 -1.2011179 -1.00104655  0.949511152 -0.39471848
P1475.10086.F.4.CH.2008 -1.1842483 -0.46725505 -1.516126281  0.33441420
P1453.10228.F.4.CH.2008 -0.2283599  2.19212775  0.298243509 -0.34182788
P1447.10228.F.4.CH.2008 -0.2281462  2.18859363  0.297634426 -0.34122821
P1445.10082.F.4.CH.2008 -1.1331398 -0.95456935  1.152871107 -0.46225141
P1442.8505.F.3.CH.2008  -0.1311218  0.50936229 -0.013871523  0.15822087
P1431.10061.F.4.CH.2008 -1.2987491 -0.78844853  0.352939067 -0.73711480
P1420.10262.F.2.CH.2008  0.7214555 -0.16635579  0.535228540  2.98050631
P1419.10693.F.3.CH.2008 -0.1605617  0.80133231 -0.012313431  0.64681810
P1414.10061.F.4.CH.2008 -1.2987491 -0.78844853  0.352939067 -0.73711480
P1410.10239.F.2.CH.2008 -0.6950954 -0.60492879  2.243839463 -0.74272699
P1407.8636.F.4.CH.2008   1.3192738 -0.44540882 -0.159763954  0.46997115
P1388.10262.F.2.CH.2008  0.7214555 -0.16635579  0.535228540  2.98050631
P1372.10264.F.2.CH.2008 -0.1540989  0.91452861  0.062543066  0.01601442
P1361.10125.F.3.CH.2008 -0.8388243 -0.05188562 -1.854059855  0.87328322
P1346.10280.F.1.CH.2008 -0.2509606  2.37751795  0.286416120  0.07825319
P1337.8238.F.1.CH.2008   1.1820539 -0.38105841 -0.364348692 -1.19181161
P1321.8259.F.4.CH.2008  -0.1369959  0.58471679 -0.003517563  0.14617167
P1274.8636.F.4.CH.2008   1.3192738 -0.44540882 -0.159763954  0.46997115
P1165.10687.F.1.CH.2008 -0.2301203  2.19893267  0.296221607 -0.33333159
P1151.8505.F.3.CH.2008  -0.1311218  0.50936229 -0.013871523  0.15822087
P1144.8095.F.3.CH.2008   1.1547348 -0.27410538 -0.691170604 -1.60213100
P1094.10713.F.4.CH.2008 -0.1603820  0.79955503 -0.012337521  0.64417434
P1093.8588.F.3.CH.2008  -0.1613401  0.87667820  0.012960996  0.53577336
P1060.8657.F.4.CH.2008   0.9295013 -0.27083017  0.330034823  2.29111201
P1026.10713.F.4.CH.2008 -0.1751947  0.99622822  0.010170879  0.73399449
P1025.13676.F.1.CH.2008 -1.3831895 -0.91471141  0.129745642  0.02329153
P1002.10262.F.2.CH.2008  0.7173064 -0.10603250  0.549763038  2.97621967
P0985.10264.F.2.CH.2008 -0.2220278  2.05359560  0.270638162 -0.32831879
P0984.13677.F.1.CH.2008 -1.2987491 -0.78844853  0.352939067 -0.73711480
P0956.10125.F.3.CH.2008 -0.8388243 -0.05188562 -1.854059855  0.87328322
P0939.10082.F.4.CH.2008 -1.1331398 -0.95456935  1.152871107 -0.46225141
P0744.8588.F.3.CH.2008  -0.1608407  0.87153139  0.012814405  0.52886368
P0640.10228.F.4.CH.2008 -0.2106241  2.18399416  0.328803286 -0.08605338
                              PCNM5        PCNM6        PCNM7        PCNM8
P3137.8636.F.4.CH.2008  -0.30007510 -0.284991199 -0.037371569  0.050180956
P3096.10086.F.4.CH.2008 -0.33957182 -0.487545066 -0.344806028 -0.524130121
P3026.10228.F.4.CH.2008 -1.10349392 -0.063671171 -0.380492075 -0.518706680
P1877.8657.F.4.CH.2008  -0.31939143 -0.344485752  0.002032042  0.102206587
P1873.10239.F.2.CH.2008  0.27634242  0.879100342  0.531052714  0.870823220
P1813.8636.F.4.CH.2008  -0.23718391  0.411606856 -0.409156651 -0.535912635
P1801.8407.F.4.CH.2008   0.19990486 -0.227862906  0.187292805  0.320981116
P1749.8095.F.3.CH.2008   0.26400026 -0.049146062  0.162254407  0.264779617
P1555.8701.F.1.CH.2008  -0.59171476  2.022536771 -1.156918794 -1.450791824
P1549.10065.F.4.CH.2008 -0.27324458  2.244337723  0.037094307  0.630998371
P1548.8407.F.4.CH.2008   0.04419889  0.919838798 -0.790684446 -1.092067510
P1536.10239.F.2.CH.2008  0.27634242  0.879100342  0.531052714  0.870823220
P1532.10713.F.4.CH.2008  3.40914090 -0.225618505 -0.860657585  0.003189234
P1478.10082.F.4.CH.2008 -0.22365734 -0.583680048 -0.743602406 -1.051404503
P1475.10086.F.4.CH.2008 -0.30387074 -0.136423972  0.351690899  0.933183111
P1453.10228.F.4.CH.2008 -1.10349392 -0.063671171 -0.380492075 -0.518706680
P1447.10228.F.4.CH.2008 -1.10228502 -0.062726197 -0.370838072 -0.526926655
P1445.10082.F.4.CH.2008 -0.15933313 -0.512991449 -0.963121091 -1.743808720
P1442.8505.F.3.CH.2008   0.56741674  0.348311276  2.784114777  2.346406290
P1431.10061.F.4.CH.2008 -0.02921546 -2.120523805  0.600144729  0.929262132
P1420.10262.F.2.CH.2008 -0.66265911 -1.070047093  0.481769132  0.632338766
P1419.10693.F.3.CH.2008  2.92863692 -0.064596443  2.476327843 -3.058277708
P1414.10061.F.4.CH.2008 -0.02921546 -2.120523805  0.600144729  0.929262132
P1410.10239.F.2.CH.2008  0.27634242  0.879100342  0.531052714  0.870823220
P1407.8636.F.4.CH.2008  -0.30007510 -0.284991199 -0.037371569  0.050180956
P1388.10262.F.2.CH.2008 -0.66265911 -1.070047093  0.481769132  0.632338766
P1372.10264.F.2.CH.2008  0.08379182  0.325723818  4.248398034  1.991957423
P1361.10125.F.3.CH.2008 -0.18023123  3.144018761  0.325847669  0.716107743
P1346.10280.F.1.CH.2008  0.88704206 -0.362778019 -3.840953211  1.776170193
P1337.8238.F.1.CH.2008   0.11091474  1.105694165 -0.824357555 -1.167824929
P1321.8259.F.4.CH.2008   0.52686127  0.420325127  4.321611464  2.929896082
P1274.8636.F.4.CH.2008  -0.30007510 -0.284991199 -0.037371569  0.050180956
P1165.10687.F.1.CH.2008 -1.07289309  0.008531359  0.948414212  0.173134567
P1151.8505.F.3.CH.2008   0.56741674  0.348311276  2.784114777  2.346406290
P1144.8095.F.3.CH.2008   0.26400026 -0.049146062  0.162254407  0.264779617
P1094.10713.F.4.CH.2008  2.91587614 -0.062670399  2.486991855 -3.058201883
P1093.8588.F.3.CH.2008   2.47700478 -0.178806611 -3.500475804  3.763361883
P1060.8657.F.4.CH.2008  -0.58985507 -0.852067620  0.169677850  0.247366266
P1026.10713.F.4.CH.2008  3.40914090 -0.225618505 -0.860657585  0.003189234
P1025.13676.F.1.CH.2008 -0.26720259  2.108966149  0.060743200  0.660398703
P1002.10262.F.2.CH.2008 -0.73051076 -1.097917489  0.428681081  0.545531889
P0985.10264.F.2.CH.2008 -1.12369188  0.137689162  2.898601095 -0.158467354
P0984.13677.F.1.CH.2008 -0.02921546 -2.120523805  0.600144729  0.929262132
P0956.10125.F.3.CH.2008 -0.18023123  3.144018761  0.325847669  0.716107743
P0939.10082.F.4.CH.2008 -0.15933313 -0.512991449 -0.963121091 -1.743808720
P0744.8588.F.3.CH.2008   2.44341303 -0.173406822 -3.465674065  3.758753237
P0640.10228.F.4.CH.2008 -1.16766260 -0.286024114 -0.239415450 -0.340139272
                             PCNM9      PCNM10       PCNM11       PCNM12
P3137.8636.F.4.CH.2008   0.1641605  0.28997955 -0.275984329 -0.047400549
P3096.10086.F.4.CH.2008 -0.5371770 -0.27152197  0.082715385 -0.085459735
P3026.10228.F.4.CH.2008  0.7438632 -0.16077857  0.161964709 -0.556379138
P1877.8657.F.4.CH.2008   0.1980353  0.17888684 -0.238713313 -0.002885566
P1873.10239.F.2.CH.2008  0.8515874 -0.25665590  0.118279967  0.294337154
P1813.8636.F.4.CH.2008  -0.6924272 -3.28197028  0.820346064  0.994510378
P1801.8407.F.4.CH.2008   0.2994637  0.04827452  2.718635007  0.694363978
P1749.8095.F.3.CH.2008   0.2323791 -0.86041142 -0.952822205  0.061351011
P1555.8701.F.1.CH.2008  -1.0159260  2.07561010 -0.692364549 -0.802878684
P1549.10065.F.4.CH.2008  1.1663544  1.21334687 -0.336329622  0.099438699
P1548.8407.F.4.CH.2008  -0.8172872  2.70357551  1.814339532 -0.453016072
P1536.10239.F.2.CH.2008  0.8515874 -0.25665590  0.118279967  0.294337154
P1532.10713.F.4.CH.2008 -0.1201241  0.11610298 -0.079691439  0.278546061
P1478.10082.F.4.CH.2008 -0.8921689 -0.13962081 -0.142395127  0.067496536
P1475.10086.F.4.CH.2008  1.5014509  1.87998336 -0.764398829  0.357289844
P1453.10228.F.4.CH.2008  0.7438632 -0.16077857  0.161964709 -0.556379138
P1447.10228.F.4.CH.2008  0.7556956 -0.16614467  0.165725283 -0.573068231
P1445.10082.F.4.CH.2008 -2.1688732 -2.04012702  0.716231914 -0.333212434
P1442.8505.F.3.CH.2008  -2.1680323 -0.78590462  1.314714732 -6.989327413
P1431.10061.F.4.CH.2008  1.0319760  1.15770892 -0.247185336 -0.090363482
P1420.10262.F.2.CH.2008  0.4198685 -0.94604354 -0.790559121  0.169431619
P1419.10693.F.3.CH.2008  1.1009397  0.01223422 -0.005749808  0.046343292
P1414.10061.F.4.CH.2008  1.0319760  1.15770892 -0.247185336 -0.090363482
P1410.10239.F.2.CH.2008  0.8515874 -0.25665590  0.118279967  0.294337154
P1407.8636.F.4.CH.2008   0.1641605  0.28997955 -0.275984329 -0.047400549
P1388.10262.F.2.CH.2008  0.4198685 -0.94604354 -0.790559121  0.169431619
P1372.10264.F.2.CH.2008 -5.8653749  1.67001744 -1.176589610  4.527762367
P1361.10125.F.3.CH.2008  0.7057046 -1.11789659  0.355919760  0.523487101
P1346.10280.F.1.CH.2008 -0.2083890  0.04502745 -0.018714851  0.082000273
P1337.8238.F.1.CH.2008  -0.9072728  1.83782340 -1.855664992 -1.109288140
P1321.8259.F.4.CH.2008  -4.6333915  0.04001562  0.687081351 -4.555811339
P1274.8636.F.4.CH.2008   0.1641605  0.28997955 -0.275984329 -0.047400549
P1165.10687.F.1.CH.2008 -1.5960100  0.62009362 -0.449881237  1.869025733
P1151.8505.F.3.CH.2008  -2.1680323 -0.78590462  1.314714732 -6.989327413
P1144.8095.F.3.CH.2008   0.2323791 -0.86041142 -0.952822205  0.061351011
P1094.10713.F.4.CH.2008  1.1028460  0.01003044 -0.004068202  0.040318117
P1093.8588.F.3.CH.2008  -1.6470894  0.09535876 -0.068601657  0.190505916
P1060.8657.F.4.CH.2008   0.2137329  1.94020961  7.166801276  1.198520575
P1026.10713.F.4.CH.2008 -0.1201241  0.11610298 -0.079691439  0.278546061
P1025.13676.F.1.CH.2008  1.1979839  1.31257263 -0.359627271  0.068234847
P1002.10262.F.2.CH.2008  0.6663100 -1.13533883 -0.890256124 -0.036084698
P0985.10264.F.2.CH.2008 -2.2640229  0.62995563 -0.333246349  1.038621027
P0984.13677.F.1.CH.2008  1.0319760  1.15770892 -0.247185336 -0.090363482
P0956.10125.F.3.CH.2008  0.7057046 -1.11789659  0.355919760  0.523487101
P0939.10082.F.4.CH.2008 -2.1688732 -2.04012702  0.716231914 -0.333212434
P0744.8588.F.3.CH.2008  -1.6409374  0.08950172 -0.064161381  0.174582974
P0640.10228.F.4.CH.2008  1.0122763 -0.67926222 -0.283115199 -0.588740734
                             PCNM13        PCNM14        PCNM15        PCNM16
P3137.8636.F.4.CH.2008  -0.28218389  0.0413517387  1.096646e-02  1.640804e+00
P3096.10086.F.4.CH.2008 -0.31480321 -0.0003346947 -2.654075e-04 -3.427868e-05
P3026.10228.F.4.CH.2008  0.03819349  0.5231018937 -4.683282e-01  5.171116e-04
P1877.8657.F.4.CH.2008  -0.25760917  0.0914358211  8.630114e-03 -3.642566e+00
P1873.10239.F.2.CH.2008 -0.19732438  0.0121266767  6.263715e-03  8.418692e-03
P1813.8636.F.4.CH.2008   2.27363432  0.0392550845  6.118939e-03  2.927503e-02
P1801.8407.F.4.CH.2008   0.09400781 -0.1445947556  2.143882e-02  7.167067e-01
P1749.8095.F.3.CH.2008  -0.03622754  0.0538545592  1.170875e-02 -2.925591e-01
P1555.8701.F.1.CH.2008  -0.06194679 -0.0437094535 -7.314499e-03 -2.753839e-02
P1549.10065.F.4.CH.2008 -1.41821704 -0.0259417041  7.947347e-02 -1.116283e-02
P1548.8407.F.4.CH.2008   0.01266057 -0.3133104192 -2.592326e-02 -1.558025e+00
P1536.10239.F.2.CH.2008 -0.19732438  0.0121266767  6.263715e-03  8.418692e-03
P1532.10713.F.4.CH.2008  0.03323408 -0.0263571170 -1.025517e-01 -1.132038e-03
P1478.10082.F.4.CH.2008  2.80601789 -0.0256768287 -1.162858e-02  1.165163e-02
P1475.10086.F.4.CH.2008  4.16421431 -0.0085999326 -2.649188e-03  5.929935e-04
P1453.10228.F.4.CH.2008  0.03819349  0.5231018937 -4.683282e-01  5.171116e-04
P1447.10228.F.4.CH.2008  0.03824585  0.5028014889 -5.851406e-01  1.162980e-03
P1445.10082.F.4.CH.2008 -2.94438839  0.0027435231  1.504706e-04  8.716321e-04
P1442.8505.F.3.CH.2008   1.02452855  0.2648452014  2.900881e+00 -5.880515e-04
P1431.10061.F.4.CH.2008 -0.94189923  0.0166128336  7.129883e-03 -8.158753e-03
P1420.10262.F.2.CH.2008 -0.09716857  1.6907376232 -8.936231e-02  1.304395e-01
P1419.10693.F.3.CH.2008  0.03706986  0.0415316090  2.325630e-01 -3.507741e-04
P1414.10061.F.4.CH.2008 -0.94189923  0.0166128336  7.129883e-03 -8.158753e-03
P1410.10239.F.2.CH.2008 -0.19732438  0.0121266767  6.263715e-03  8.418692e-03
P1407.8636.F.4.CH.2008  -0.28218389  0.0413517387  1.096646e-02  1.640804e+00
P1388.10262.F.2.CH.2008 -0.09716857  1.6907376232 -8.936231e-02  1.304395e-01
P1372.10264.F.2.CH.2008 -0.16423586 -0.2974083261  1.121887e+00 -1.818289e-04
P1361.10125.F.3.CH.2008 -0.22565113  0.0198827654  1.023406e-02  1.526271e-02
P1346.10280.F.1.CH.2008  0.05886006  0.2720623166  2.576201e+00 -3.606735e-03
P1337.8238.F.1.CH.2008  -0.10293176 -0.1425877836 -4.467400e-02  1.007966e+00
P1321.8259.F.4.CH.2008   0.94827982 -0.5429526306 -7.173669e+00 -1.230992e-02
P1274.8636.F.4.CH.2008  -0.28218389  0.0413517387  1.096646e-02  1.640804e+00
P1165.10687.F.1.CH.2008 -0.07167031  0.1513094376  2.079097e+00 -6.028371e-05
P1151.8505.F.3.CH.2008   1.02452855  0.2648452014  2.900881e+00 -5.880515e-04
P1144.8095.F.3.CH.2008  -0.03622754  0.0538545592  1.170875e-02 -2.925591e-01
P1094.10713.F.4.CH.2008  0.03619885  0.0430874007  2.424635e-01  3.925348e-04
P1093.8588.F.3.CH.2008  -0.04961148 -0.2386852898 -2.090424e+00  2.001321e-03
P1060.8657.F.4.CH.2008   0.15051453 -0.1426864327  2.670911e-03  1.300714e-01
P1026.10713.F.4.CH.2008  0.03323408 -0.0263571170 -1.025517e-01 -1.132038e-03
P1025.13676.F.1.CH.2008 -1.54916551 -0.0247256532  8.007729e-02 -4.831981e-02
P1002.10262.F.2.CH.2008 -0.10120447 -7.0750326610  3.988000e-01 -8.452881e-04
P0985.10264.F.2.CH.2008  0.09508050 -0.6307481188 -1.133945e+01 -1.147043e-03
P0984.13677.F.1.CH.2008 -0.94189923  0.0166128336  7.129883e-03 -8.158753e-03
P0956.10125.F.3.CH.2008 -0.22565113  0.0198827654  1.023406e-02  1.526271e-02
P0939.10082.F.4.CH.2008 -2.94438839  0.0027435231  1.504706e-04  8.716321e-04
P0744.8588.F.3.CH.2008  -0.05201748 -0.2362531560 -2.090168e+00  4.247557e-03
P0640.10228.F.4.CH.2008 -0.02501813 -9.4990995636  3.236009e-01 -1.182182e-02
                               PCNM17        PCNM18        PCNM19        PCNM20
P3137.8636.F.4.CH.2008   0.5196445679  9.875605e-03 -2.472246e-03  1.511295e-04
P3096.10086.F.4.CH.2008 -0.0004720105  4.974654e-03 -4.098848e-05  2.679073e-06
P3026.10228.F.4.CH.2008  0.0133992628  9.256194e-04  1.253139e+00  1.229964e+00
P1877.8657.F.4.CH.2008  -1.1110133251 -4.918960e-02  1.641211e-02 -1.064654e-03
P1873.10239.F.2.CH.2008 -0.0220929465 -1.908719e-03  1.258920e-04 -7.850956e-06
P1813.8636.F.4.CH.2008  -0.0828236311  6.486831e-02  6.225280e-04 -3.988875e-05
P1801.8407.F.4.CH.2008  -2.2856671227 -6.481110e-02  3.391205e-02 -2.177514e-03
P1749.8095.F.3.CH.2008   0.9921356086  2.455390e-02 -8.013980e-03  5.122688e-04
P1555.8701.F.1.CH.2008   0.0676153086  1.045165e-03 -4.949216e-04  3.173698e-05
P1549.10065.F.4.CH.2008  0.3053497212 -7.372704e+00  2.807322e-02 -1.765753e-03
P1548.8407.F.4.CH.2008   4.4165593567  1.255476e-01 -6.641354e-02  4.280682e-03
P1536.10239.F.2.CH.2008 -0.0220929465 -1.908719e-03  1.258920e-04 -7.850957e-06
P1532.10713.F.4.CH.2008  0.0135167214  3.659384e-04  3.907857e-02 -2.574275e-02
P1478.10082.F.4.CH.2008  0.0607388042  1.869252e-02 -2.706115e-04  8.748603e-06
P1475.10086.F.4.CH.2008 -0.0010878215  1.256466e-02 -1.492727e-04  9.742015e-06
P1453.10228.F.4.CH.2008  0.0133992628  9.256194e-04  1.253139e+00  1.229964e+00
P1447.10228.F.4.CH.2008 -0.0468053656 -3.128062e-03 -4.439547e+00 -4.358382e+00
P1445.10082.F.4.CH.2008  0.0002670983 -2.769463e-02 -1.108905e-04  7.554253e-06
P1442.8505.F.3.CH.2008  -0.0019761144 -1.209501e-04 -8.123857e-02 -4.784659e-02
P1431.10061.F.4.CH.2008 -0.0461988226 -4.563457e-02 -5.149867e-05  1.067719e-05
P1420.10262.F.2.CH.2008 -0.0078900568 -1.106244e-04 -4.355332e-03 -3.825299e-03
P1419.10693.F.3.CH.2008  0.0186691416  9.829452e-04  2.500048e-01 -1.667801e-01
P1414.10061.F.4.CH.2008 -0.0461988226 -4.563457e-02 -5.149867e-05  1.067719e-05
P1410.10239.F.2.CH.2008 -0.0220929465 -1.908719e-03  1.258920e-04 -7.850957e-06
P1407.8636.F.4.CH.2008   0.5196445679  9.875605e-03 -2.472246e-03  1.511295e-04
P1388.10262.F.2.CH.2008 -0.0078900568 -1.106244e-04 -4.355332e-03 -3.825299e-03
P1372.10264.F.2.CH.2008  0.0016577668  2.511693e-05 -4.544846e-02 -5.025398e-02
P1361.10125.F.3.CH.2008 -0.0418943752  3.957587e-02  5.021425e-05 -2.939830e-06
P1346.10280.F.1.CH.2008  0.0502847640  1.378351e-03  1.306901e-01  3.833870e-02
P1337.8238.F.1.CH.2008  -3.8482942029 -9.521733e-02  3.098310e-02 -1.980316e-03
P1321.8259.F.4.CH.2008   0.1698596049  4.674424e-03  4.820266e-01  1.705735e-01
P1274.8636.F.4.CH.2008   0.5196445679  9.875605e-03 -2.472246e-03  1.511295e-04
P1165.10687.F.1.CH.2008 -0.0006792954 -3.581514e-05 -2.948287e-02 -1.784621e-02
P1151.8505.F.3.CH.2008  -0.0019761144 -1.209501e-04 -8.123857e-02 -4.784659e-02
P1144.8095.F.3.CH.2008   0.9921356086  2.455390e-02 -8.013980e-03  5.122688e-04
P1094.10713.F.4.CH.2008 -0.0235562837 -1.224225e-03 -3.596552e-01  2.627315e-01
P1093.8588.F.3.CH.2008   0.0213126831  2.922112e-03  5.096635e+00 -5.344057e+00
P1060.8657.F.4.CH.2008   0.0928650279  1.436371e-03 -1.763780e-03  1.158174e-04
P1026.10713.F.4.CH.2008  0.0135167214  3.659384e-04  3.907857e-02 -2.574275e-02
P1025.13676.F.1.CH.2008 -0.0754784514  6.442858e+00  2.224235e-02 -1.555111e-03
P1002.10262.F.2.CH.2008  0.0007796430  2.449551e-05  1.788112e-02  1.656596e-02
P0985.10264.F.2.CH.2008 -0.0002653239 -3.527728e-05  8.284039e-02  9.521321e-02
P0984.13677.F.1.CH.2008 -0.0461988226 -4.563457e-02 -5.149867e-05  1.067719e-05
P0956.10125.F.3.CH.2008 -0.0418943752  3.957587e-02  5.021425e-05 -2.939831e-06
P0939.10082.F.4.CH.2008  0.0002670983 -2.769463e-02 -1.108905e-04  7.554253e-06
P0744.8588.F.3.CH.2008  -0.1299020631 -6.882544e-03 -7.476043e+00  7.498323e+00
P0640.10228.F.4.CH.2008 -0.0008332499 -5.391650e-04  2.545675e-04  6.870586e-05
                               PCNM21
P3137.8636.F.4.CH.2008   3.945656e-04
P3096.10086.F.4.CH.2008  1.267165e-05
P3026.10228.F.4.CH.2008  1.984153e-02
P1877.8657.F.4.CH.2008  -4.300467e-03
P1873.10239.F.2.CH.2008 -1.851817e-05
P1813.8636.F.4.CH.2008  -1.315197e-04
P1801.8407.F.4.CH.2008  -8.870917e-03
P1749.8095.F.3.CH.2008   1.768096e-03
P1555.8701.F.1.CH.2008   9.888392e-05
P1549.10065.F.4.CH.2008 -8.271847e-03
P1548.8407.F.4.CH.2008   1.742055e-02
P1536.10239.F.2.CH.2008 -1.851817e-05
P1532.10713.F.4.CH.2008 -2.230235e-02
P1478.10082.F.4.CH.2008  2.705272e-05
P1475.10086.F.4.CH.2008  4.635859e-05
P1453.10228.F.4.CH.2008  1.984153e-02
P1447.10228.F.4.CH.2008 -7.045364e-02
P1445.10082.F.4.CH.2008  3.691809e-05
P1442.8505.F.3.CH.2008  -9.869742e-05
P1431.10061.F.4.CH.2008  6.239570e-05
P1420.10262.F.2.CH.2008  6.023138e-05
P1419.10693.F.3.CH.2008 -5.641046e+00
P1414.10061.F.4.CH.2008  6.239570e-05
P1410.10239.F.2.CH.2008 -1.851817e-05
P1407.8636.F.4.CH.2008   3.945656e-04
P1388.10262.F.2.CH.2008  6.023138e-05
P1372.10264.F.2.CH.2008 -1.578611e-03
P1361.10125.F.3.CH.2008  1.927033e-05
P1346.10280.F.1.CH.2008 -1.605698e-02
P1337.8238.F.1.CH.2008  -6.825495e-03
P1321.8259.F.4.CH.2008  -5.344965e-02
P1274.8636.F.4.CH.2008   3.945656e-04
P1165.10687.F.1.CH.2008 -2.599081e-04
P1151.8505.F.3.CH.2008  -9.869742e-05
P1144.8095.F.3.CH.2008   1.768096e-03
P1094.10713.F.4.CH.2008  6.493288e+00
P1093.8588.F.3.CH.2008   5.240120e-01
P1060.8657.F.4.CH.2008   4.825429e-04
P1026.10713.F.4.CH.2008 -2.230235e-02
P1025.13676.F.1.CH.2008 -7.460506e-03
P1002.10262.F.2.CH.2008  6.175432e-05
P0985.10264.F.2.CH.2008  3.668896e-03
P0984.13677.F.1.CH.2008  6.239570e-05
P0956.10125.F.3.CH.2008  1.927033e-05
P0939.10082.F.4.CH.2008  3.691809e-05
P0744.8588.F.3.CH.2008  -5.680722e-01
P0640.10228.F.4.CH.2008 -4.937896e-05
[1] "CCA with weighted PCNM"

Call:
cca(formula = comm_obj ~ scores(Wpcnm) + Season + Age, data = meta_sub) 

Partitioning of scaled Chi-square:
              Inertia Proportion
Total          1.1318     1.0000
Constrained    0.6669     0.5893
Unconstrained  0.4648     0.4107

Eigenvalues, and their contribution to the scaled Chi-square 

Importance of components:
                        CCA1   CCA2    CCA3    CCA4    CCA5    CCA6    CCA7
Eigenvalue            0.3013 0.1287 0.09351 0.05020 0.03640 0.02212 0.01661
Proportion Explained  0.2662 0.1137 0.08262 0.04436 0.03216 0.01955 0.01468
Cumulative Proportion 0.2662 0.3800 0.46258 0.50694 0.53910 0.55865 0.57333
                          CCA8     CCA9    CCA10    CCA11    CCA12     CCA13
Eigenvalue            0.005888 0.004545 0.003339 0.002435 0.001580 0.0002683
Proportion Explained  0.005202 0.004016 0.002950 0.002152 0.001396 0.0002371
Cumulative Proportion 0.578528 0.582544 0.585493 0.587645 0.589041 0.5892781
                         CA1     CA2     CA3     CA4     CA5     CA6     CA7
Eigenvalue            0.1809 0.07301 0.06661 0.04849 0.03386 0.02131 0.01716
Proportion Explained  0.1599 0.06451 0.05885 0.04285 0.02992 0.01883 0.01516
Cumulative Proportion 0.7491 0.81366 0.87251 0.91535 0.94527 0.96410 0.97927
                           CA8      CA9     CA10     CA11     CA12      CA13
Eigenvalue            0.008699 0.005669 0.004830 0.002695 0.001286 0.0002864
Proportion Explained  0.007686 0.005009 0.004268 0.002381 0.001136 0.0002530
Cumulative Proportion 0.986953 0.991962 0.996230 0.998611 0.999747 1.0000000

Accumulated constrained eigenvalues
Importance of components:
                        CCA1   CCA2    CCA3    CCA4    CCA5    CCA6    CCA7
Eigenvalue            0.3013 0.1287 0.09351 0.05020 0.03640 0.02212 0.01661
Proportion Explained  0.4518 0.1930 0.14021 0.07528 0.05458 0.03317 0.02491
Cumulative Proportion 0.4518 0.6448 0.78500 0.86027 0.91485 0.94802 0.97293
                          CCA8     CCA9    CCA10    CCA11    CCA12     CCA13
Eigenvalue            0.005888 0.004545 0.003339 0.002435 0.001580 0.0002683
Proportion Explained  0.008828 0.006815 0.005006 0.003652 0.002369 0.0004023
Cumulative Proportion 0.981757 0.988572 0.993578 0.997229 0.999598 1.0000000

Scaling 2 for species and site scores
* Species are scaled proportional to eigenvalues
* Sites are unscaled: weighted dispersion equal on all dimensions


Species scores

                                             CCA1     CCA2     CCA3      CCA4
7043c33d20fcae3fe26d9ce4b0c125e265e1abd0  0.24738  0.84520  0.89676 -0.009647
196c5cfa4dc50b44d41aa0758e281103c5bdd5e2 -0.62035 -0.08456  0.01835  0.091894
e99e61ca834a7c493182e0315e383ee41547dbd0  0.49967 -0.25666  0.05177  0.046612
8e4cf2b1369f3463868939e2f33b57232bea618d  0.14294  0.23491 -0.13688 -0.170429
b212ce219f884c266dda7a85b0a4fa6e797e0c54  0.09749  0.46531 -0.54620  0.006000
e6aa12974247b6ec7fae3e25aeffa1d7bd744ec2  0.68302  0.22288 -0.09576  0.109888
0d02df0bfe003e6a1c79cb70ea485a0d5572ce2d  0.08633  0.16930 -0.29025 -0.520691
6263d2de888216e2ccb06dadb2eedafe1853eaeb  0.52950 -0.59142  0.24934 -0.141548
ed431e1f7f124b162542909fd06aabe258956802  0.81804 -0.41051 -0.02208  0.282242
d8f5b3d86a4953eb85a9db29ae3a8f1c088aeb3c  0.52357  0.08048 -0.20167 -0.055885
2657f398b7d9c27f3ca37479ca5030a17190cc42  0.53672  0.04705 -0.28937  0.053430
b6ffefa097567d8148f17ad0e06154f1647669ee -0.18361  0.09697 -0.16146  0.051925
c2a100a45b06564caab49637e5c2a042f0de5bfd -0.08854 -0.15958  0.12328 -0.627141
4f2c2b2652b4915634ce618875b7b0fd2fdebcd4  0.76834  0.33469 -0.25106  0.264796
                                             CCA5      CCA6
7043c33d20fcae3fe26d9ce4b0c125e265e1abd0  0.08000  0.100184
196c5cfa4dc50b44d41aa0758e281103c5bdd5e2 -0.03561 -0.002156
e99e61ca834a7c493182e0315e383ee41547dbd0 -0.08123 -0.006679
8e4cf2b1369f3463868939e2f33b57232bea618d  0.16527 -0.387939
b212ce219f884c266dda7a85b0a4fa6e797e0c54  0.46390  0.032794
e6aa12974247b6ec7fae3e25aeffa1d7bd744ec2 -0.32220 -0.248014
0d02df0bfe003e6a1c79cb70ea485a0d5572ce2d -0.26719  0.257602
6263d2de888216e2ccb06dadb2eedafe1853eaeb  0.10722 -0.025644
ed431e1f7f124b162542909fd06aabe258956802  0.11265  0.217047
d8f5b3d86a4953eb85a9db29ae3a8f1c088aeb3c -0.30214  0.060687
2657f398b7d9c27f3ca37479ca5030a17190cc42 -0.21255  0.080137
b6ffefa097567d8148f17ad0e06154f1647669ee -0.02574  0.005036
c2a100a45b06564caab49637e5c2a042f0de5bfd  0.21462 -0.416868
4f2c2b2652b4915634ce618875b7b0fd2fdebcd4 -0.22240 -0.200685


Site scores (weighted averages of species scores)

                            CCA1      CCA2      CCA3     CCA4     CCA5     CCA6
P3026.10228.F.4.CH.2008 -1.50059 -0.554969 -0.026178  0.75472 -0.59308 -0.03225
P3096.10086.F.4.CH.2008 -1.55062 -0.267795  0.086941  1.23776 -0.22323 -0.27528
P3137.8636.F.4.CH.2008  -1.24639 -0.168013 -0.335753  0.70715 -0.28482 -0.06031
P1445.10082.F.4.CH.2008 -1.01478 -0.082777  0.101825 -0.18378 -0.65768  0.16571
P1407.8636.F.4.CH.2008  -1.14806  0.167455 -0.722637  0.82365  1.26173 -0.60306
P1873.10239.F.2.CH.2008  0.13515 -0.805308  1.356715 -2.72666  1.56052 -3.60813
P1321.8259.F.4.CH.2008   0.24501 -0.748103  0.577338 -2.30744  0.81192 -2.53410
P1442.8505.F.3.CH.2008  -1.00289 -0.004968  0.193672  0.62964 -0.17472 -0.56113
P1060.8657.F.4.CH.2008   1.68721  0.513502 -1.070693  1.90783 -2.57459 -0.45277
P1877.8657.F.4.CH.2008   0.67131  0.446001 -1.455134  0.81296  1.42037 -1.24615
P1093.8588.F.3.CH.2008   0.85561  0.184728 -0.681349 -2.54374 -1.24179 -0.22822
P1548.8407.F.4.CH.2008   0.10333 -0.699620  0.345244 -0.92259  0.66460 -1.65808
P0640.10228.F.4.CH.2008  1.16985  1.837081 -1.753185  0.20910  1.96744 -1.11650
P1151.8505.F.3.CH.2008   2.12873 -1.535439  0.563544  2.25056  0.40345  2.49638
P1813.8636.F.4.CH.2008   0.05337  1.351421 -2.116544  0.27656  3.68513  0.26049
P1372.10264.F.2.CH.2008 -0.46571  0.245294  1.478301  0.10307  0.06734  0.87900
P1274.8636.F.4.CH.2008   0.35513  0.924289 -2.395458 -1.94678  1.84796  2.31842
P1549.10065.F.4.CH.2008  0.92138 -0.512910  0.007525 -0.81629 -0.55894 -0.17099
P1478.10082.F.4.CH.2008  0.87755  2.161900  0.927952 -0.19552  0.89159 -0.07517
P1532.10713.F.4.CH.2008 -0.87966 -0.124602 -0.402989  0.31144  0.91628 -1.06759
P1749.8095.F.3.CH.2008   0.72213  0.276395 -1.209841 -3.49084 -2.44836  3.76813
P1431.10061.F.4.CH.2008  0.73538 -0.783034 -0.488046 -0.26498 -2.05640  1.41885
P1420.10262.F.2.CH.2008 -0.18363  0.383445  0.360924 -1.71203  0.02878  1.75083
P1414.10061.F.4.CH.2008  1.04515 -1.595825  0.242619  0.03851  0.28413  2.54172
P1447.10228.F.4.CH.2008  0.05911  0.126600 -0.924089 -3.83161 -0.03153  2.39559
P1453.10228.F.4.CH.2008 -0.49475  0.216432 -0.641744  0.24260  0.84799  0.15942
P1094.10713.F.4.CH.2008  0.87284 -1.554035 -0.120082  1.71718 -0.23080  2.11048
P0985.10264.F.2.CH.2008  1.59120  0.019294  0.141241 -0.28044 -1.32746 -1.07174
P1002.10262.F.2.CH.2008 -0.02418  1.120573  1.271490 -2.01402  0.40514  1.68930
P1361.10125.F.3.CH.2008  1.87667 -2.274665  0.754386 -0.32307 -0.28829 -0.38540
P1337.8238.F.1.CH.2008   0.99554  1.652942 -2.753632  0.06931  4.01234 -3.62964
P1165.10687.F.1.CH.2008  1.43949  2.747840  0.464024  0.64666 -2.24593 -1.61434
P0956.10125.F.3.CH.2008  1.95761 -3.021795  1.272883  0.13180  1.07286  0.84118
P1026.10713.F.4.CH.2008  0.44610  2.090990  2.100047 -1.16930  0.14576 -2.01698
P1801.8407.F.4.CH.2008   0.83801  1.766813  0.327230 -2.31107  0.81349  2.87247
P1144.8095.F.3.CH.2008   1.62738  0.898336 -1.868247  0.65770 -2.77750 -1.55750
P1025.13676.F.1.CH.2008  1.22781  1.700494 -1.406354  0.42953  0.16258 -2.17603
P0939.10082.F.4.CH.2008  1.22991  0.646220 -1.889008 -2.60950 -3.16608  3.95167
P1346.10280.F.1.CH.2008  1.47049  1.030676 -2.040066  1.90317  2.87613  1.61730
P0744.8588.F.3.CH.2008   0.90538  3.795798  4.617155 -1.13297  0.13531  3.98846
P1555.8701.F.1.CH.2008   1.25718  0.240952 -1.115911 -0.86507  0.31753  1.10428
P1536.10239.F.2.CH.2008  1.69097  2.001119 -2.582906  1.80672 -3.15053 -5.55442
P1419.10693.F.3.CH.2008  0.37475  0.386203  2.460354 -6.80409  3.69767 -8.65220
P1388.10262.F.2.CH.2008  1.63698  3.079196  3.288363  1.87679 -0.67645 -0.20813
P0984.13677.F.1.CH.2008  1.70306  0.366820 -1.207135 -0.05370 -3.27948 -1.24350
P1475.10086.F.4.CH.2008  1.16205  2.967783  3.894531 -0.57098  0.28890 -0.14111
P1410.10239.F.2.CH.2008  0.89114  0.790592 -1.327823 -4.02979 -3.27525  2.10295


Site constraints (linear combinations of constraining variables)

                            CCA1       CCA2    CCA3     CCA4    CCA5     CCA6
P3026.10228.F.4.CH.2008 -0.95363 -0.0380566 -0.4051 -0.04374 -0.5121  0.41902
P3096.10086.F.4.CH.2008 -0.76698  0.0006566  0.1350  0.97576 -0.2941 -0.05314
P3137.8636.F.4.CH.2008  -1.27048 -0.2733864  0.1424  0.61098 -0.2278  0.39179
P1445.10082.F.4.CH.2008 -0.89503  0.0890976 -0.1611 -0.35181 -0.5252  0.29149
P1407.8636.F.4.CH.2008   0.24747 -0.2928684  0.1136 -0.46408  0.8880 -0.20764
P1873.10239.F.2.CH.2008  0.94445 -1.0914364  0.8043 -0.53229  0.3251 -0.59650
P1321.8259.F.4.CH.2008  -0.15745 -1.0402347  0.5809 -2.12726  0.5026 -1.81090
P1442.8505.F.3.CH.2008  -0.88686 -0.1313134  0.5207 -0.52631  0.2681 -0.87800
P1060.8657.F.4.CH.2008   2.45996 -0.3237490 -0.3865  0.72665 -2.2787  1.18357
P1877.8657.F.4.CH.2008  -0.14373 -0.6409932 -2.4975  2.04671  0.4175 -2.52494
P1093.8588.F.3.CH.2008   0.27750  0.8727564 -0.9303 -0.63793 -1.9553  0.65258
P1548.8407.F.4.CH.2008   1.19020  0.0305257  0.6031 -0.64280  0.7443 -0.57513
P0640.10228.F.4.CH.2008  0.65500  1.3171893 -1.4631  0.73431  0.8197  0.18285
P1151.8505.F.3.CH.2008   0.93081 -1.3191973 -0.3008  1.31538  1.1917  0.44956
P1813.8636.F.4.CH.2008   0.05398  0.4331564 -0.3485  1.42771  2.9675  1.24922
P1372.10264.F.2.CH.2008 -0.32775  0.0500077  0.6318  0.43226 -0.3715  0.02430
P1274.8636.F.4.CH.2008   0.39215  0.7833748 -2.3421 -1.88938  1.6850  2.32468
P1549.10065.F.4.CH.2008 -0.54483 -1.0783316  0.2717  0.63363 -2.1566 -0.87419
P1478.10082.F.4.CH.2008  0.32045  1.6221208  0.8819 -0.76897  1.1866 -0.30397
P1532.10713.F.4.CH.2008 -0.91969  0.0120861 -0.2235 -0.19553  1.1359 -0.33719
P1749.8095.F.3.CH.2008  -0.99962  0.0355924 -0.8350 -0.61937 -0.6392  1.15116
P1431.10061.F.4.CH.2008  1.01822 -0.6849227 -1.1179 -0.08944 -0.7817  1.33884
P1420.10262.F.2.CH.2008 -1.86243 -0.3113081 -0.7129 -0.01680  1.2796  0.03030
P1414.10061.F.4.CH.2008  0.24747 -0.2928684  0.1136 -0.46408  0.8880 -0.20764
P1447.10228.F.4.CH.2008 -0.95363 -0.0380566 -0.4051 -0.04374 -0.5121  0.41902
P1453.10228.F.4.CH.2008 -0.05689  0.3589865 -0.3456 -0.79809 -0.7828  0.78366
P1094.10713.F.4.CH.2008  1.77505 -3.1358297  0.3211  2.67211  1.0643  1.32396
P0985.10264.F.2.CH.2008  0.93407  2.1737989  1.9033  0.84917 -0.4391 -0.39676
P1002.10262.F.2.CH.2008  1.00963  0.2671884  1.0048 -1.53202  1.6511  1.19511
P1361.10125.F.3.CH.2008  1.66302 -1.7415376  0.8852  0.52977 -0.4224 -1.32165
P1337.8238.F.1.CH.2008   0.92293  2.9498956 -2.0937  1.52296  0.1287 -4.21892
P1165.10687.F.1.CH.2008 -0.95363 -0.0380566 -0.4051 -0.04374 -0.5121  0.41902
P0956.10125.F.3.CH.2008  1.43266 -2.2086503  0.9661 -0.32691  0.2796  1.41073
P1026.10713.F.4.CH.2008  1.26318  1.9455149  1.3713 -0.94769  1.0430 -0.67146
P1801.8407.F.4.CH.2008   0.05588  0.1920808  1.0101 -0.70503  0.1244 -1.24549
P1144.8095.F.3.CH.2008   1.90578  0.9830051 -2.4751  0.83504 -1.5626 -1.64058
P1025.13676.F.1.CH.2008  1.20758  2.3466229 -2.4778  0.37590  2.1868 -2.09117
P0939.10082.F.4.CH.2008  1.67028  0.2807665 -0.9718 -4.70275 -1.9050 -0.29688
P1346.10280.F.1.CH.2008  1.59774  1.6405834 -0.9736  0.55559  0.6760 -0.18464
P0744.8588.F.3.CH.2008   0.07560  2.6948175  3.5840  0.08326 -0.8587  2.69380
P1555.8701.F.1.CH.2008   0.31815  0.2935516 -1.4550 -2.15649 -1.6666  1.29703
P1536.10239.F.2.CH.2008  1.77107  1.1073964 -3.2642  0.62115 -1.7891 -4.69700
P1419.10693.F.3.CH.2008 -0.24397 -0.6350646 -0.1973 -1.74184  0.6955 -0.97069
P1388.10262.F.2.CH.2008  0.93407  2.1737989  1.9033  0.84917 -0.4391 -0.39676
P0984.13677.F.1.CH.2008  0.39790 -0.7549375  0.7612  0.45491 -2.3003 -1.24168
P1475.10086.F.4.CH.2008  1.13677  3.5748972  2.8905 -0.60800  2.1377 -0.07451
P1410.10239.F.2.CH.2008  1.38553  0.5436171 -0.5515 -1.78035 -0.9552  0.81289


Biplot scores for constraining variables

                        CCA1     CCA2      CCA3      CCA4      CCA5      CCA6
scores(Wpcnm)PCNM1  -0.12430 -0.11488 -0.074712 -0.484611 -0.290447 -0.069830
scores(Wpcnm)PCNM2   0.13362  0.06212 -0.111849 -0.084969  0.117375  0.246014
scores(Wpcnm)PCNM3   0.35001 -0.27062 -0.152889 -0.218751  0.024329  0.117637
scores(Wpcnm)PCNM4   0.12115  0.31290 -0.273262  0.083032 -0.349601  0.416211
scores(Wpcnm)PCNM5   0.32342  0.33125 -0.241545  0.062301  0.192554 -0.238266
scores(Wpcnm)PCNM6   0.47769  0.27519  0.359161  0.200181 -0.196490 -0.054414
scores(Wpcnm)PCNM7   0.03681 -0.12261 -0.069122 -0.020201 -0.035910 -0.086989
scores(Wpcnm)PCNM8  -0.09646  0.33651  0.230970 -0.231025  0.543550 -0.111537
scores(Wpcnm)PCNM9  -0.32334  0.28504 -0.065035 -0.263095  0.140177  0.079594
scores(Wpcnm)PCNM10  0.15432 -0.05935 -0.228701  0.073451 -0.001186  0.218445
scores(Wpcnm)PCNM11  0.08554  0.08816 -0.012153 -0.474446 -0.118315 -0.186862
scores(Wpcnm)PCNM12  0.11227 -0.32768  0.050991  0.002692  0.068309  0.098511
scores(Wpcnm)PCNM13  0.24337 -0.11382 -0.076434  0.125496  0.483931  0.145582
scores(Wpcnm)PCNM14 -0.17038 -0.03788  0.086357  0.162204  0.118917  0.008398
scores(Wpcnm)PCNM15  0.05676 -0.28334  0.316882 -0.127644  0.093605  0.394274
scores(Wpcnm)PCNM16  0.03274 -0.10639 -0.001198  0.035010  0.049813 -0.044221
scores(Wpcnm)PCNM17 -0.16364  0.26727 -0.170561  0.055477 -0.138880  0.222673
scores(Wpcnm)PCNM18  0.01798  0.25001  0.439694 -0.137163 -0.095976  0.383693
scores(Wpcnm)PCNM19 -0.12258 -0.14033  0.031727  0.252850 -0.170628 -0.256688
scores(Wpcnm)PCNM20 -0.11769 -0.02604  0.437012  0.177378 -0.178059 -0.114050
scores(Wpcnm)PCNM21  0.07193  0.13285 -0.126455  0.082448 -0.067196 -0.254277
SeasonLate Spring   -0.56501 -0.19953 -0.290730  0.083015  0.097689  0.086935
Age                 -0.51648  0.15012 -0.330263  0.153493  0.048638 -0.151060


Centroids for factor constraints

                      CCA1    CCA2    CCA3     CCA4     CCA5     CCA6
SeasonEarly Spring  0.8145  0.2876  0.4191 -0.11967 -0.14082 -0.12532
SeasonLate Spring  -0.3919 -0.1384 -0.2017  0.05759  0.06777  0.06031

[1] "Multiscale ordination"
null device 
          1 
[1] "Variance partitioning"
Error in `contrasts<-`(`*tmp*`, value = contr.funs[1 + isOF[nn]]) : 
  contrasts can be applied only to factors with 2 or more levels
Calls: varpart ... model.matrix -> model.matrix.default -> contrasts<-
Execution halted
