Unloading StdEnv/2020

The following have been reloaded with a version change:
  1) gcccore/.9.3.0 => gcccore/.7.3.0     2) imkl/2020.1.217 => imkl/2018.3.222

Loading required package: MASS
Loading required package: NADA
Loading required package: survival

Attaching package: ‘NADA’

The following object is masked from ‘package:stats’:

    cor

Loading required package: truncnorm
Loading required package: ALDEx2
Loading required package: car
Loading required package: carData

Attaching package: ‘lubridate’

The following objects are masked from ‘package:base’:

    date, intersect, setdiff, union

Loading required package: ggplot2
Loading required package: permute
Loading required package: lattice
This is vegan 2.5-6
── Attaching packages ─────────────────────────────────────── tidyverse 1.3.0 ──
✔ tibble  3.0.1     ✔ dplyr   1.0.0
✔ tidyr   1.1.0     ✔ stringr 1.4.0
✔ readr   1.3.1     ✔ forcats 0.5.0
✔ purrr   0.3.4     
── Conflicts ────────────────────────────────────────── tidyverse_conflicts() ──
✖ lubridate::as.difftime() masks base::as.difftime()
✖ lubridate::date()        masks base::date()
✖ dplyr::filter()          masks stats::filter()
✖ lubridate::intersect()   masks base::intersect()
✖ dplyr::lag()             masks stats::lag()
✖ dplyr::recode()          masks car::recode()
✖ dplyr::select()          masks MASS::select()
✖ lubridate::setdiff()     masks base::setdiff()
✖ purrr::some()            masks car::some()
✖ lubridate::union()       masks base::union()
[1] "Read in the Data"
[1] "Building phyloseq object"
Warning message:
In .local(object) : Coercing from data.frame class to character matrix 
prior to building taxonomyTable. 
This could introduce artifacts. 
Check your taxonomyTable, or coerce to matrix manually.
[1] "Read in the metadata"
[1] "Full OTU table"
[1] "Aitchison transformation"
No. corrected values:  11401016 
[1] "Finding core microbiome"
[1] "Extract 95% Occupancy from BC Similarity Core"
[1] "Subset the OTU table to find core and rare OTUs"
null device 
          1 

Family: gaussian 
Link function: identity 

Formula:
y ~ s(x1, x2, k = 10, bs = "tp", fx = FALSE)

Estimated degrees of freedom:
0  total = 1 

REML score: -17.95934     

Family: gaussian 
Link function: identity 

Formula:
y ~ s(x1, x2, k = 10, bs = "tp", fx = FALSE)

Estimated degrees of freedom:
8.73  total = 9.73 

REML score: -39.59821     

Family: gaussian 
Link function: identity 

Formula:
y ~ s(x1, x2, k = 10, bs = "tp", fx = FALSE)

Estimated degrees of freedom:
8.68  total = 9.68 

REML score: -36.31273     

Family: gaussian 
Link function: identity 

Formula:
y ~ s(x1, x2, k = 10, bs = "tp", fx = FALSE)

Estimated degrees of freedom:
8.51  total = 9.51 

REML score: -66.38165     
null device 
          1 
Parsed with column specification:
cols(
  Grid = col_character(),
  Year = col_double(),
  Month = col_double(),
  VariableType = col_character(),
  Community = col_character(),
  R2Adj = col_double(),
  Significant = col_character(),
  P = col_double()
)
`geom_smooth()` using formula 'y ~ x'
null device 
          1 
[1] "is there a significant difference in the R2adj values based on the month and community of origin?"
[1] "All Adjusted R-squared Values - both Spatial and Host factors"

Call:
lm(formula = R2Adj ~ VariableType * Community * Month, data = adj)

Residuals:
     Min       1Q   Median       3Q      Max 
-0.42412 -0.07701 -0.01230  0.05935  0.70046 

Coefficients:
                                             Estimate Std. Error t value
(Intercept)                                   0.21945    0.10551   2.080
VariableTypeSpatial                          -0.26146    0.14921  -1.752
CommunitySatellite                           -0.08954    0.14921  -0.600
Month                                        -0.01881    0.01985  -0.947
VariableTypeSpatial:CommunitySatellite        0.16253    0.21101   0.770
VariableTypeSpatial:Month                     0.03335    0.02808   1.188
CommunitySatellite:Month                      0.01135    0.02808   0.404
VariableTypeSpatial:CommunitySatellite:Month -0.01839    0.03971  -0.463
                                             Pr(>|t|)  
(Intercept)                                    0.0399 *
VariableTypeSpatial                            0.0826 .
CommunitySatellite                             0.5497  
Month                                          0.3456  
VariableTypeSpatial:CommunitySatellite         0.4428  
VariableTypeSpatial:Month                      0.2376  
CommunitySatellite:Month                       0.6869  
VariableTypeSpatial:CommunitySatellite:Month   0.6442  
---
Signif. codes:  0 ‘***’ 0.001 ‘**’ 0.01 ‘*’ 0.05 ‘.’ 0.1 ‘ ’ 1

Residual standard error: 0.1706 on 108 degrees of freedom
Multiple R-squared:  0.05466,	Adjusted R-squared:  -0.006609 
F-statistic: 0.8921 on 7 and 108 DF,  p-value: 0.5155

[1] "All Adjusted R-squared Values - Host factors Only"

Call:
lm(formula = R2Adj ~ Community * Month, data = .)

Residuals:
     Min       1Q   Median       3Q      Max 
-0.31918 -0.09751 -0.03655  0.05862  0.70046 

Coefficients:
                         Estimate Std. Error t value Pr(>|t|)  
(Intercept)               0.21945    0.12583   1.744   0.0868 .
CommunitySatellite       -0.08954    0.17795  -0.503   0.6169  
Month                    -0.01881    0.02368  -0.794   0.4305  
CommunitySatellite:Month  0.01135    0.03348   0.339   0.7360  
---
Signif. codes:  0 ‘***’ 0.001 ‘**’ 0.01 ‘*’ 0.05 ‘.’ 0.1 ‘ ’ 1

Residual standard error: 0.2035 on 54 degrees of freedom
Multiple R-squared:  0.01977,	Adjusted R-squared:  -0.03469 
F-statistic: 0.3631 on 3 and 54 DF,  p-value: 0.7799

[1] "All Adjusted R-squared Values - Spatial only"

Call:
lm(formula = R2Adj ~ Community * Month, data = .)

Residuals:
     Min       1Q   Median       3Q      Max 
-0.42412 -0.04519  0.00683  0.05871  0.30298 

Coefficients:
                          Estimate Std. Error t value Pr(>|t|)
(Intercept)              -0.042009   0.080193  -0.524    0.603
CommunitySatellite        0.072996   0.113410   0.644    0.523
Month                     0.014541   0.015090   0.964    0.340
CommunitySatellite:Month -0.007044   0.021341  -0.330    0.743

Residual standard error: 0.1297 on 54 degrees of freedom
Multiple R-squared:  0.04211,	Adjusted R-squared:  -0.0111 
F-statistic: 0.7913 on 3 and 54 DF,  p-value: 0.504

null device 
          1 
null device 
          1 
