Loading required package: MASS
Loading required package: NADA
Loading required package: survival

Attaching package: ‘NADA’

The following object is masked from ‘package:stats’:

    cor

Loading required package: truncnorm
Loading required package: ALDEx2
Loading required package: car
Loading required package: carData

Attaching package: ‘lubridate’

The following objects are masked from ‘package:base’:

    date, intersect, setdiff, union

Loading required package: ggplot2
Loading required package: permute
Loading required package: lattice
This is vegan 2.5-6
── Attaching packages ─────────────────────────────────────── tidyverse 1.3.0 ──
✔ tibble  3.0.1     ✔ dplyr   1.0.0
✔ tidyr   1.1.0     ✔ stringr 1.4.0
✔ readr   1.3.1     ✔ forcats 0.5.0
✔ purrr   0.3.4     
── Conflicts ────────────────────────────────────────── tidyverse_conflicts() ──
✖ lubridate::as.difftime() masks base::as.difftime()
✖ lubridate::date()        masks base::date()
✖ dplyr::filter()          masks stats::filter()
✖ lubridate::intersect()   masks base::intersect()
✖ dplyr::lag()             masks stats::lag()
✖ dplyr::recode()          masks car::recode()
✖ dplyr::select()          masks MASS::select()
✖ lubridate::setdiff()     masks base::setdiff()
✖ purrr::some()            masks car::some()
✖ lubridate::union()       masks base::union()
[1] "Read in the Data"
[1] "Building phyloseq object"
Warning message:
In .local(object) : Coercing from data.frame class to character matrix 
prior to building taxonomyTable. 
This could introduce artifacts. 
Check your taxonomyTable, or coerce to matrix manually.
[1] "Read in the metadata"
[1] "Full OTU table"
[1] "Aitchison transformation"
No. corrected values:  11401016 
[1] "Finding core microbiome"
[1] "Extract 95% Occupancy from BC Similarity Core"
[1] "Subset the OTU table to find core and rare OTUs"
null device 
          1 

Family: gaussian 
Link function: identity 

Formula:
y ~ s(x1, x2, k = 10, bs = "tp", fx = FALSE)

Estimated degrees of freedom:
0  total = 1 

REML score: -17.95934     

Family: gaussian 
Link function: identity 

Formula:
y ~ s(x1, x2, k = 10, bs = "tp", fx = FALSE)

Estimated degrees of freedom:
8.73  total = 9.73 

REML score: -39.59821     

Family: gaussian 
Link function: identity 

Formula:
y ~ s(x1, x2, k = 10, bs = "tp", fx = FALSE)

Estimated degrees of freedom:
8.68  total = 9.68 

REML score: -36.31273     

Family: gaussian 
Link function: identity 

Formula:
y ~ s(x1, x2, k = 10, bs = "tp", fx = FALSE)

Estimated degrees of freedom:
8.51  total = 9.51 

REML score: -66.38165     
null device 
          1 
Parsed with column specification:
cols(
  Grid = col_character(),
  Year = col_double(),
  Month = col_double(),
  VariableType = col_character(),
  Community = col_character(),
  R2Adj = col_double(),
  Significant = col_character(),
  P = col_double()
)
`geom_smooth()` using formula 'y ~ x'
null device 
          1 
[1] "is there a significant difference in the R2adj values based on the month and community of origin?"
[1] "All Adjusted R-squared Values - both Spatial and Environmental"

Call:
lm(formula = R2Adj ~ VariableType * Community * Month, data = adj)

Residuals:
     Min       1Q   Median       3Q      Max 
-0.42412 -0.05859 -0.00745  0.05566  0.70046 

Coefficients:
                                        Estimate Std. Error t value Pr(>|t|)  
(Intercept)                              0.21945    0.08948   2.453   0.0152 *
VariableTypeSpatial                     -0.26146    0.12654  -2.066   0.0404 *
CommunityFull                           -0.08950    0.12654  -0.707   0.4804  
CommunityRare                           -0.08954    0.12654  -0.708   0.4802  
Month                                   -0.01881    0.01684  -1.117   0.2657  
VariableTypeSpatial:CommunityFull        0.18339    0.17895   1.025   0.3070  
VariableTypeSpatial:CommunityRare        0.16253    0.17895   0.908   0.3651  
VariableTypeSpatial:Month                0.03335    0.02381   1.400   0.1633  
CommunityFull:Month                      0.01137    0.02381   0.477   0.6337  
CommunityRare:Month                      0.01135    0.02381   0.477   0.6343  
VariableTypeSpatial:CommunityFull:Month -0.02340    0.03367  -0.695   0.4882  
VariableTypeSpatial:CommunityRare:Month -0.01839    0.03367  -0.546   0.5857  
---
Signif. codes:  0 ‘***’ 0.001 ‘**’ 0.01 ‘*’ 0.05 ‘.’ 0.1 ‘ ’ 1

Residual standard error: 0.1447 on 162 degrees of freedom
Multiple R-squared:  0.05501,	Adjusted R-squared:  -0.009157 
F-statistic: 0.8573 on 11 and 162 DF,  p-value: 0.5834

[1] "All Adjusted R-squared Values - Environmental Only"

Call:
lm(formula = R2Adj ~ Community * Month, data = .)

Residuals:
     Min       1Q   Median       3Q      Max 
-0.31918 -0.07472 -0.02965  0.05216  0.70046 

Coefficients:
                    Estimate Std. Error t value Pr(>|t|)  
(Intercept)          0.21945    0.10635   2.063   0.0423 *
CommunityFull       -0.08950    0.15041  -0.595   0.5535  
CommunityRare       -0.08954    0.15041  -0.595   0.5533  
Month               -0.01881    0.02001  -0.940   0.3502  
CommunityFull:Month  0.01137    0.02830   0.402   0.6890  
CommunityRare:Month  0.01135    0.02830   0.401   0.6895  
---
Signif. codes:  0 ‘***’ 0.001 ‘**’ 0.01 ‘*’ 0.05 ‘.’ 0.1 ‘ ’ 1

Residual standard error: 0.172 on 81 degrees of freedom
Multiple R-squared:  0.02206,	Adjusted R-squared:  -0.03831 
F-statistic: 0.3654 on 5 and 81 DF,  p-value: 0.8708

[1] "All Adjusted R-squared Values - Spatial only"

Call:
lm(formula = R2Adj ~ Community * Month, data = .)

Residuals:
     Min       1Q   Median       3Q      Max 
-0.42412 -0.04124  0.00332  0.05830  0.30298 

Coefficients:
                     Estimate Std. Error t value Pr(>|t|)
(Intercept)         -0.042009   0.068562  -0.613    0.542
CommunityFull        0.093889   0.096961   0.968    0.336
CommunityRare        0.072996   0.096961   0.753    0.454
Month                0.014541   0.012901   1.127    0.263
CommunityFull:Month -0.012026   0.018245  -0.659    0.512
CommunityRare:Month -0.007044   0.018245  -0.386    0.700

Residual standard error: 0.1109 on 81 degrees of freedom
Multiple R-squared:  0.04263,	Adjusted R-squared:  -0.01647 
F-statistic: 0.7213 on 5 and 81 DF,  p-value: 0.6093

null device 
          1 
null device 
          1 
