
Lmod is automatically replacing "intel/2016.4" with "gcc/7.3.0".

-------------------------------------------------------------------------------
The following dependent module(s) are not currently loaded: gcccore/.5.4.0 (required by: icc/.2016.4.258, ifort/.2016.4.258)
-------------------------------------------------------------------------------

Due to MODULEPATH changes, the following have been reloaded:
  1) openmpi/2.1.1

The following have been reloaded with a version change:
  1) gcccore/.5.4.0 => gcccore/.7.3.0     2) imkl/11.3.4.258 => imkl/2018.3.222

Loading required package: permute
Loading required package: lattice
This is vegan 2.5-6
Loading required package: MASS
Loading required package: NADA
Loading required package: survival

Attaching package: ‘NADA’

The following object is masked from ‘package:stats’:

    cor

Loading required package: truncnorm
Loading required package: ALDEx2
Loading required package: car
Loading required package: carData

Attaching package: ‘lubridate’

The following objects are masked from ‘package:base’:

    date, intersect, setdiff, union

Loading required package: ggplot2
── Attaching packages ─────────────────────────────────────── tidyverse 1.3.0 ──
✔ tibble  3.0.1     ✔ dplyr   1.0.0
✔ tidyr   1.1.0     ✔ stringr 1.4.0
✔ readr   1.3.1     ✔ forcats 0.5.0
✔ purrr   0.3.4     
── Conflicts ────────────────────────────────────────── tidyverse_conflicts() ──
✖ lubridate::as.difftime() masks base::as.difftime()
✖ lubridate::date()        masks base::date()
✖ dplyr::filter()          masks stats::filter()
✖ lubridate::intersect()   masks base::intersect()
✖ dplyr::lag()             masks stats::lag()
✖ dplyr::recode()          masks car::recode()
✖ dplyr::select()          masks MASS::select()
✖ lubridate::setdiff()     masks base::setdiff()
✖ purrr::some()            masks car::some()
✖ lubridate::union()       masks base::union()
[1] "Read in the Data"
[1] "Building phyloseq object"
Warning message:
In .local(object) : Coercing from data.frame class to character matrix 
prior to building taxonomyTable. 
This could introduce artifacts. 
Check your taxonomyTable, or coerce to matrix manually.
[1] "Read in the metadata"
[1] "Full OTU table"
[1] "Aitchison transformation"
No. corrected values:  11401016 
[1] "Finding core microbiome"
[1] "Extract 95% Occupancy from BC Similarity Core"
[1] "Subset the OTU table to find core and rare OTUs"
null device 
          1 
Parsed with column specification:
cols(
  Grid = col_character(),
  Year = col_double(),
  Month = col_double(),
  VariableType = col_character(),
  Community = col_character(),
  R2Adj = col_double(),
  Significant = col_character(),
  P = col_double()
)
`geom_smooth()` using formula 'y ~ x'
null device 
          1 
`geom_smooth()` using formula 'y ~ x'
null device 
          1 
[1] "is there a significant difference in the R2adj values based on the month and community of origin?"
[1] "All Adjusted R-squared Values"
Analysis of Variance Table

Response: R2Adj
                 Df Sum Sq   Mean Sq F value Pr(>F)
Community         2 0.0002 0.0001125  0.0053 0.9947
Month             1 0.0010 0.0010312  0.0483 0.8263
Community:Month   2 0.0005 0.0002679  0.0125 0.9875
Residuals       168 3.5877 0.0213554               
null device 
          1 
null device 
          1 
