
Lmod is automatically replacing "intel/2016.4" with "gcc/7.3.0".

-------------------------------------------------------------------------------
The following dependent module(s) are not currently loaded: gcccore/.5.4.0 (required by: icc/.2016.4.258, ifort/.2016.4.258)
-------------------------------------------------------------------------------

Due to MODULEPATH changes, the following have been reloaded:
  1) openmpi/2.1.1

The following have been reloaded with a version change:
  1) gcccore/.5.4.0 => gcccore/.7.3.0     2) imkl/11.3.4.258 => imkl/2018.3.222

[1] "Set up (working directory, theme, and packages)"
── Attaching packages ─────────────────────────────────────── tidyverse 1.3.0 ──
✔ ggplot2 3.3.0     ✔ purrr   0.3.3
✔ tibble  3.0.1     ✔ dplyr   0.8.4
✔ tidyr   1.0.2     ✔ stringr 1.4.0
✔ readr   1.3.1     ✔ forcats 0.4.0
── Conflicts ────────────────────────────────────────── tidyverse_conflicts() ──
✖ dplyr::filter() masks stats::filter()
✖ dplyr::lag()    masks stats::lag()
Loading required package: permute
Loading required package: lattice
This is vegan 2.5-6
[1] "Initiate functions for analysis"
[1] "Read in the Data"
[1] "Building phyloseq object"
[1] "Read in the metadata"
[1] "Finding core microbiome"
[1] "Accessing full OTU table as a community object"
[1] "Transforming the OTU counts to relative abundance"
[1] "Calculating 95% threshold"
[1] 863.55
[1] "Accessing the number of non-zero occurrences of each OTU"
[1] "Calculating average relative abundance"
[1] "Extract the OTUs that occur in >95% of samples"
[1] "Find OTUs that occur in >95% of samples and have an average relative abundance >0.1%"
Joining, by = "OTU"
[1] "How many OTUs meet these criteria?"
[1] 14
[1] "Subset the OTU table to find core and rare OTUs"
[1] "Accessing the XY data by month"
[1] "Months in this Grid"
[1] 5 6 3 4 2
[1] "Computing Euclidean Distances"
[1] "Maximum Euclidean Distance by Month"
Error: `.vars` must be a character/numeric vector or a `vars()` object, not a list
Backtrace:
    █
 1. └─base::lapply(dist_list, max_dist)
 2.   └─global::FUN(X[[i]], ...)
 3.     └─dplyr::summarise_each(df1, ~max(df1, na.rm = TRUE))
 4.       └─dplyr::summarise_each_(tbl, funs, enquos(...))
 5.         └─dplyr:::manip_at(tbl, vars, funs, enquo(funs), caller_env())
 6.           └─dplyr:::tbl_at_syms(.tbl, .vars, .include_group_vars = .include_group_vars)
 7.             └─dplyr:::tbl_at_vars(tbl, vars, .include_group_vars = .include_group_vars)
 8.               └─dplyr:::bad_args(...)
 9.                 └─dplyr:::glubort(fmt_args(args), ..., .envir = .envir)
In addition: Warning messages:
1: In structure(vars, groups = group_vars, class = c("dplyr_sel_vars",  :
  Calling 'structure(NULL, *)' is deprecated, as NULL cannot have attributes.
  Consider 'structure(list(), *)' instead.
2: In structure(vars, groups = group_vars, class = c("dplyr_sel_vars",  :
  Calling 'structure(NULL, *)' is deprecated, as NULL cannot have attributes.
  Consider 'structure(list(), *)' instead.
Execution halted
