
Lmod is automatically replacing "intel/2016.4" with "gcc/7.3.0".

-------------------------------------------------------------------------------
The following dependent module(s) are not currently loaded: gcccore/.5.4.0 (required by: icc/.2016.4.258, ifort/.2016.4.258)
-------------------------------------------------------------------------------

Due to MODULEPATH changes, the following have been reloaded:
  1) openmpi/2.1.1

The following have been reloaded with a version change:
  1) gcccore/.5.4.0 => gcccore/.7.3.0     2) imkl/11.3.4.258 => imkl/2018.3.222

[1] "Set up (working directory, theme, and packages)"
── Attaching packages ─────────────────────────────────────── tidyverse 1.3.0 ──
✔ ggplot2 3.2.1     ✔ purrr   0.3.3
✔ tibble  2.1.3     ✔ dplyr   0.8.4
✔ tidyr   1.0.2     ✔ stringr 1.4.0
✔ readr   1.3.1     ✔ forcats 0.4.0
── Conflicts ────────────────────────────────────────── tidyverse_conflicts() ──
✖ dplyr::filter() masks stats::filter()
✖ dplyr::lag()    masks stats::lag()
Loading required package: permute
Loading required package: lattice
This is vegan 2.5-6
[1] "Initiate functions for analysis"
[1] "Read in the Data"
[1] "Building phyloseq object"
[1] "Read in the metadata"
[1] "Starting initial data preparation"
[1] "Access and plot XY data"
null device 
          1 
[1] "Computing Euclidean Distances"
[1] "Maximum Euclidean Distance"
[1] 30.64719
[1] "Finding core microbiome"
[1] "Accessing full OTU table as a community object"
[1] "Transforming the OTU counts to relative abundance"
[1] "Calculating 95% threshold"
[1] 863.55
[1] "Accessing the number of non-zero occurrences of each OTU"
[1] "Calculating average relative abundance"
[1] "Extract the OTUs that occur in >95% of samples"
[1] "Find OTUs that occur in >95% of samples and have an average relative abundance >0.1%"
Joining, by = "OTU"
[1] "How many OTUs meet these criteria?"
[1] 14
[1] "Subset the OTU table to find core OTUs"
[1] "Build the core community object (OTU table) for grid/year"
[1] "Extract metadata for grid/year"
[1] "Removing pobjects that are no longer needed"
[1] "Unweighted PCNM"
                              PCNM1         PCNM2       PCNM3        PCNM4
P3126.10395.F.1.LL.2008 -0.07498299 -0.2740834506  0.17266559  0.038975117
P3086.10187.F.2.LL.2008  0.08497650 -0.1629835811  0.11342162  0.109151709
P2964.10346.F.1.LL.2008 -0.01758825  0.0006960757 -0.05968697 -0.211777624
P2917.8445.F.3.LL.2008  -0.05196745  0.0039057617 -0.05747626 -0.171168213
P1814.10334.F.1.LL.2008 -0.03465367 -0.0368848754 -0.27658596  0.146782389
P1810.8510.F.1.LL.2008  -0.04654327 -0.0120008014 -0.08268626 -0.250542343
P1769.10393.F.1.LL.2008 -0.08017334 -0.2266964039  0.14458958  0.001196376
P1747.11208.F.1.LL.2008 -0.16640723  0.2039676873  0.10371462  0.075763226
P1739.8510.F.1.LL.2008  -0.04654327 -0.0120008014 -0.08268626 -0.250542343
P1682.13673.F.2.LL.2008  0.12000588 -0.0512436553 -0.19358007  0.223852740
P1679.8685.F.2.LL.2008   0.21318464  0.0787355619  0.04751018 -0.073865734
P1610.10338.F.1.LL.2008 -0.09851567  0.0982414332  0.03374183  0.004923587
P1602.10413.F.1.LL.2008  0.25146685  0.0744814774  0.03669377  0.014592895
P1554.10372.F.1.LL.2008 -0.07517486 -0.2759261718  0.17377500  0.039853127
P1495.10699.F.1.LL.2008  0.23860802  0.0806335658  0.06453241 -0.024522500
P1492.8655.F.1.LL.2008  -0.04590458 -0.0300395102 -0.24246616  0.104488836
P1401.13668.F.1.LL.2008 -0.03327461 -0.0621889632 -0.20294153  0.131211842
P1391.10699.F.1.LL.2008  0.23860802  0.0806335658  0.06453241 -0.024522500
P1379.10640.F.1.LL.2008 -0.05887698 -0.0147242617 -0.11982341 -0.392957409
P1358.10640.F.1.LL.2008 -0.05887698 -0.0147242617 -0.11982341 -0.392957409
P1357.8700.F.1.LL.2008  -0.16420509  0.2049250878  0.10734472  0.081034473
P1350.10395.F.1.LL.2008 -0.07498299 -0.2740834506  0.17266559  0.038975117
P1336.10338.F.1.LL.2008 -0.18266133  0.2266799161  0.11490163  0.077013258
P1294.10200.F.3.LL.2008  0.26054466  0.0554299846  0.05307199  0.033370452
P1275.10200.F.3.LL.2008  0.26054466  0.0554299846  0.05307199  0.033370452
P1262.8686.F.1.LL.2008  -0.02883460 -0.2299541345  0.07809639  0.112463972
P1257.10278.F.1.LL.2008 -0.05349520 -0.0114914053 -0.09630773 -0.302970710
P1189.8469.F.2.LL.2008  -0.07466031 -0.2752549359  0.17325598  0.040310650
P1156.8529.F.3.LL.2008  -0.04234774 -0.0484130423 -0.33977859  0.187061473
P1147.8397.F.5.LL.2008  -0.10395486  0.0992887268  0.02580596 -0.023946459
P1126.8700.F.1.LL.2008  -0.16420509  0.2049250878  0.10734472  0.081034473
P1122.8643.F.1.LL.2008   0.26132284  0.0558681440  0.05398016  0.032626452
P1117.12049.F.1.LL.2008  0.21684288  0.0794814631  0.05727674 -0.037223310
P1113.10334.F.1.LL.2008 -0.03939268 -0.0409026352 -0.31044690  0.164189797
P1112.8258.F.6.LL.2008  -0.16279700  0.2027787070  0.10602054  0.079975868
P1109.10338.F.1.LL.2008 -0.18266133  0.2266799161  0.11490163  0.077013258
P1069.8393.F.2.LL.2008  -0.04601103 -0.0338960220 -0.23310391  0.103450960
P1038.7920.F.1.LL.2008  -0.04234774 -0.0484130423 -0.33977859  0.187061473
P1035.10338.F.1.LL.2008 -0.18266133  0.2266799161  0.11490163  0.077013258
P1019.10929.F.1.LL.2008 -0.04643196  0.0208544125 -0.01083909 -0.021429066
P1011.10429.F.1.LL.2008 -0.16420509  0.2049250878  0.10734472  0.081034473
P1009.10200.F.3.LL.2008  0.26132284  0.0558681440  0.05398016  0.032626452
P1007.10393.F.1.LL.2008 -0.08017334 -0.2266964039  0.14458958  0.001196376
P1006.8608.F.4.LL.2008  -0.08328610 -0.2557779443  0.15699392  0.020938118
P0959.10278.F.1.LL.2008 -0.05349520 -0.0114914053 -0.09630773 -0.302970710
P0937.8529.F.3.LL.2008   0.21333986  0.0073264288  0.04823592  0.072970990
P0936.8643.F.1.LL.2008   0.24152554  0.0814350234  0.06535785 -0.024127308
                              PCNM5         PCNM6        PCNM7        PCNM8
P3126.10395.F.1.LL.2008 -0.03080492 -9.495793e-03 -0.002225941 -0.024030860
P3086.10187.F.2.LL.2008  0.41413246  6.223103e-03  0.016274030 -0.167492419
P2964.10346.F.1.LL.2008 -0.06137907 -1.221592e-01  0.139639408  0.085320685
P2917.8445.F.3.LL.2008   0.02981056  3.966257e-01 -0.359371936  0.012223304
P1814.10334.F.1.LL.2008 -0.08936358 -1.357914e-02 -0.021157792 -0.391443249
P1810.8510.F.1.LL.2008   0.06630231 -1.922056e-01  0.341151022 -0.058627405
P1769.10393.F.1.LL.2008 -0.23742403 -1.173622e-02 -0.020991381 -0.041723208
P1747.11208.F.1.LL.2008  0.01996061 -2.056303e-01 -0.156473230  0.014973670
P1739.8510.F.1.LL.2008   0.06630231 -1.922056e-01  0.341151022 -0.058627405
P1682.13673.F.2.LL.2008  0.35643410 -3.322296e-03  0.011169428 -0.076818829
P1679.8685.F.2.LL.2008  -0.25168668 -4.478590e-02  0.042938977  0.115806139
P1610.10338.F.1.LL.2008 -0.02020961  4.105665e-01  0.361307582 -0.016397788
P1602.10413.F.1.LL.2008 -0.04779174 -2.067164e-03 -0.009454163  0.015348819
P1554.10372.F.1.LL.2008 -0.02795615 -9.553119e-03 -0.001910666 -0.021824797
P1495.10699.F.1.LL.2008 -0.15368642 -8.150301e-04 -0.014716702  0.052921408
P1492.8655.F.1.LL.2008  -0.18617884 -1.191026e-02 -0.025248496 -0.358039391
P1401.13668.F.1.LL.2008  0.11859463 -3.049584e-03  0.034280017  0.578765931
P1391.10699.F.1.LL.2008 -0.15368642 -8.150301e-04 -0.014716702  0.052921408
P1379.10640.F.1.LL.2008  0.10133201 -1.335329e-01  0.085094343 -0.023514612
P1358.10640.F.1.LL.2008  0.10133201 -1.335329e-01  0.085094343 -0.023514612
P1357.8700.F.1.LL.2008   0.02905098 -1.806338e-01 -0.116716388 -0.002488780
P1350.10395.F.1.LL.2008 -0.03080492 -9.495793e-03 -0.002225941 -0.024030860
P1336.10338.F.1.LL.2008  0.01985877  1.102787e-01  0.110400486 -0.014649159
P1294.10200.F.3.LL.2008  0.06691130 -1.605211e-05 -0.003536636 -0.057543086
P1275.10200.F.3.LL.2008  0.06691130 -1.605211e-05 -0.003536636 -0.057543086
P1262.8686.F.1.LL.2008   0.32975271  1.290005e-03  0.031912974  0.206875596
P1257.10278.F.1.LL.2008  0.09025086  1.504503e-01 -0.381092746 -0.003691185
P1189.8469.F.2.LL.2008  -0.02227393 -9.350545e-03 -0.001395308 -0.022679162
P1156.8529.F.3.LL.2008  -0.08465730 -1.682581e-02 -0.003230354  0.061610565
P1147.8397.F.5.LL.2008  -0.01181388  5.332049e-01  0.223291222 -0.011186470
P1126.8700.F.1.LL.2008   0.02905098 -1.806338e-01 -0.116716388 -0.002488780
P1122.8643.F.1.LL.2008   0.06354901  5.888617e-05 -0.003967925 -0.056172291
P1117.12049.F.1.LL.2008 -0.23861413 -5.919713e-03 -0.013635866  0.079542035
P1113.10334.F.1.LL.2008 -0.12089136 -1.595161e-02 -0.017102458 -0.202925697
P1112.8258.F.6.LL.2008   0.02857168 -1.831453e-01 -0.120028899 -0.001898446
P1109.10338.F.1.LL.2008  0.01985877  1.102787e-01  0.110400486 -0.014649159
P1069.8393.F.2.LL.2008  -0.10589896 -7.542754e-03  0.010892440  0.432592071
P1038.7920.F.1.LL.2008  -0.08465730 -1.682581e-02 -0.003230354  0.061610565
P1035.10338.F.1.LL.2008  0.01985877  1.102787e-01  0.110400486 -0.014649159
P1019.10929.F.1.LL.2008 -0.03058033 -7.440090e-02 -0.094995795  0.038985939
P1011.10429.F.1.LL.2008  0.02905098 -1.806338e-01 -0.116716388 -0.002488780
P1009.10200.F.3.LL.2008  0.06354901  5.888617e-05 -0.003967925 -0.056172291
P1007.10393.F.1.LL.2008 -0.23742403 -1.173622e-02 -0.020991381 -0.041723208
P1006.8608.F.4.LL.2008  -0.14429301 -1.143583e-02 -0.008439593  0.049700807
P0959.10278.F.1.LL.2008  0.09025086  1.504503e-01 -0.381092746 -0.003691185
P0937.8529.F.3.LL.2008   0.30385969  1.628969e-02 -0.002104203 -0.058391726
P0936.8643.F.1.LL.2008  -0.15246004 -1.094531e-03 -0.014407327  0.051918144
                               PCNM9       PCNM10        PCNM11       PCNM12
P3126.10395.F.1.LL.2008 -0.029644528  0.008835934 -0.0520377752 -0.101111652
P3086.10187.F.2.LL.2008 -0.140852570 -0.064829985 -0.3850873179 -0.267911675
P2964.10346.F.1.LL.2008 -0.674906502 -0.141473227  0.0550657032  0.100833750
P2917.8445.F.3.LL.2008   0.099240519 -0.028120223 -0.0291492598 -0.090215258
P1814.10334.F.1.LL.2008 -0.069454645 -0.014201292  0.2009765705  0.070118851
P1810.8510.F.1.LL.2008   0.319607048  0.029598062 -0.0357553469 -0.077837817
P1769.10393.F.1.LL.2008  0.098420616  0.074992483 -0.1138901305  0.351466658
P1747.11208.F.1.LL.2008  0.081426390 -0.373860936 -0.0154123128  0.045364688
P1739.8510.F.1.LL.2008   0.319607048  0.029598062 -0.0357553469 -0.077837817
P1682.13673.F.2.LL.2008 -0.056197576  0.031384333  0.0023005465  0.438350182
P1679.8685.F.2.LL.2008  -0.383589344 -0.067341266 -0.0218796800 -0.059418902
P1610.10338.F.1.LL.2008 -0.040662041 -0.059929913  0.0121913530  0.064367342
P1602.10413.F.1.LL.2008  0.064636417  0.050072942  0.1520287676  0.280167102
P1554.10372.F.1.LL.2008 -0.030778766  0.008653900 -0.0405108175 -0.103887561
P1495.10699.F.1.LL.2008  0.105605862  0.032616983  0.1594787611 -0.125711204
P1492.8655.F.1.LL.2008  -0.037280945 -0.037088751  0.2041963368 -0.319519162
P1401.13668.F.1.LL.2008  0.029339557  0.037155270  0.1077180047  0.085437653
P1391.10699.F.1.LL.2008  0.105605862  0.032616983  0.1594787611 -0.125711204
P1379.10640.F.1.LL.2008 -0.073580903  0.053253114  0.0099615195  0.054864659
P1358.10640.F.1.LL.2008 -0.073580903  0.053253114  0.0099615195  0.054864659
P1357.8700.F.1.LL.2008  -0.014888380  0.133663301  0.0004924600 -0.023633440
P1350.10395.F.1.LL.2008 -0.029644528  0.008835934 -0.0520377752 -0.101111652
P1336.10338.F.1.LL.2008 -0.030435815  0.055125742  0.0008781394  0.019350897
P1294.10200.F.3.LL.2008 -0.010174330  0.011721456 -0.1608414244  0.051015307
P1275.10200.F.3.LL.2008 -0.010174330  0.011721456 -0.1608414244  0.051015307
P1262.8686.F.1.LL.2008  -0.080940867 -0.040533154  0.4575006619 -0.232306154
P1257.10278.F.1.LL.2008  0.006446840  0.086284886 -0.0022280420  0.018838300
P1189.8469.F.2.LL.2008  -0.035125621  0.005671149 -0.0453109349 -0.122688068
P1156.8529.F.3.LL.2008   0.005948734  0.045779672 -0.0352743355  0.006011906
P1147.8397.F.5.LL.2008   0.015207866 -0.076568658 -0.0121448823 -0.013977148
P1126.8700.F.1.LL.2008  -0.014888380  0.133663301  0.0004924600 -0.023633440
P1122.8643.F.1.LL.2008  -0.006315059  0.012371841 -0.1582943338  0.036504524
P1117.12049.F.1.LL.2008  0.021337837  0.025440360 -0.0578832705 -0.171547411
P1113.10334.F.1.LL.2008 -0.012434910  0.020572319 -0.1106834287 -0.082371960
P1112.8258.F.6.LL.2008  -0.012851016  0.126815950  0.0002665048 -0.024089831
P1109.10338.F.1.LL.2008 -0.030435815  0.055125742  0.0008781394  0.019350897
P1069.8393.F.2.LL.2008   0.100360361  0.056842672 -0.3767453742 -0.167187242
P1038.7920.F.1.LL.2008   0.005948734  0.045779672 -0.0352743355  0.006011906
P1035.10338.F.1.LL.2008 -0.030435815  0.055125742  0.0008781394  0.019350897
P1019.10929.F.1.LL.2008  0.169472480 -0.828074121 -0.0192856824  0.082208957
P1011.10429.F.1.LL.2008 -0.014888380  0.133663301  0.0004924600 -0.023633440
P1009.10200.F.3.LL.2008 -0.006315059  0.012371841 -0.1582943338  0.036504524
P1007.10393.F.1.LL.2008  0.098420616  0.074992483 -0.1138901305  0.351466658
P1006.8608.F.4.LL.2008   0.050513570  0.049376927  0.2719730167  0.138599621
P0959.10278.F.1.LL.2008  0.006446840  0.086284886 -0.0022280420  0.018838300
P0937.8529.F.3.LL.2008   0.145488965  0.010082142  0.2669939634  0.049870259
P0936.8643.F.1.LL.2008   0.101394870  0.032677570  0.1565319489 -0.115431765
                               PCNM13       PCNM14        PCNM15       PCNM16
P3126.10395.F.1.LL.2008 -0.0101991229  0.035700670  0.0036034694 -0.057613689
P3086.10187.F.2.LL.2008  0.0194430453  0.028727988  0.1236617811 -0.003787375
P2964.10346.F.1.LL.2008  0.1126028587 -0.301507183  0.0537702376 -0.043404994
P2917.8445.F.3.LL.2008  -0.3073857457 -0.468864162  0.0158530936 -0.003805894
P1814.10334.F.1.LL.2008 -0.1637544633  0.069548730  0.0009895274 -0.476169493
P1810.8510.F.1.LL.2008  -0.1992245942 -0.132576505 -0.0141882738  0.020133069
P1769.10393.F.1.LL.2008  0.0743202618 -0.070411214  0.1811728439 -0.008015115
P1747.11208.F.1.LL.2008  0.0007512303  0.029065803 -0.0181032306 -0.006124381
P1739.8510.F.1.LL.2008  -0.1992245942 -0.132576505 -0.0141882738  0.020133069
P1682.13673.F.2.LL.2008 -0.1978892886  0.024496709 -0.1356487246 -0.017617721
P1679.8685.F.2.LL.2008  -0.2288128144 -0.085486836 -0.0551237077  0.081990618
P1610.10338.F.1.LL.2008  0.1979435536  0.367977802 -0.0220143425  0.049782282
P1602.10413.F.1.LL.2008 -0.0605483890 -0.014219966 -0.2547241857  0.388281045
P1554.10372.F.1.LL.2008 -0.0127362798  0.036458417 -0.0153175081  0.017207635
P1495.10699.F.1.LL.2008  0.1439116590 -0.017625708  0.0729504393 -0.320088575
P1492.8655.F.1.LL.2008   0.0470880975  0.032822677  0.3308776243  0.518569505
P1401.13668.F.1.LL.2008 -0.1838610905  0.113563224  0.3276794300  0.014328689
P1391.10699.F.1.LL.2008  0.1439116590 -0.017625708  0.0729504393 -0.320088575
P1379.10640.F.1.LL.2008  0.1168905233  0.116469377 -0.0005179927 -0.024187630
P1358.10640.F.1.LL.2008  0.1168905233  0.116469377 -0.0005179927 -0.024187630
P1357.8700.F.1.LL.2008  -0.0365539892 -0.059491271  0.0057807159  0.001011729
P1350.10395.F.1.LL.2008 -0.0101991229  0.035700670  0.0036034694 -0.057613689
P1336.10338.F.1.LL.2008  0.0397782053  0.074210336 -0.0091551770 -0.001590495
P1294.10200.F.3.LL.2008 -0.0337037873  0.023936235  0.0346280968  0.178902239
P1275.10200.F.3.LL.2008 -0.0337037873  0.023936235  0.0346280968  0.178902239
P1262.8686.F.1.LL.2008  -0.0960690282  0.043944185 -0.1927186877  0.005604966
P1257.10278.F.1.LL.2008  0.0756253206  0.222655588 -0.0240391310  0.022722638
P1189.8469.F.2.LL.2008  -0.0152285830  0.041337240 -0.0183228171 -0.013075633
P1156.8529.F.3.LL.2008  -0.0095543393  0.040929349  0.1733251407 -0.014168201
P1147.8397.F.5.LL.2008  -0.1257911730 -0.269352742  0.0153800925 -0.049632718
P1126.8700.F.1.LL.2008  -0.0365539892 -0.059491271  0.0057807159  0.001011729
P1122.8643.F.1.LL.2008  -0.0282284241  0.030957728  0.0457846382 -0.111058828
P1117.12049.F.1.LL.2008 -0.3350937527  0.351364863 -0.1584060102 -0.070897024
P1113.10334.F.1.LL.2008  0.1813730940 -0.108241500 -0.5586214466 -0.011262466
P1112.8258.F.6.LL.2008  -0.0391291121 -0.065395204  0.0066709768  0.001633367
P1109.10338.F.1.LL.2008  0.0397782053  0.074210336 -0.0091551770 -0.001590495
P1069.8393.F.2.LL.2008   0.3266176840 -0.132280261 -0.2457018048  0.019375419
P1038.7920.F.1.LL.2008  -0.0095543393  0.040929349  0.1733251407 -0.014168201
P1035.10338.F.1.LL.2008  0.0397782053  0.074210336 -0.0091551770 -0.001590495
P1019.10929.F.1.LL.2008  0.0396213523  0.073113137 -0.0110794816 -0.000439222
P1011.10429.F.1.LL.2008 -0.0365539892 -0.059491271  0.0057807159  0.001011729
P1009.10200.F.3.LL.2008 -0.0282284241  0.030957728  0.0457846382 -0.111058828
P1007.10393.F.1.LL.2008  0.0743202618 -0.070411214  0.1811728439 -0.008015115
P1006.8608.F.4.LL.2008  -0.0297437294 -0.006370993 -0.2882108885  0.118604025
P0959.10278.F.1.LL.2008  0.0756253206  0.222655588 -0.0240391310  0.022722638
P0937.8529.F.3.LL.2008   0.4580756928 -0.276648351  0.0986145588 -0.014609102
P0936.8643.F.1.LL.2008   0.1431791993 -0.028281807  0.0651804355  0.123932955
                               PCNM17        PCNM18        PCNM19        PCNM20
P3126.10395.F.1.LL.2008  4.756124e-01 -3.388384e-03  2.191288e-01  8.224796e-02
P3086.10187.F.2.LL.2008 -8.764979e-03  4.066853e-05 -2.323458e-03  4.620429e-03
P2964.10346.F.1.LL.2008 -1.204614e-02 -2.763893e-04  1.417550e-02 -7.903979e-03
P2917.8445.F.3.LL.2008  -4.157476e-04 -1.854316e-04 -3.774001e-05  1.152955e-04
P1814.10334.F.1.LL.2008  8.564879e-02  2.993624e-03 -2.250026e-01  1.649726e-01
P1810.8510.F.1.LL.2008   6.067013e-03  1.821984e-05 -7.548968e-03  4.282286e-03
P1769.10393.F.1.LL.2008 -1.465100e-02 -1.705347e-05 -1.380764e-03 -1.071025e-02
P1747.11208.F.1.LL.2008  1.481298e-04 -1.449333e-02 -1.896718e-03  1.355897e-03
P1739.8510.F.1.LL.2008   6.067013e-03  1.821984e-05 -7.548968e-03  4.282286e-03
P1682.13673.F.2.LL.2008 -8.070171e-04 -2.190287e-04  1.039046e-02 -9.186613e-03
P1679.8685.F.2.LL.2008   2.410551e-02  3.178585e-04 -2.956622e-02  1.671004e-02
P1610.10338.F.1.LL.2008  1.283124e-02 -2.160535e-02 -1.483171e-02  7.824729e-03
P1602.10413.F.1.LL.2008  3.351051e-01  2.343414e-03 -1.212095e-01 -3.537141e-01
P1554.10372.F.1.LL.2008 -3.996448e-01  4.240061e-03 -2.115551e-01  2.167720e-01
P1495.10699.F.1.LL.2008 -2.891620e-02 -2.123547e-03  8.729576e-02 -1.527903e-01
P1492.8655.F.1.LL.2008  -8.916635e-02 -2.946615e-03  2.255716e-01 -1.640932e-01
P1401.13668.F.1.LL.2008 -2.271140e-03 -7.568516e-05  5.839435e-03 -4.299323e-03
P1391.10699.F.1.LL.2008 -2.891620e-02 -2.123547e-03  8.729576e-02 -1.527903e-01
P1379.10640.F.1.LL.2008 -6.287755e-03  8.258924e-04  7.160734e-03 -3.868069e-03
P1358.10640.F.1.LL.2008 -6.287755e-03  8.258924e-04  7.160734e-03 -3.868069e-03
P1357.8700.F.1.LL.2008  -9.616697e-06  2.860303e-01  5.242071e-03 -6.395623e-04
P1350.10395.F.1.LL.2008  4.756124e-01 -3.388384e-03  2.191288e-01  8.224796e-02
P1336.10338.F.1.LL.2008  9.293534e-05  7.567717e-03 -3.842470e-04  4.000303e-04
P1294.10200.F.3.LL.2008 -4.446036e-02  1.556375e-03 -7.272765e-02  2.382478e-01
P1275.10200.F.3.LL.2008 -4.446036e-02  1.556375e-03 -7.272765e-02  2.382478e-01
P1262.8686.F.1.LL.2008  -2.184431e-03 -2.686463e-04  1.517446e-02  7.259829e-03
P1257.10278.F.1.LL.2008  6.445467e-03  8.819378e-05 -7.722346e-03  4.328653e-03
P1189.8469.F.2.LL.2008  -1.107745e-01  9.392254e-03 -5.654934e-01 -5.477410e-01
P1156.8529.F.3.LL.2008   3.634537e-03  1.121835e-03 -1.700500e-02  3.586573e-03
P1147.8397.F.5.LL.2008  -1.274012e-02  1.670080e-03  1.436542e-02 -7.730905e-03
P1126.8700.F.1.LL.2008  -9.616697e-06  2.860303e-01  5.242071e-03 -6.395623e-04
P1122.8643.F.1.LL.2008  -1.636274e-01 -4.061220e-03  2.387717e-01 -1.477202e-01
P1117.12049.F.1.LL.2008 -3.317862e-02 -7.000438e-04  4.965123e-02 -9.233926e-03
P1113.10334.F.1.LL.2008 -3.093330e-03 -5.220186e-04  2.603021e-02 -2.114222e-03
P1112.8258.F.6.LL.2008  -2.426481e-04 -8.678491e-01 -1.432520e-02  6.711230e-04
P1109.10338.F.1.LL.2008  9.293534e-05  7.567717e-03 -3.842470e-04  4.000303e-04
P1069.8393.F.2.LL.2008  -1.841414e-03 -2.998947e-05  1.111292e-03  4.541216e-04
P1038.7920.F.1.LL.2008   3.634537e-03  1.121835e-03 -1.700500e-02  3.586573e-03
P1035.10338.F.1.LL.2008  9.293534e-05  7.567717e-03 -3.842470e-04  4.000303e-04
P1019.10929.F.1.LL.2008  1.430039e-05  1.537080e-02  2.188398e-04  5.107002e-06
P1011.10429.F.1.LL.2008 -9.616697e-06  2.860303e-01  5.242071e-03 -6.395623e-04
P1009.10200.F.3.LL.2008 -1.636274e-01 -4.061220e-03  2.387717e-01 -1.477202e-01
P1007.10393.F.1.LL.2008 -1.465100e-02 -1.705347e-05 -1.380764e-03 -1.071025e-02
P1006.8608.F.4.LL.2008  -4.031682e-01 -5.024963e-03  3.292812e-01  1.789890e-01
P0959.10278.F.1.LL.2008  6.445467e-03  8.819378e-05 -7.722346e-03  4.328653e-03
P0937.8529.F.3.LL.2008   1.797659e-03  7.415748e-07 -1.328011e-03 -6.821643e-04
P0936.8643.F.1.LL.2008   1.528054e-01  8.992269e-03 -4.107578e-01  4.724589e-01
                               PCNM21
P3126.10395.F.1.LL.2008  5.525817e-04
P3086.10187.F.2.LL.2008 -4.065250e-04
P2964.10346.F.1.LL.2008  8.911042e-04
P2917.8445.F.3.LL.2008  -2.771014e-05
P1814.10334.F.1.LL.2008  1.027420e-02
P1810.8510.F.1.LL.2008  -4.963132e-04
P1769.10393.F.1.LL.2008 -1.035747e-03
P1747.11208.F.1.LL.2008 -2.390068e-05
P1739.8510.F.1.LL.2008  -4.963132e-04
P1682.13673.F.2.LL.2008 -6.900700e-04
P1679.8685.F.2.LL.2008  -1.918485e-03
P1610.10338.F.1.LL.2008 -1.039479e-03
P1602.10413.F.1.LL.2008 -3.521754e-01
P1554.10372.F.1.LL.2008 -7.217017e-01
P1495.10699.F.1.LL.2008 -6.104756e-02
P1492.8655.F.1.LL.2008  -1.008411e-02
P1401.13668.F.1.LL.2008 -2.739593e-04
P1391.10699.F.1.LL.2008 -6.104756e-02
P1379.10640.F.1.LL.2008  5.165159e-04
P1358.10640.F.1.LL.2008  5.165159e-04
P1357.8700.F.1.LL.2008  -5.258170e-06
P1350.10395.F.1.LL.2008  5.525817e-04
P1336.10338.F.1.LL.2008 -4.752157e-07
P1294.10200.F.3.LL.2008  1.828086e-01
P1275.10200.F.3.LL.2008  1.828086e-01
P1262.8686.F.1.LL.2008  -1.703153e-04
P1257.10278.F.1.LL.2008 -4.964061e-04
P1189.8469.F.2.LL.2008   3.737632e-01
P1156.8529.F.3.LL.2008   5.135821e-04
P1147.8397.F.5.LL.2008   1.031508e-03
P1126.8700.F.1.LL.2008  -5.258171e-06
P1122.8643.F.1.LL.2008  -1.164494e-02
P1117.12049.F.1.LL.2008  3.882640e-03
P1113.10334.F.1.LL.2008 -8.805283e-04
P1112.8258.F.6.LL.2008   1.841364e-05
P1109.10338.F.1.LL.2008 -4.752156e-07
P1069.8393.F.2.LL.2008   8.156432e-05
P1038.7920.F.1.LL.2008   5.135821e-04
P1035.10338.F.1.LL.2008 -4.752156e-07
P1019.10929.F.1.LL.2008 -7.777553e-08
P1011.10429.F.1.LL.2008 -5.258171e-06
P1009.10200.F.3.LL.2008 -1.164494e-02
P1007.10393.F.1.LL.2008 -1.035747e-03
P1006.8608.F.4.LL.2008   3.520563e-01
P0959.10278.F.1.LL.2008 -4.964061e-04
P0937.8529.F.3.LL.2008  -1.071276e-03
P0936.8643.F.1.LL.2008   1.291411e-01
[1] "Plotting first three PCNM axes with ordisurf"

Family: gaussian 
Link function: identity 

Formula:
y ~ s(x1, x2, k = 10, bs = "tp", fx = FALSE)

Estimated degrees of freedom:
8.2  total = 9.2 

REML score: -66.8947     

Family: gaussian 
Link function: identity 

Formula:
y ~ s(x1, x2, k = 10, bs = "tp", fx = FALSE)

Estimated degrees of freedom:
8.78  total = 9.78 

REML score: -82.38781     

Family: gaussian 
Link function: identity 

Formula:
y ~ s(x1, x2, k = 10, bs = "tp", fx = FALSE)

Estimated degrees of freedom:
8.26  total = 9.26 

REML score: -63.48106     
null device 
          1 
[1] "Weighted PCNM"
                             PCNM1        PCNM2        PCNM3       PCNM4
P3126.10395.F.1.LL.2008 -0.3416684 -0.399417846 -2.240266799 -1.29793801
P3086.10187.F.2.LL.2008  0.8809669  0.130457382 -1.604798412 -1.60757612
P2964.10346.F.1.LL.2008 -0.1213498 -0.647791861  0.434746981  0.47182567
P2917.8445.F.3.LL.2008  -0.4906425 -0.433168903 -0.293707975  0.86591615
P1814.10334.F.1.LL.2008 -0.7086206  1.973036534  0.505489507 -0.05577076
P1810.8510.F.1.LL.2008  -0.9300953 -1.208977300  1.395448264 -1.16961426
P1769.10393.F.1.LL.2008 -0.4386189 -0.419313036 -1.904816227 -0.93890800
P1747.11208.F.1.LL.2008 -0.5319530 -0.444340765 -0.670399951  1.89981354
P1739.8510.F.1.LL.2008  -0.9300953 -1.208977300  1.395448264 -1.16961426
P1682.13673.F.2.LL.2008  0.7512268  1.641322493  0.176320772 -0.82116179
P1679.8685.F.2.LL.2008   1.3276991 -0.618483011  0.639424164  0.79420714
P1610.10338.F.1.LL.2008 -0.4202159 -0.339438201 -0.457018422  1.22307682
P1602.10413.F.1.LL.2008  1.9013435 -0.001029055  0.543697939  0.13134475
P1554.10372.F.1.LL.2008 -0.3410783 -0.399916450 -2.251480580 -1.30715959
P1495.10699.F.1.LL.2008  1.7296609 -0.395722405  0.488065839  0.41938738
P1492.8655.F.1.LL.2008  -0.8597047  1.549876067  0.442790875  0.23179949
P1401.13668.F.1.LL.2008 -0.2740434  0.789280052 -0.026349746 -0.21638044
P1391.10699.F.1.LL.2008  1.7296609 -0.395722405  0.488065839  0.41938738
P1379.10640.F.1.LL.2008 -1.0173377 -1.438441151  1.473822566 -0.78187342
P1358.10640.F.1.LL.2008 -1.0173377 -1.438441151  1.473822566 -0.78187342
P1357.8700.F.1.LL.2008  -0.5128717 -0.428881256 -0.652416634  1.86495804
P1350.10395.F.1.LL.2008 -0.3416684 -0.399417846 -2.240266799 -1.29793801
P1336.10338.F.1.LL.2008 -0.5862706 -0.498092889 -0.766614350  2.21244423
P1294.10200.F.3.LL.2008  2.0027648  0.017381132  0.294048149 -0.15310751
P1275.10200.F.3.LL.2008  2.0027648  0.017381132  0.294048149 -0.15310751
P1262.8686.F.1.LL.2008   0.1948969  0.205081867 -1.879543159 -1.64322436
P1257.10278.F.1.LL.2008 -0.5737113 -0.586081203 -0.010764067  0.58508856
P1189.8469.F.2.LL.2008  -0.3379637 -0.398390300 -2.250349705 -1.30969756
P1156.8529.F.3.LL.2008  -0.7748317  2.115375519  0.498854937 -0.08239939
P1147.8397.F.5.LL.2008  -0.5535059 -0.473803342 -0.574262636  1.60990519
P1126.8700.F.1.LL.2008  -0.5128717 -0.428881256 -0.652416634  1.86495804
P1122.8643.F.1.LL.2008   2.0062644  0.009716011  0.294423336 -0.14746885
P1117.12049.F.1.LL.2008  1.3661279 -0.443877692  0.489701531  0.61105171
P1113.10334.F.1.LL.2008 -0.7544926  2.022293486  0.510216513 -0.03198013
P1112.8258.F.6.LL.2008  -0.5100440 -0.426137958 -0.647002170  1.84744900
P1109.10338.F.1.LL.2008 -0.5862706 -0.498092889 -0.766614350  2.21244423
P1069.8393.F.2.LL.2008  -0.4797788  0.532955461  0.036981679  0.12969662
P1038.7920.F.1.LL.2008  -0.7748317  2.115375519  0.498854937 -0.08239939
P1035.10338.F.1.LL.2008 -0.5862706 -0.498092889 -0.766614350  2.21244423
P1019.10929.F.1.LL.2008 -0.2987789 -0.219890093 -0.230121715  0.48415183
P1011.10429.F.1.LL.2008 -0.5128717 -0.428881256 -0.652416634  1.86495804
P1009.10200.F.3.LL.2008  2.0062644  0.009716011  0.294423336 -0.14746885
P1007.10393.F.1.LL.2008 -0.4386189 -0.419313036 -1.904816227 -0.93890800
P1006.8608.F.4.LL.2008  -0.4348587 -0.415065932 -1.992620348 -1.02014406
P0959.10278.F.1.LL.2008 -0.5737113 -0.586081203 -0.010764067  0.58508856
P0937.8529.F.3.LL.2008   1.6772133  0.193769739 -0.006963415 -0.54244049
P0936.8643.F.1.LL.2008   1.7533410 -0.397373575  0.495074199  0.42020241
                              PCNM5       PCNM6        PCNM7       PCNM8
P3126.10395.F.1.LL.2008  0.52795281 -0.60094678  0.297430849  0.11695372
P3086.10187.F.2.LL.2008 -0.97161360  0.60627096 -0.521612350 -1.78723109
P2964.10346.F.1.LL.2008  1.76246423 -1.09015248 -2.505487854 -1.65718679
P2917.8445.F.3.LL.2008   1.21038769  2.76160982  0.535778077  0.14195754
P1814.10334.F.1.LL.2008  0.27365365 -0.33650376  0.680663051 -0.98624120
P1810.8510.F.1.LL.2008  -0.79721396 -0.15609645  0.470943765  0.26669960
P1769.10393.F.1.LL.2008  0.77401562 -0.76672110  0.572961954  0.81414914
P1747.11208.F.1.LL.2008 -1.56566920 -0.74085483 -0.122159798 -0.34454149
P1739.8510.F.1.LL.2008  -0.79721396 -0.15609645  0.470943765  0.26669960
P1682.13673.F.2.LL.2008 -1.29433872  0.96416891 -1.434519625 -0.73767901
P1679.8685.F.2.LL.2008   1.83297117 -1.42511853 -0.674311476  0.19089503
P1610.10338.F.1.LL.2008 -0.69246267 -0.03778850  0.117460679  0.21472319
P1602.10413.F.1.LL.2008 -0.07545753 -0.01502226  0.337506578  0.44879465
P1554.10372.F.1.LL.2008  0.52652674 -0.60103443  0.294047118  0.11197596
P1495.10699.F.1.LL.2008  0.47673838 -0.45722462  1.247489472  1.06761795
P1492.8655.F.1.LL.2008   0.82513339 -0.77678057  1.587255497 -0.45135730
P1401.13668.F.1.LL.2008 -0.54399877  0.59208906 -2.739836525  3.00173632
P1391.10699.F.1.LL.2008  0.47673838 -0.45722462  1.247489472  1.06761795
P1379.10640.F.1.LL.2008  0.48213911  0.19712880 -1.221216369 -1.44159603
P1358.10640.F.1.LL.2008  0.48213911  0.19712880 -1.221216369 -1.44159603
P1357.8700.F.1.LL.2008  -1.56702635 -0.72727013 -0.111160061 -0.40145384
P1350.10395.F.1.LL.2008  0.52795281 -0.60094678  0.297430849  0.11695372
P1336.10338.F.1.LL.2008 -1.71451815 -0.55594279  0.007909045 -0.24416640
P1294.10200.F.3.LL.2008 -0.29519088  0.13329941  0.186200389 -0.23872443
P1275.10200.F.3.LL.2008 -0.29519088  0.13329941  0.186200389 -0.23872443
P1262.8686.F.1.LL.2008  -0.82777077  0.57679696 -1.568248424 -0.11571043
P1257.10278.F.1.LL.2008  1.31792014  2.62325138  0.061527140 -0.50228653
P1189.8469.F.2.LL.2008   0.51814871 -0.59392834  0.286297362  0.09011429
P1156.8529.F.3.LL.2008   0.14129985 -0.15210768 -0.746768065  1.48699543
P1147.8397.F.5.LL.2008  -0.03811271  1.57264923  0.536212715  0.35154623
P1126.8700.F.1.LL.2008  -1.56702635 -0.72727013 -0.111160061 -0.40145384
P1122.8643.F.1.LL.2008  -0.28576664  0.12476243  0.218778310 -0.21268403
P1117.12049.F.1.LL.2008  0.98068288 -0.85938819  1.109052344  1.66297832
P1113.10334.F.1.LL.2008  0.29814789 -0.32992953  0.266288464  0.16434252
P1112.8258.F.6.LL.2008  -1.55030862 -0.72144459 -0.111278218 -0.39692539
P1109.10338.F.1.LL.2008 -1.71451815 -0.55594279  0.007909045 -0.24416640
P1069.8393.F.2.LL.2008   0.07523327  0.08465642 -1.711806133  3.60431442
P1038.7920.F.1.LL.2008   0.14129985 -0.15210768 -0.746768065  1.48699543
P1035.10338.F.1.LL.2008 -1.71451815 -0.55594279  0.007909045 -0.24416640
P1019.10929.F.1.LL.2008 -0.15918803 -0.13716013 -0.049042386  0.17337491
P1011.10429.F.1.LL.2008 -1.56702635 -0.72727013 -0.111160061 -0.40145384
P1009.10200.F.3.LL.2008 -0.28576664  0.12476243  0.218778310 -0.21268403
P1007.10393.F.1.LL.2008  0.77401562 -0.76672110  0.572961954  0.81414914
P1006.8608.F.4.LL.2008   0.73411363 -0.73907182  0.455730075  0.80302774
P0959.10278.F.1.LL.2008  1.31792014  2.62325138  0.061527140 -0.50228653
P0937.8529.F.3.LL.2008  -1.16000656  0.86318060  0.211687362 -0.77465503
P0936.8643.F.1.LL.2008   0.48055552 -0.46176478  1.238619423  1.05180663
                               PCNM9       PCNM10       PCNM11      PCNM12
P3126.10395.F.1.LL.2008 -0.013842488 -0.145796586 -0.138860522 -0.24780175
P3086.10187.F.2.LL.2008  0.233623034  0.503416207  0.340905144 -3.35993188
P2964.10346.F.1.LL.2008  0.362295457  0.662218205  0.142270490  0.06319802
P2917.8445.F.3.LL.2008  -0.102574199 -0.762030903  0.309445532 -0.67485489
P1814.10334.F.1.LL.2008  0.105441541 -0.967843307  0.004248419  0.74643598
P1810.8510.F.1.LL.2008   0.125448150 -0.408921462  0.093511889 -0.27617375
P1769.10393.F.1.LL.2008 -0.134252860 -0.837982923 -0.430665810  2.89715685
P1747.11208.F.1.LL.2008 -2.450774629 -0.083623328  2.731217395  0.26137711
P1739.8510.F.1.LL.2008   0.125448150 -0.408921462  0.093511889 -0.27617375
P1682.13673.F.2.LL.2008  0.193170021 -1.518253659  0.040485666  0.85239340
P1679.8685.F.2.LL.2008   0.235061713 -1.409373126  0.162858105 -0.80421862
P1610.10338.F.1.LL.2008  4.265290684  0.879966119  0.421610409  0.90444787
P1602.10413.F.1.LL.2008 -0.062604597 -1.155538134 -0.242671945  2.23165679
P1554.10372.F.1.LL.2008 -0.012970624 -0.137827872 -0.140331245 -0.25133750
P1495.10699.F.1.LL.2008 -0.261646847  1.116402661 -0.337104533  0.69121936
P1492.8655.F.1.LL.2008  -0.079655467  1.387998912 -0.044543183 -0.94265756
P1401.13668.F.1.LL.2008 -0.163811799 -0.006833332 -0.117173623  0.28765418
P1391.10699.F.1.LL.2008 -0.261646847  1.116402661 -0.337104533  0.69121936
P1379.10640.F.1.LL.2008 -0.430971167  1.413975664 -1.057875480  1.24551490
P1358.10640.F.1.LL.2008 -0.430971167  1.413975664 -1.057875480  1.24551490
P1357.8700.F.1.LL.2008  -1.924473607 -0.472008070 -1.436420387 -0.44332397
P1350.10395.F.1.LL.2008 -0.013842488 -0.145796586 -0.138860522 -0.24780175
P1336.10338.F.1.LL.2008  1.229360306  0.021628941 -0.656720001  0.13005505
P1294.10200.F.3.LL.2008  0.045037595 -0.734058449  0.036005781 -0.89058909
P1275.10200.F.3.LL.2008  0.045037595 -0.734058449  0.036005781 -0.89058909
P1262.8686.F.1.LL.2008   0.069597845  1.715726279  0.019341058  0.36962130
P1257.10278.F.1.LL.2008 -1.287649542  0.555946180 -1.082539122  0.90185980
P1189.8469.F.2.LL.2008  -0.009103855 -0.115673901 -0.125945692 -0.37992763
P1156.8529.F.3.LL.2008  -0.127449777  0.244135375 -0.309819729 -0.27589166
P1147.8397.F.5.LL.2008   4.131679222 -0.567524984  1.077958340 -0.71951277
P1126.8700.F.1.LL.2008  -1.924473607 -0.472008070 -1.436420387 -0.44332397
P1122.8643.F.1.LL.2008   0.035914831 -0.664582022  0.023376873 -0.90910199
P1117.12049.F.1.LL.2008 -0.175578180 -2.353663502 -0.146583219 -0.86284567
P1113.10334.F.1.LL.2008 -0.042613080  0.340904792 -0.198416156 -0.63991612
P1112.8258.F.6.LL.2008  -1.952702336 -0.469771237 -1.377413984 -0.44229353
P1109.10338.F.1.LL.2008  1.229360306  0.021628941 -0.656720001  0.13005505
P1069.8393.F.2.LL.2008  -0.365428640  2.049124905 -0.286869430 -1.73499990
P1038.7920.F.1.LL.2008  -0.127449777  0.244135375 -0.309819729 -0.27589166
P1035.10338.F.1.LL.2008  1.229360306  0.021628941 -0.656720001  0.13005505
P1019.10929.F.1.LL.2008 -1.401079392  0.697734986  6.548078884  1.01002733
P1011.10429.F.1.LL.2008 -1.924473607 -0.472008070 -1.436420387 -0.44332397
P1009.10200.F.3.LL.2008  0.035914831 -0.664582022  0.023376873 -0.90910199
P1007.10393.F.1.LL.2008 -0.134252860 -0.837982923 -0.430665810  2.89715685
P1006.8608.F.4.LL.2008  -0.125803301 -0.520342668 -0.429743394  2.95407912
P0959.10278.F.1.LL.2008 -1.287649542  0.555946180 -1.082539122  0.90185980
P0937.8529.F.3.LL.2008  -0.087485471  2.331564806 -0.110151101  0.82424979
P0936.8643.F.1.LL.2008  -0.255484103  1.079579261 -0.332194139  0.67607686
                             PCNM13        PCNM14      PCNM15       PCNM16
P3126.10395.F.1.LL.2008  0.17519599 -0.1841278667  0.29387733  0.512505348
P3086.10187.F.2.LL.2008  1.03591361 -0.0110106483 -0.58509848  0.196035309
P2964.10346.F.1.LL.2008 -1.02348262  0.4539696521 -0.14457680  0.143711959
P2917.8445.F.3.LL.2008  -1.42308176  0.3408792342 -0.04281634  0.021832733
P1814.10334.F.1.LL.2008 -0.04318496 -0.1204204117  0.53901688  1.532200639
P1810.8510.F.1.LL.2008  -0.36363162  0.0410767490  0.02419971 -0.042296013
P1769.10393.F.1.LL.2008 -0.12666330  2.4150503528 -3.21608815  0.036306890
P1747.11208.F.1.LL.2008  0.33837166  0.0001720819  0.07325650  0.044690672
P1739.8510.F.1.LL.2008  -0.36363162  0.0410767490  0.02419971 -0.042296013
P1682.13673.F.2.LL.2008  0.06172676  0.1819367194  0.16509387 -0.038105289
P1679.8685.F.2.LL.2008  -0.20998988 -0.3011265214  0.24118756 -0.319830886
P1610.10338.F.1.LL.2008  1.99678455 -0.5309934410  0.14243610 -0.285297699
P1602.10413.F.1.LL.2008 -0.33683288  0.3899790390  1.24501025 -4.688007315
P1554.10372.F.1.LL.2008  0.15046699 -0.2451604931  0.44194237  0.056853957
P1495.10699.F.1.LL.2008 -0.41920095 -0.3779082741  0.34017276  2.085548855
P1492.8655.F.1.LL.2008  -0.24128162 -0.8564784864 -1.06008511 -1.777227315
P1401.13668.F.1.LL.2008 -0.53483966 -2.4923744237 -1.49798912 -0.059283846
P1391.10699.F.1.LL.2008 -0.41920095 -0.3779082741  0.34017276  2.085548855
P1379.10640.F.1.LL.2008  2.04701686 -0.2330279434 -0.06127666  0.282050171
P1358.10640.F.1.LL.2008  2.04701686 -0.2330279434 -0.06127666  0.282050171
P1357.8700.F.1.LL.2008  -0.65544822  0.1139186788 -0.03560673 -0.008869753
P1350.10395.F.1.LL.2008  0.17519599 -0.1841278667  0.29387733  0.512505348
P1336.10338.F.1.LL.2008  0.48768182 -0.1125122547  0.05026289  0.011835195
P1294.10200.F.3.LL.2008  0.90474498  0.3834095356 -0.88462608 -1.163989522
P1275.10200.F.3.LL.2008  0.90474498  0.3834095356 -0.88462608 -1.163989522
P1262.8686.F.1.LL.2008  -3.26631051 -6.2711109368  5.93337709 -0.822607872
P1257.10278.F.1.LL.2008  2.69996921 -0.7669093528  0.20562830 -0.219524397
P1189.8469.F.2.LL.2008   0.18248736 -0.3226917561  0.58465160  0.309449383
P1156.8529.F.3.LL.2008   0.19739345 -0.1223511763 -1.02772213  0.316847941
P1147.8397.F.5.LL.2008  -2.43143251  0.8739309781 -0.26131336  0.625578582
P1126.8700.F.1.LL.2008  -0.65544822  0.1139186788 -0.03560673 -0.008869753
P1122.8643.F.1.LL.2008   0.91746740  0.3260348074 -0.84727047  0.469961299
P1117.12049.F.1.LL.2008  2.59277979 -2.0443874541  1.52884539  0.565562363
P1113.10334.F.1.LL.2008  0.86757629  4.1000270798  4.67089975 -0.533901724
P1112.8258.F.6.LL.2008  -0.67020265  0.1202130779 -0.04002966 -0.009190663
P1109.10338.F.1.LL.2008  0.48768182 -0.1125122547  0.05026289  0.011835195
P1069.8393.F.2.LL.2008   0.91746158  3.2247904348  1.42638298 -0.128160276
P1038.7920.F.1.LL.2008   0.19739345 -0.1223511763 -1.02772213  0.316847941
P1035.10338.F.1.LL.2008  0.48768182 -0.1125122547  0.05026289  0.011835195
P1019.10929.F.1.LL.2008  1.12719577 -0.1025871817  0.04312477  0.005241685
P1011.10429.F.1.LL.2008 -0.65544822  0.1139186788 -0.03560673 -0.008869753
P1009.10200.F.3.LL.2008  0.91746740  0.3260348074 -0.84727047  0.469961299
P1007.10393.F.1.LL.2008 -0.12666330  2.4150503528 -3.21608815  0.036306890
P1006.8608.F.4.LL.2008  -1.10870996 -0.1485353176  2.35280837 -2.926630930
P0959.10278.F.1.LL.2008  2.69996921 -0.7669093528  0.20562830 -0.219524397
P0937.8529.F.3.LL.2008  -1.25101945  0.5116509888 -0.15354933  0.059802011
P0936.8643.F.1.LL.2008  -0.44009567 -0.3106450152  0.25488378 -0.331443250
                               PCNM17        PCNM18        PCNM19        PCNM20
P3126.10395.F.1.LL.2008 -4.1526598026  1.0510280878 -2.841123e-03 -6.415519e-01
P3086.10187.F.2.LL.2008  0.0370872790 -0.0170557397  5.871733e-05 -2.093669e-02
P2964.10346.F.1.LL.2008  0.0211824716  0.0427611496 -4.887095e-06  2.096405e-02
P2917.8445.F.3.LL.2008   0.0009725964 -0.0002718230  6.220683e-04 -3.293829e-04
P1814.10334.F.1.LL.2008 -0.0250836809 -0.4109396113  1.816222e-03 -2.793825e-01
P1810.8510.F.1.LL.2008  -0.0079274708 -0.0175987925  3.498771e-04 -8.769606e-03
P1769.10393.F.1.LL.2008  0.1911975751  0.0210614975  2.551347e-04  1.201848e-01
P1747.11208.F.1.LL.2008  0.0068715142 -0.0059148982  9.943783e-02 -5.099930e-03
P1739.8510.F.1.LL.2008  -0.0079274708 -0.0175987925  3.498771e-04 -8.769606e-03
P1682.13673.F.2.LL.2008  0.0017245522  0.0384885794  1.992873e-05  2.585138e-02
P1679.8685.F.2.LL.2008  -0.0535089610 -0.1139778096  1.173102e-03 -5.641373e-02
P1610.10338.F.1.LL.2008 -0.0506490252 -0.0962740053  9.509418e-02 -4.645873e-02
P1602.10413.F.1.LL.2008 -1.7183577541 -1.2360786358 -5.020041e-03  2.068548e+00
P1554.10372.F.1.LL.2008  2.7975502381 -0.7186862258 -1.263611e-03 -1.046186e+00
P1495.10699.F.1.LL.2008  0.0728173779  0.2293845175  1.254082e-03  4.221408e-01
P1492.8655.F.1.LL.2008   0.0282928714  0.4561514616 -2.110764e-03  3.110889e-01
P1401.13668.F.1.LL.2008  0.0013785310  0.0267066415 -1.079141e-04  1.851450e-02
P1391.10699.F.1.LL.2008  0.0728173779  0.2293845175  1.254082e-03  4.221408e-01
P1379.10640.F.1.LL.2008  0.0517465231  0.0991917549 -9.249429e-03  4.793326e-02
P1358.10640.F.1.LL.2008  0.0517465231  0.0991917549 -9.249429e-03  4.793326e-02
P1357.8700.F.1.LL.2008  -0.0018980151  0.0008608275 -2.385389e+00  2.162232e-03
P1350.10395.F.1.LL.2008 -4.1526598026  1.0510280878 -2.841123e-03 -6.415519e-01
P1336.10338.F.1.LL.2008  0.0029116465 -0.0016090522 -5.961307e-02 -1.579052e-03
P1294.10200.F.3.LL.2008  0.1696386787 -1.0675554213  6.646938e-04 -2.043053e+00
P1275.10200.F.3.LL.2008  0.1696386787 -1.0675554213  6.646938e-04 -2.043053e+00
P1262.8686.F.1.LL.2008   0.0183335065  0.3540795317  1.058215e-04 -1.702204e-01
P1257.10278.F.1.LL.2008 -0.0345417366 -0.0713949095  4.738112e-04 -3.514503e-02
P1189.8469.F.2.LL.2008   0.7819172245 -4.4748333175  1.438047e-03  5.955083e+00
P1156.8529.F.3.LL.2008  -0.0029208584 -0.1260097525 -4.782107e-03 -1.829584e-02
P1147.8397.F.5.LL.2008   0.1106091131  0.2095162865 -1.971489e-02  1.009925e-01
P1126.8700.F.1.LL.2008  -0.0018980151  0.0008608275 -2.385389e+00  2.162232e-03
P1122.8643.F.1.LL.2008   0.7454391129  2.5366726327 -1.964301e-03  1.683433e+00
P1117.12049.F.1.LL.2008  0.2288044901  0.5988602728 -3.588874e-03  1.090125e-01
P1113.10334.F.1.LL.2008  0.0147575019  0.3082178812  3.350898e-04  1.821221e-02
P1112.8258.F.6.LL.2008  -0.0041283230  0.0033291401  9.262681e+00 -1.750863e-03
P1109.10338.F.1.LL.2008  0.0029116465 -0.0016090522 -5.961307e-02 -1.579052e-03
P1069.8393.F.2.LL.2008   0.0004223342 -0.0055768713  9.994579e-05 -6.855135e-03
P1038.7920.F.1.LL.2008  -0.0029208584 -0.1260097525 -4.782107e-03 -1.829584e-02
P1035.10338.F.1.LL.2008  0.0029116465 -0.0016090522 -5.961307e-02 -1.579052e-03
P1019.10929.F.1.LL.2008  0.0004058522 -0.0001066924 -1.013742e-01 -2.264752e-05
P1011.10429.F.1.LL.2008 -0.0018980151  0.0008608275 -2.385389e+00  2.162232e-03
P1009.10200.F.3.LL.2008  0.7454391129  2.5366726327 -1.964301e-03  1.683433e+00
P1007.10393.F.1.LL.2008  0.1911975751  0.0210614975  2.551347e-04  1.201848e-01
P1006.8608.F.4.LL.2008   3.3443196613  5.4848230465 -4.222603e-03 -1.795699e+00
P0959.10278.F.1.LL.2008 -0.0345417366 -0.0713949095  4.738112e-04 -3.514503e-02
P0937.8529.F.3.LL.2008  -0.0042592470 -0.0063458941  4.415290e-05 -1.771128e-04
P0936.8643.F.1.LL.2008  -0.8031274491 -5.5871552657 -1.468931e-02 -5.661215e+00
                               PCNM21
P3126.10395.F.1.LL.2008  2.188769e-03
P3086.10187.F.2.LL.2008  2.386800e-03
P2964.10346.F.1.LL.2008 -2.436441e-03
P2917.8445.F.3.LL.2008   5.741279e-05
P1814.10334.F.1.LL.2008 -2.451779e-02
P1810.8510.F.1.LL.2008   1.032951e-03
P1769.10393.F.1.LL.2008  1.337824e-02
P1747.11208.F.1.LL.2008  8.790919e-04
P1739.8510.F.1.LL.2008   1.032951e-03
P1682.13673.F.2.LL.2008  2.381012e-03
P1679.8685.F.2.LL.2008   6.608878e-03
P1610.10338.F.1.LL.2008  5.269465e-03
P1602.10413.F.1.LL.2008  3.024004e+00
P1554.10372.F.1.LL.2008  2.688860e+00
P1495.10699.F.1.LL.2008  2.779639e-01
P1492.8655.F.1.LL.2008   2.717717e-02
P1401.13668.F.1.LL.2008  1.677159e-03
P1391.10699.F.1.LL.2008  2.779639e-01
P1379.10640.F.1.LL.2008 -5.449120e-03
P1358.10640.F.1.LL.2008 -5.449120e-03
P1357.8700.F.1.LL.2008  -3.436696e-04
P1350.10395.F.1.LL.2008  2.188769e-03
P1336.10338.F.1.LL.2008  2.950668e-04
P1294.10200.F.3.LL.2008 -1.692720e+00
P1275.10200.F.3.LL.2008 -1.692720e+00
P1262.8686.F.1.LL.2008   2.362867e-03
P1257.10278.F.1.LL.2008  4.096772e-03
P1189.8469.F.2.LL.2008  -4.133580e+00
P1156.8529.F.3.LL.2008  -3.890799e-03
P1147.8397.F.5.LL.2008  -1.145304e-02
P1126.8700.F.1.LL.2008  -3.436696e-04
P1122.8643.F.1.LL.2008   2.683669e-01
P1117.12049.F.1.LL.2008 -4.642644e-02
P1113.10334.F.1.LL.2008  1.002027e-02
P1112.8258.F.6.LL.2008   9.895534e-05
P1109.10338.F.1.LL.2008  2.950668e-04
P1069.8393.F.2.LL.2008  -6.916855e-04
P1038.7920.F.1.LL.2008  -3.890799e-03
P1035.10338.F.1.LL.2008  2.950668e-04
P1019.10929.F.1.LL.2008  2.340577e-06
P1011.10429.F.1.LL.2008 -3.436696e-04
P1009.10200.F.3.LL.2008  2.683669e-01
P1007.10393.F.1.LL.2008  1.337824e-02
P1006.8608.F.4.LL.2008  -6.115215e+00
P0959.10278.F.1.LL.2008  4.096772e-03
P0937.8529.F.3.LL.2008   3.325531e-03
P0936.8643.F.1.LL.2008  -2.179634e+00
[1] "CCA with weighted PCNM"

Call:
cca(formula = comm_obj ~ scores(Wpcnm) + Season + Age, data = meta_sub) 

Partitioning of scaled Chi-square:
              Inertia Proportion
Total          1.3082     1.0000
Constrained    0.8351     0.6383
Unconstrained  0.4732     0.3617

Eigenvalues, and their contribution to the scaled Chi-square 

Importance of components:
                        CCA1   CCA2    CCA3    CCA4    CCA5    CCA6    CCA7
Eigenvalue            0.3230 0.1762 0.11849 0.05757 0.05089 0.04077 0.02185
Proportion Explained  0.2469 0.1347 0.09057 0.04400 0.03890 0.03116 0.01670
Cumulative Proportion 0.2469 0.3816 0.47215 0.51615 0.55506 0.58622 0.60293
                         CCA8    CCA9    CCA10    CCA11     CCA12     CCA13
Eigenvalue            0.01550 0.01431 0.011307 0.003634 0.0011227 0.0004211
Proportion Explained  0.01185 0.01094 0.008643 0.002778 0.0008582 0.0003219
Cumulative Proportion 0.61477 0.62571 0.634356 0.637134 0.6379920 0.6383139
                         CA1     CA2     CA3     CA4     CA5     CA6     CA7
Eigenvalue            0.1819 0.07527 0.05690 0.04513 0.03358 0.02890 0.02258
Proportion Explained  0.1390 0.05754 0.04349 0.03449 0.02567 0.02209 0.01726
Cumulative Proportion 0.7773 0.83487 0.87836 0.91286 0.93853 0.96062 0.97788
                           CA8      CA9     CA10    CA11      CA12      CA13
Eigenvalue            0.010305 0.008802 0.005548 0.00335 0.0006309 0.0003087
Proportion Explained  0.007877 0.006728 0.004241 0.00256 0.0004823 0.0002360
Cumulative Proportion 0.985752 0.992480 0.996721 0.99928 0.9997640 1.0000000

Accumulated constrained eigenvalues
Importance of components:
                        CCA1   CCA2   CCA3    CCA4    CCA5    CCA6    CCA7
Eigenvalue            0.3230 0.1762 0.1185 0.05757 0.05089 0.04077 0.02185
Proportion Explained  0.3868 0.2110 0.1419 0.06894 0.06095 0.04882 0.02617
Cumulative Proportion 0.3868 0.5978 0.7397 0.80862 0.86957 0.91839 0.94456
                         CCA8    CCA9   CCA10    CCA11    CCA12     CCA13
Eigenvalue            0.01550 0.01431 0.01131 0.003634 0.001123 0.0004211
Proportion Explained  0.01856 0.01714 0.01354 0.004352 0.001345 0.0005043
Cumulative Proportion 0.96312 0.98026 0.99380 0.998151 0.999496 1.0000000

Scaling 2 for species and site scores
* Species are scaled proportional to eigenvalues
* Sites are unscaled: weighted dispersion equal on all dimensions


Species scores

                                             CCA1     CCA2      CCA3       CCA4
7043c33d20fcae3fe26d9ce4b0c125e265e1abd0 -0.17438  0.04564  1.039741 -0.3255023
196c5cfa4dc50b44d41aa0758e281103c5bdd5e2  0.69713 -0.23075 -0.104213 -0.0474192
e99e61ca834a7c493182e0315e383ee41547dbd0 -0.32991  0.14393  0.097057  0.1651611
8e4cf2b1369f3463868939e2f33b57232bea618d -0.17215  0.23646  0.000656  0.0704315
b212ce219f884c266dda7a85b0a4fa6e797e0c54 -0.49967  0.33252 -0.472597 -0.1585858
e6aa12974247b6ec7fae3e25aeffa1d7bd744ec2 -0.64849  0.26229 -0.143442  0.1543084
0d02df0bfe003e6a1c79cb70ea485a0d5572ce2d -0.18291  0.34963 -0.216381 -0.2872219
6263d2de888216e2ccb06dadb2eedafe1853eaeb  0.17745  0.12981  0.221261  0.5887529
ed431e1f7f124b162542909fd06aabe258956802 -0.18493  0.41144  0.098040  0.3150922
d8f5b3d86a4953eb85a9db29ae3a8f1c088aeb3c -0.97067 -1.01695 -0.020922  0.1076966
2657f398b7d9c27f3ca37479ca5030a17190cc42 -1.30237 -1.43652 -0.157400 -0.0006813
b6ffefa097567d8148f17ad0e06154f1647669ee  0.31594  0.11433 -0.173614 -0.0392570
c2a100a45b06564caab49637e5c2a042f0de5bfd -0.06103  0.11626  0.222937 -0.0072407
4f2c2b2652b4915634ce618875b7b0fd2fdebcd4 -0.68987  0.48536 -0.117524  0.0373837
                                             CCA5     CCA6
7043c33d20fcae3fe26d9ce4b0c125e265e1abd0 -0.09570  0.09077
196c5cfa4dc50b44d41aa0758e281103c5bdd5e2 -0.09450 -0.00561
e99e61ca834a7c493182e0315e383ee41547dbd0 -0.17419 -0.18808
8e4cf2b1369f3463868939e2f33b57232bea618d  0.09460 -0.10939
b212ce219f884c266dda7a85b0a4fa6e797e0c54 -0.12155  0.56279
e6aa12974247b6ec7fae3e25aeffa1d7bd744ec2 -0.23832 -0.03220
0d02df0bfe003e6a1c79cb70ea485a0d5572ce2d  0.40618 -0.21003
6263d2de888216e2ccb06dadb2eedafe1853eaeb  0.20870  0.01835
ed431e1f7f124b162542909fd06aabe258956802  0.06223  0.15770
d8f5b3d86a4953eb85a9db29ae3a8f1c088aeb3c  0.03536 -0.04819
2657f398b7d9c27f3ca37479ca5030a17190cc42  0.13371 -0.02246
b6ffefa097567d8148f17ad0e06154f1647669ee  0.03006 -0.12472
c2a100a45b06564caab49637e5c2a042f0de5bfd  0.35656  0.18707
4f2c2b2652b4915634ce618875b7b0fd2fdebcd4 -0.49378 -0.36724


Site scores (weighted averages of species scores)

                            CCA1      CCA2       CCA3     CCA4      CCA5
P1109.10338.F.1.LL.2008  0.71756 -0.251706  1.7003533 -0.57228  0.294016
P2964.10346.F.1.LL.2008  0.64406  0.009376  0.0900686 -0.49870  0.367474
P1610.10338.F.1.LL.2008  0.79782 -0.048507 -0.4367705  0.28247  0.285712
P1006.8608.F.4.LL.2008   0.73348 -0.180118 -0.3713303 -1.29930  1.487425
P3126.10395.F.1.LL.2008  1.68418 -0.895381 -0.8457756 -0.63808 -1.014600
P2917.8445.F.3.LL.2008   1.28770 -0.501771 -0.2343039  1.32816 -0.439841
P0936.8643.F.1.LL.2008  -0.12711  0.306639 -0.3732828  1.56559 -1.056912
P1810.8510.F.1.LL.2008   0.89142 -0.429953 -0.1920751 -1.10508 -0.472772
P1679.8685.F.2.LL.2008   1.16399 -0.551644 -0.0003943 -0.81728 -0.401795
P3086.10187.F.2.LL.2008  1.15450 -0.567739 -0.3340170 -0.19544 -0.175499
P1401.13668.F.1.LL.2008 -1.01027 -0.870414 -0.0283041  3.09783  0.277312
P1379.10640.F.1.LL.2008 -1.06346  0.311410  2.6957095 -0.88758 -1.961108
P1011.10429.F.1.LL.2008 -0.82681  1.172795 -1.0718607 -0.38614  0.273822
P1275.10200.F.3.LL.2008 -0.49955  1.150026 -0.4889388 -0.65427  0.538335
P1117.12049.F.1.LL.2008 -1.07024  1.616772 -1.0938533 -0.36950 -0.735313
P1294.10200.F.3.LL.2008 -0.73428  1.197479 -1.4391602 -0.67694 -0.006117
P1350.10395.F.1.LL.2008 -0.65140  1.034433 -0.4829080  0.52048 -0.225028
P1113.10334.F.1.LL.2008 -1.07700  1.155340 -1.1602739  0.01808 -3.104535
P1357.8700.F.1.LL.2008  -0.18175  0.093824 -0.0093379  0.17136 -1.460098
P1038.7920.F.1.LL.2008  -0.98131  0.923391  2.4207293 -1.28212 -1.905844
P1747.11208.F.1.LL.2008  0.54495 -0.170410  1.3862436 -1.78373 -0.451214
P1189.8469.F.2.LL.2008   0.60154 -0.319424  1.9765841 -1.22503 -0.307887
P1495.10699.F.1.LL.2008  0.37879  0.458382  0.5337923  2.27009  2.547609
P1739.8510.F.1.LL.2008   0.09191  0.687193  0.3278509  2.77848  0.219907
P1602.10413.F.1.LL.2008  0.76745 -0.583069 -0.1205368  1.03602 -0.355147
P0937.8529.F.3.LL.2008  -0.42023  1.039880  0.1533601  0.09875  3.496780
P1019.10929.F.1.LL.2008 -0.06285  0.420541 -0.1785507  0.10434  0.556026
P1126.8700.F.1.LL.2008   0.85157 -0.319538  1.1049578  0.06073 -0.855881
P1147.8397.F.5.LL.2008  -0.36924  1.121148 -0.9460786 -2.82597  3.882441
P0959.10278.F.1.LL.2008 -0.89632  1.049447 -0.3525029  0.39137 -2.639254
P1492.8655.F.1.LL.2008   0.43841  0.217635  1.5245210  0.59656  1.540700
P1112.8258.F.6.LL.2008  -0.49681  0.968589 -0.5638659 -0.03606 -2.992048
P1122.8643.F.1.LL.2008  -0.44546  0.547850 -0.3121730  2.01509 -0.114816
P1007.10393.F.1.LL.2008 -0.78129  1.070787 -1.3451263 -1.52052  1.014549
P1391.10699.F.1.LL.2008  0.41661  0.404712  1.6251375  3.23729  2.570968
P1336.10338.F.1.LL.2008 -0.77195  0.706968 -0.1935046  0.69908 -0.957325
P1257.10278.F.1.LL.2008 -1.47607  1.014073  0.5501665  0.50327 -3.593849
P1035.10338.F.1.LL.2008 -1.03412  1.146616 -1.2790168 -0.05980 -1.099826
P1262.8686.F.1.LL.2008  -0.41057  0.389229  0.6843849  3.40815  1.245281
P1682.13673.F.2.LL.2008 -0.41105  1.270154  1.4418020  0.10424  3.604794
P1009.10200.F.3.LL.2008 -1.13750  0.849765  0.9282386  0.17818 -2.106897
P1814.10334.F.1.LL.2008 -0.46898  0.721202  3.4226200 -1.79179  2.279336
P1769.10393.F.1.LL.2008 -0.61711  1.258515  0.4847810 -0.24228  1.061410
P1554.10372.F.1.LL.2008 -0.52850  0.067389  6.6911299 -4.24263 -0.358593
P1156.8529.F.3.LL.2008  -1.05160  0.958383  2.6391570 -1.64901 -2.877291
P1358.10640.F.1.LL.2008 -3.06761 -5.234201 -0.8841188  0.89394  0.837938
P1069.8393.F.2.LL.2008  -0.13338  0.549350  1.8995852  4.13159  3.343977
                            CCA6
P1109.10338.F.1.LL.2008  1.10133
P2964.10346.F.1.LL.2008  0.43677
P1610.10338.F.1.LL.2008 -0.12020
P1006.8608.F.4.LL.2008  -1.13020
P3126.10395.F.1.LL.2008 -0.12571
P2917.8445.F.3.LL.2008   0.17908
P0936.8643.F.1.LL.2008  -0.65704
P1810.8510.F.1.LL.2008   2.28536
P1679.8685.F.2.LL.2008  -0.27822
P3086.10187.F.2.LL.2008 -0.33775
P1401.13668.F.1.LL.2008 -1.07043
P1379.10640.F.1.LL.2008  0.35147
P1011.10429.F.1.LL.2008  1.27008
P1275.10200.F.3.LL.2008 -1.44325
P1117.12049.F.1.LL.2008 -1.53547
P1294.10200.F.3.LL.2008  2.89949
P1350.10395.F.1.LL.2008 -1.04947
P1113.10334.F.1.LL.2008  1.96371
P1357.8700.F.1.LL.2008   0.04299
P1038.7920.F.1.LL.2008  -0.38322
P1747.11208.F.1.LL.2008  1.35334
P1189.8469.F.2.LL.2008   0.45356
P1495.10699.F.1.LL.2008 -0.09860
P1739.8510.F.1.LL.2008   0.90284
P1602.10413.F.1.LL.2008  0.23311
P0937.8529.F.3.LL.2008   0.88759
P1019.10929.F.1.LL.2008 -1.25417
P1126.8700.F.1.LL.2008   0.31351
P1147.8397.F.5.LL.2008  -2.10017
P0959.10278.F.1.LL.2008 -1.38200
P1492.8655.F.1.LL.2008   1.20838
P1112.8258.F.6.LL.2008  -1.03376
P1122.8643.F.1.LL.2008   0.04860
P1007.10393.F.1.LL.2008  1.30799
P1391.10699.F.1.LL.2008  0.54726
P1336.10338.F.1.LL.2008  0.88938
P1257.10278.F.1.LL.2008 -2.79342
P1035.10338.F.1.LL.2008  4.14212
P1262.8686.F.1.LL.2008   0.81536
P1682.13673.F.2.LL.2008 -0.60264
P1009.10200.F.3.LL.2008 -0.19666
P1814.10334.F.1.LL.2008  0.05560
P1769.10393.F.1.LL.2008  2.93592
P1554.10372.F.1.LL.2008  1.95498
P1156.8529.F.3.LL.2008  -1.13256
P1358.10640.F.1.LL.2008 -0.04507
P1069.8393.F.2.LL.2008  -0.10181


Site constraints (linear combinations of constraining variables)

                             CCA1     CCA2     CCA3      CCA4     CCA5     CCA6
P1109.10338.F.1.LL.2008  0.643063 -0.82750  1.88413 -1.090750 -0.95068  0.66756
P2964.10346.F.1.LL.2008  0.606467 -0.96074  0.15074 -0.138015 -0.18404  0.08308
P1610.10338.F.1.LL.2008  0.300148 -0.17408 -0.34106  0.965381  0.01839 -0.16376
P1006.8608.F.4.LL.2008   0.692180 -0.26419 -0.64772 -0.818467  0.69653 -1.24658
P3126.10395.F.1.LL.2008  1.548128 -0.34711 -1.12155 -0.836018 -0.28638  0.27570
P2917.8445.F.3.LL.2008   1.187890 -0.33566 -0.04837  0.168823 -0.64981  0.03137
P0936.8643.F.1.LL.2008   0.087801  0.34716  0.48132 -0.251667 -1.33725  0.29914
P1810.8510.F.1.LL.2008   0.507159 -0.22478  0.88929  0.374375  0.73905  0.99151
P1679.8685.F.2.LL.2008   1.187890 -0.33566 -0.04837  0.168823 -0.64981  0.03137
P3086.10187.F.2.LL.2008  1.174522 -1.50672 -0.34383 -0.438759 -0.27137 -0.54530
P1401.13668.F.1.LL.2008 -0.002214  0.39388  0.11086  1.427544 -0.18489 -0.70728
P1379.10640.F.1.LL.2008 -1.085172  0.52713  1.69164  0.409981 -1.89573  0.06567
P1011.10429.F.1.LL.2008 -1.572874  0.15366 -1.38895  0.890593  0.86788  1.29471
P1275.10200.F.3.LL.2008 -0.558977  1.30282 -0.55195 -0.429014  0.79678 -1.34294
P1117.12049.F.1.LL.2008 -1.569387 -0.19458 -0.94520  0.690785 -1.72320 -0.19756
P1294.10200.F.3.LL.2008 -0.659354  0.92575 -1.41174 -1.000350  0.27269  2.79123
P1350.10395.F.1.LL.2008 -0.209577  1.80644 -0.55479  0.444279  0.43717 -1.13999
P1113.10334.F.1.LL.2008 -1.569387 -0.19458 -0.94520  0.690785 -1.72320 -0.19756
P1357.8700.F.1.LL.2008  -0.429713 -0.27901  1.24153 -0.402668  0.41710 -0.91924
P1038.7920.F.1.LL.2008  -0.361791 -1.16217  1.30660 -0.652191 -0.85876 -0.96347
P1747.11208.F.1.LL.2008  0.030715  0.01620  0.57079  0.192716  0.62165  0.72793
P1189.8469.F.2.LL.2008   0.575141  0.05565  1.81907 -0.841227  0.32519  0.71179
P1495.10699.F.1.LL.2008 -0.103707  0.97710  1.06711  1.293621 -0.15725  0.93289
P1739.8510.F.1.LL.2008  -0.015538 -0.72088  0.72374  1.926064  1.04135  0.09738
P1602.10413.F.1.LL.2008 -0.015538 -0.72088  0.72374  1.926064  1.04135  0.09738
P0937.8529.F.3.LL.2008  -0.802367 -0.40140  0.58339 -1.120844  3.16745  0.70634
P1019.10929.F.1.LL.2008 -0.185597  1.12291  0.62927 -0.851920  0.25837 -0.80226
P1126.8700.F.1.LL.2008   0.849795 -0.11258  0.98655  0.218319 -0.67370  0.42209
P1147.8397.F.5.LL.2008  -0.970926  0.45290 -0.39216 -1.340013  1.47075 -1.29088
P0959.10278.F.1.LL.2008 -0.756627 -0.53410  0.67081 -0.480822  2.22192 -2.09415
P1492.8655.F.1.LL.2008   0.030715  0.01620  0.57079  0.192716  0.62165  0.72793
P1112.8258.F.6.LL.2008  -0.188850  1.42386 -0.51581  0.210625 -1.24900  0.65104
P1122.8643.F.1.LL.2008   0.219413  2.48887  1.13661  0.761216 -0.75309 -0.90738
P1007.10393.F.1.LL.2008  0.258356  1.39849 -0.63101 -1.185667 -0.36812  0.27875
P1391.10699.F.1.LL.2008  0.547814  0.05105  0.92637  3.394473  3.27721  0.58096
P1336.10338.F.1.LL.2008 -0.035785  0.09395  1.13218  1.044099 -1.43312  0.88866
P1257.10278.F.1.LL.2008 -1.963024  1.00478  0.06743 -0.511590 -2.04379 -2.08415
P1035.10338.F.1.LL.2008  0.100408  1.77752 -1.44711 -0.372679  0.28695 -0.02964
P1262.8686.F.1.LL.2008  -0.103707  0.97710  1.06711  1.293621 -0.15725  0.93289
P1682.13673.F.2.LL.2008 -0.173949  0.88659  0.83204 -0.695481  3.05684  0.07155
P1009.10200.F.3.LL.2008  0.030715  0.01620  0.57079  0.192716  0.62165  0.72793
P1814.10334.F.1.LL.2008 -1.260184  0.09924  0.53913 -0.756709 -0.06520 -0.61020
P1769.10393.F.1.LL.2008  0.019880  1.23031  0.41625 -0.002144 -0.06139  0.34337
P1554.10372.F.1.LL.2008 -0.919871 -0.49593  6.24770 -3.200148 -0.30426  2.15758
P1156.8529.F.3.LL.2008  -0.185597  1.12291  0.62927 -0.851920  0.25837 -0.80226
P1358.10640.F.1.LL.2008 -2.303775 -2.95209 -0.43067 -0.309487  0.37059  0.19821
P1069.8393.F.2.LL.2008   0.105026 -0.57387 -0.98869  5.181358  1.54298  0.63533


Biplot scores for constraining variables

                        CCA1       CCA2     CCA3      CCA4     CCA5     CCA6
scores(Wpcnm)PCNM1  -0.45749 -0.3023887 -0.09303  0.411701 -0.06396 -0.07172
scores(Wpcnm)PCNM2  -0.02208  0.0415223 -0.44416 -0.386493  0.13334  0.18851
scores(Wpcnm)PCNM3   0.13996 -0.1416756 -0.39017  0.158801 -0.22107 -0.02228
scores(Wpcnm)PCNM4  -0.19917  0.2550208  0.05091  0.310983  0.15172  0.08499
scores(Wpcnm)PCNM5  -0.04311  0.3194438 -0.17359 -0.133500 -0.01177 -0.17504
scores(Wpcnm)PCNM6   0.01832 -0.2263233 -0.07841 -0.322261  0.17946 -0.43163
scores(Wpcnm)PCNM7  -0.04126  0.0233011 -0.13336 -0.142793 -0.09272  0.43423
scores(Wpcnm)PCNM8  -0.29075  0.4535455  0.01360  0.032881 -0.15068 -0.32157
scores(Wpcnm)PCNM9  -0.06763 -0.0202115  0.10053  0.063118 -0.30136 -0.09478
scores(Wpcnm)PCNM10 -0.66709 -0.1514561 -0.08773 -0.114548 -0.05980  0.18426
scores(Wpcnm)PCNM11  0.08633  0.0083403  0.02113 -0.087444  0.31500 -0.01146
scores(Wpcnm)PCNM12 -0.12646 -0.1459738  0.13667 -0.079454 -0.06362  0.06199
scores(Wpcnm)PCNM13 -0.02434  0.3782694  0.32138 -0.008462 -0.23658 -0.07022
scores(Wpcnm)PCNM14 -0.03060 -0.1650522 -0.00833 -0.031633 -0.20333 -0.14721
scores(Wpcnm)PCNM15  0.02063 -0.0210334  0.13293 -0.108005 -0.04207 -0.08362
scores(Wpcnm)PCNM16  0.17697 -0.1196118 -0.09533 -0.017345 -0.29970 -0.40935
scores(Wpcnm)PCNM17 -0.13223  0.1520617 -0.09280 -0.043150  0.01182 -0.20310
scores(Wpcnm)PCNM18 -0.13854  0.0893468  0.30869 -0.450583 -0.15759  0.13422
scores(Wpcnm)PCNM19  0.04414  0.0005177  0.03185  0.275402  0.22116 -0.01228
scores(Wpcnm)PCNM20 -0.07261  0.0844773 -0.11195 -0.195017 -0.23099  0.08425
scores(Wpcnm)PCNM21 -0.15389  0.2083362 -0.48877 -0.031062  0.05663 -0.19755
SeasonLate Spring    0.11730 -0.3822713 -0.41651 -0.078577 -0.44615  0.01628
Age                 -0.19907 -0.3912205  0.15845  0.010435  0.42810 -0.28666


Centroids for factor constraints

                       CCA1    CCA2    CCA3     CCA4    CCA5     CCA6
SeasonEarly Spring -0.16859  0.5494  0.5986  0.11293  0.6412 -0.02339
SeasonLate Spring   0.08162 -0.2660 -0.2898 -0.05467 -0.3104  0.01133

[1] "Multiscale ordination"
null device 
          1 
[1] "Variance partitioning"
Warning messages:
1: collinearity detected in X1: mm = 28, m = 25 
2: collinearity detected in cbind(X1,X2): mm = 49, m = 46 

Partition of variance in RDA 

Call: varpart(Y = comm_obj, X = ~., scores(UWpcnm), data = meta_sub,
transfo = "hel")
Species transformation:  hellinger
Explanatory tables:
X1:  ~.
X2:  scores(UWpcnm) 

No. of explanatory tables: 2 
Total variation (SS): 11.399 
            Variance: 0.24781 
No. of observations: 47 

Partition table:
                     Df R.squared Adj.R.squared Testable
[a+b] = X1           25   0.56828       0.05434     TRUE
[b+c] = X2           21   0.51077       0.09981     TRUE
[a+b+c] = X1+X2      46   1.00000                   TRUE
Individual fractions                                    
[a] = X1|X2          25                             TRUE
[b]                   0                            FALSE
[c] = X2|X1          21                             TRUE
[d] = Residuals                                    FALSE
---
Use function ‘rda’ to test significance of fractions of interest
null device 
          1 
[1] "Testing with RDA (full model)"
Call: rda(formula = decostand(comm_obj, "hel") ~ Age + Month + Season +
CollectionDate + BirthYear, data = meta_sub)

              Inertia Proportion Rank
Total          0.2478     1.0000     
Constrained    0.1408     0.5683   14
Unconstrained  0.1070     0.4317   14
Inertia is variance 
Some constraints were aliased because they were collinear (redundant)

Eigenvalues for constrained axes:
   RDA1    RDA2    RDA3    RDA4    RDA5    RDA6    RDA7    RDA8    RDA9   RDA10 
0.04823 0.03008 0.01963 0.01399 0.00767 0.00651 0.00488 0.00327 0.00237 0.00190 
  RDA11   RDA12   RDA13   RDA14 
0.00120 0.00074 0.00019 0.00017 

Eigenvalues for unconstrained axes:
    PC1     PC2     PC3     PC4     PC5     PC6     PC7     PC8     PC9    PC10 
0.03282 0.02280 0.01387 0.01159 0.00651 0.00618 0.00484 0.00320 0.00248 0.00116 
   PC11    PC12    PC13    PC14 
0.00070 0.00046 0.00025 0.00012 

Permutation test for rda under reduced model
Permutation: free
Number of permutations: 999

Model: rda(formula = decostand(comm_obj, "hel") ~ Age + Month + Season + CollectionDate + BirthYear, data = meta_sub)
         Df Variance      F Pr(>F)
Model    25  0.14083 1.1057  0.263
Residual 21  0.10698              
$r.squared
[1] 0.5682845

$adj.r.squared
[1] 0.05433758

[1] "Testing with partial RDA (fraction [a])"
No residual component

Model: rda(formula = decostand(comm_obj, "hel") ~ Age + Month + Season + CollectionDate + BirthYear + Condition(scores(UWpcnm)), data = meta_sub)
         Df Variance F Pr(>F)
Model    25  0.12124         
Residual  0  0.00000         
$r.squared
[1] 0.489232

$adj.r.squared
[1] NA

[1] "Forward selection for parsimonious model"
[1] "Environmental variables"
Step: R2.adj= 0 
Call: decostand(comm_obj, "hel") ~ 1 
 
                   R2.adjusted
+ CollectionDate  0.0687005469
<All variables>   0.0543375795
+ Month           0.0275239284
+ Season          0.0275239284
<none>            0.0000000000
+ Age            -0.0002899811
+ BirthYear      -0.0002899811

Call: rda(formula = decostand(comm_obj, "hel") ~ 1, data = meta_sub)

              Inertia Rank
Total          0.2478     
Unconstrained  0.2478   14
Inertia is variance 

Eigenvalues for unconstrained axes:
    PC1     PC2     PC3     PC4     PC5     PC6     PC7     PC8     PC9    PC10 
0.07720 0.04985 0.03125 0.02727 0.01594 0.01148 0.01079 0.00854 0.00527 0.00427 
   PC11    PC12    PC13    PC14 
0.00266 0.00180 0.00089 0.00061 

No constrained component

Model: rda(formula = decostand(comm_obj, "hel") ~ 1, data = meta_sub)
         Df Variance  F Pr(>F)
Model     0  0.00000  0       
Residual 46  0.24781          
NULL
null device 
          1 
[1] "Spatial variables"
Step: R2.adj= 0 
Call: decostand(comm_obj, "hel") ~ 1 
 
                  R2.adjusted
<All variables>  0.0998131495
+ PCNM13         0.0659319317
+ PCNM21         0.0258462417
+ PCNM8          0.0235419057
+ PCNM3          0.0177170178
+ PCNM1          0.0078846214
+ PCNM20         0.0067852082
+ PCNM6          0.0024773536
+ PCNM14         0.0012064329
<none>           0.0000000000
+ PCNM5         -0.0001773580
+ PCNM19        -0.0001804681
+ PCNM11        -0.0001919137
+ PCNM17        -0.0040747671
+ PCNM10        -0.0062010438
+ PCNM18        -0.0071934483
+ PCNM4         -0.0074120609
+ PCNM2         -0.0074650110
+ PCNM16        -0.0078816080
+ PCNM7         -0.0106924281
+ PCNM15        -0.0132007242
+ PCNM9         -0.0138775721
+ PCNM12        -0.0173905601

         Df     AIC      F Pr(>F)   
+ PCNM13  1 -66.819 4.2469  0.006 **
---
Signif. codes:  0 ‘***’ 0.001 ‘**’ 0.01 ‘*’ 0.05 ‘.’ 0.1 ‘ ’ 1

Step: R2.adj= 0.06593193 
Call: decostand(comm_obj, "hel") ~ PCNM13 
 
                R2.adjusted
<All variables>  0.09981315
+ PCNM21         0.09386404
+ PCNM8          0.09150733
+ PCNM3          0.08555006
+ PCNM1          0.07549420
+ PCNM20         0.07436980
+ PCNM6          0.06996404
+ PCNM14         0.06866424
+ PCNM5          0.06724900
+ PCNM19         0.06724582
+ PCNM11         0.06723411
<none>           0.06593193
+ PCNM17         0.06326301
+ PCNM10         0.06108841
+ PCNM18         0.06007345
+ PCNM4          0.05984987
+ PCNM2          0.05979571
+ PCNM16         0.05936965
+ PCNM7          0.05649495
+ PCNM15         0.05392964
+ PCNM9          0.05323741
+ PCNM12         0.04964458

         Df     AIC      F Pr(>F)   
+ PCNM21  1 -67.302 2.3871   0.01 **
---
Signif. codes:  0 ‘***’ 0.001 ‘**’ 0.01 ‘*’ 0.05 ‘.’ 0.1 ‘ ’ 1

Step: R2.adj= 0.09386404 
Call: decostand(comm_obj, "hel") ~ PCNM13 + PCNM21 
 
                R2.adjusted
+ PCNM8          0.12068380
+ PCNM3          0.11458799
+ PCNM1          0.10429827
+ PCNM20         0.10314772
<All variables>  0.09981315
+ PCNM6          0.09863950
+ PCNM14         0.09730947
+ PCNM5          0.09586132
+ PCNM19         0.09585806
+ PCNM11         0.09584609
<none>           0.09386404
+ PCNM17         0.09178263
+ PCNM10         0.08955746
+ PCNM18         0.08851890
+ PCNM4          0.08829012
+ PCNM2          0.08823470
+ PCNM16         0.08779873
+ PCNM7          0.08485718
+ PCNM15         0.08223221
+ PCNM9          0.08152388
+ PCNM12         0.07784750

Call: rda(formula = decostand(comm_obj, "hel") ~ PCNM13 + PCNM21, data
= pcnm_df)

              Inertia Proportion Rank
Total         0.24781    1.00000     
Constrained   0.03302    0.13326    2
Unconstrained 0.21479    0.86674   14
Inertia is variance 

Eigenvalues for constrained axes:
    RDA1     RDA2 
0.022726 0.010297 

Eigenvalues for unconstrained axes:
    PC1     PC2     PC3     PC4     PC5     PC6     PC7     PC8     PC9    PC10 
0.05695 0.04629 0.03035 0.02244 0.01495 0.01132 0.01050 0.00828 0.00500 0.00285 
   PC11    PC12    PC13    PC14 
0.00258 0.00179 0.00089 0.00060 

Permutation test for rda under reduced model
Permutation: free
Number of permutations: 999

Model: rda(formula = decostand(comm_obj, "hel") ~ PCNM13 + PCNM21, data = pcnm_df)
         Df Variance      F Pr(>F)    
Model     2 0.033023 3.3825  0.001 ***
Residual 44 0.214786                  
---
Signif. codes:  0 ‘***’ 0.001 ‘**’ 0.01 ‘*’ 0.05 ‘.’ 0.1 ‘ ’ 1
                  R2.adj Df     AIC      F Pr(>F)   
+ PCNM13        0.065932  1 -66.819 4.2469  0.006 **
+ PCNM21        0.093864  1 -67.302 2.3871  0.010 **
<All variables> 0.099813                            
---
Signif. codes:  0 ‘***’ 0.001 ‘**’ 0.01 ‘*’ 0.05 ‘.’ 0.1 ‘ ’ 1
null device 
          1 
[1] "Partition Bray-Curtis dissimilarities"

Partition of squared Bray distance in dbRDA 

Call: varpart(Y = vegdist(comm_obj), X = ~., scores(UWpcnm), data =
meta_sub)

Explanatory tables:
X1:  ~.
X2:  scores(UWpcnm) 

No. of explanatory tables: 2 
Total variation (SS): 9.095 
No. of observations: 47 

Partition table:
                     Df R.squared Adj.R.squared Testable
[a+b] = X1           25   0.56035       0.03696     TRUE
[b+c] = X2           21   0.47283       0.03001     TRUE
[a+b+c] = X1+X2      46   1.00000                   TRUE
Individual fractions                                    
[a] = X1|X2          25                             TRUE
[b]                   0                            FALSE
[c] = X2|X1          21                             TRUE
[d] = Residuals                                    FALSE
---
Use function ‘dbrda’ to test significance of fractions of interest
Warning messages:
1: collinearity detected in X1: mm = 28, m = 25 
2: collinearity detected in cbind(X1,X2): mm = 49, m = 46 
[1] "Variation decomposition with parsimonious variables"
Error in terms.formula(formula, data = data) : 
  '.' in formula and no 'data' argument
Calls: varpart ... model.frame -> model.frame.default -> terms -> terms.formula
Execution halted
